-------------------------------------------------------------------------------
Test set: com.personalfinance.walletservice.presentation.controller.WalletControllerIntegrationTest
-------------------------------------------------------------------------------
Tests run: 22, Failures: 3, Errors: 0, Skipped: 0, Time elapsed: 4.524 s <<< FAILURE! -- in com.personalfinance.walletservice.presentation.controller.WalletControllerIntegrationTest
com.personalfinance.walletservice.presentation.controller.WalletControllerIntegrationTest.getWalletsPaged_shouldReturnPagedResults -- Time elapsed: 0.023 s <<< FAILURE!
java.lang.AssertionError: Status expected:<200> but was:<400>
	at org.springframework.test.util.AssertionErrors.fail(AssertionErrors.java:62)
	at org.springframework.test.util.AssertionErrors.assertEquals(AssertionErrors.java:129)
	at org.springframework.test.web.servlet.result.StatusResultMatchers.lambda$matcher$0(StatusResultMatchers.java:600)
	at org.springframework.test.web.servlet.MockMvc$1.andExpect(MockMvc.java:212)
	at com.personalfinance.walletservice.presentation.controller.WalletControllerIntegrationTest.getWalletsPaged_shouldReturnPagedResults(WalletControllerIntegrationTest.java:119)

com.personalfinance.walletservice.presentation.controller.WalletControllerIntegrationTest.getWallets_shouldReturnList -- Time elapsed: 0.027 s <<< FAILURE!
java.lang.AssertionError: JSON path "$.length()" expected:<2> but was:<5>
	at org.springframework.test.util.AssertionErrors.fail(AssertionErrors.java:62)
	at org.springframework.test.util.AssertionErrors.assertEquals(AssertionErrors.java:129)
	at org.springframework.test.util.JsonPathExpectationsHelper.assertValue(JsonPathExpectationsHelper.java:172)
	at org.springframework.test.web.servlet.result.JsonPathResultMatchers.lambda$value$2(JsonPathResultMatchers.java:111)
	at org.springframework.test.web.servlet.MockMvc$1.andExpect(MockMvc.java:212)
	at com.personalfinance.walletservice.presentation.controller.WalletControllerIntegrationTest.getWallets_shouldReturnList(WalletControllerIntegrationTest.java:111)

com.personalfinance.walletservice.presentation.controller.WalletControllerIntegrationTest.getWalletsPaged_shouldExcludeArchived_byDefault -- Time elapsed: 0.019 s <<< FAILURE!
java.lang.AssertionError: Status expected:<200> but was:<400>
	at org.springframework.test.util.AssertionErrors.fail(AssertionErrors.java:62)
	at org.springframework.test.util.AssertionErrors.assertEquals(AssertionErrors.java:129)
	at org.springframework.test.web.servlet.result.StatusResultMatchers.lambda$matcher$0(StatusResultMatchers.java:600)
	at org.springframework.test.web.servlet.MockMvc$1.andExpect(MockMvc.java:212)
	at com.personalfinance.walletservice.presentation.controller.WalletControllerIntegrationTest.getWalletsPaged_shouldExcludeArchived_byDefault(WalletControllerIntegrationTest.java:133)

