<?xml version="1.0" encoding="UTF-8"?>
<testsuite xmlns:xsi="http://www.w3.org/2001/XMLSchema-instance" xsi:noNamespaceSchemaLocation="https://maven.apache.org/surefire/maven-surefire-plugin/xsd/surefire-test-report.xsd" version="3.0.2" name="com.personalfinance.walletservice.controller.WalletControllerIntegrationTest" time="2.948" tests="13" errors="0" skipped="0" failures="0">
  <properties>
[...]
</properties>
  <testcase name="deleteWallet_shouldReturn404_whenNotFound" classname="com.personalfinance.walletservice.controller.WalletControllerIntegrationTest" time="0.283">
    <system-out><![CDATA[2026-03-01T11:40:59.898-05:00  INFO 25782 --- [wallet-service] [           main] t.c.s.AnnotationConfigContextLoaderUtils : Could not detect default configuration classes for test class [com.personalfinance.walletservice.controller.WalletControllerIntegrationTest]: WalletControllerIntegrationTest does not declare any static, non-private, non-final, nested classes annotated with @Configuration.
2026-03-01T11:40:59.904-05:00  INFO 25782 --- [wallet-service] [           main] .b.t.c.SpringBootTestContextBootstrapper : Found @SpringBootConfiguration com.personalfinance.walletservice.WalletServiceApplication for test class com.personalfinance.walletservice.controller.WalletControllerIntegrationTest

  .   ____          _            __ _ _
 /\\ / ___'_ __ _ _(_)_ __  __ _ \ \ \ \
( ( )\___ | '_ | '_| | '_ \/ _` | \ \ \ \
 \\/  ___)| |_)| | | | | || (_| |  ) ) ) )
  '  |____| .__|_| |_|_| |_\__, | / / / /
 =========|_|==============|___/=/_/_/_/

 :: Spring Boot ::                (v4.0.3)

2026-03-01T11:40:59.918-05:00  INFO 25782 --- [wallet-service] [           main] c.p.w.c.WalletControllerIntegrationTest  : Starting WalletControllerIntegrationTest using Java 21 with PID 25782 (started by davukx in /home/davukx/Documents/Projects/PersonalFinance/wallet-service)
2026-03-01T11:40:59.918-05:00  INFO 25782 --- [wallet-service] [           main] c.p.w.c.WalletControllerIntegrationTest  : No active profile set, falling back to 1 default profile: "default"
2026-03-01T11:40:59.999-05:00  INFO 25782 --- [wallet-service] [           main] .s.d.r.c.RepositoryConfigurationDelegate : Bootstrapping Spring Data JPA repositories in DEFAULT mode.
2026-03-01T11:41:00.003-05:00  INFO 25782 --- [wallet-service] [           main] .s.d.r.c.RepositoryConfigurationDelegate : Finished Spring Data repository scanning in 3 ms. Found 1 JPA repository interface.
2026-03-01T11:41:00.050-05:00  INFO 25782 --- [wallet-service] [           main] org.hibernate.orm.jpa                    : HHH008540: Processing PersistenceUnitInfo [name: default]
2026-03-01T11:41:00.058-05:00  INFO 25782 --- [wallet-service] [           main] o.s.o.j.p.SpringPersistenceUnitInfo      : No LoadTimeWeaver setup: ignoring JPA class transformer
2026-03-01T11:41:00.059-05:00  INFO 25782 --- [wallet-service] [           main] com.zaxxer.hikari.HikariDataSource       : HikariPool-2 - Starting...
2026-03-01T11:41:00.060-05:00  INFO 25782 --- [wallet-service] [           main] com.zaxxer.hikari.pool.HikariPool        : HikariPool-2 - Added connection conn10: url=jdbc:h2:mem:testdb user=SA
2026-03-01T11:41:00.060-05:00  INFO 25782 --- [wallet-service] [           main] com.zaxxer.hikari.HikariDataSource       : HikariPool-2 - Start completed.
2026-03-01T11:41:00.060-05:00  INFO 25782 --- [wallet-service] [           main] org.hibernate.orm.connections.pooling    : HHH10001005: Database info:
	Database JDBC URL [jdbc:h2:mem:testdb]
	Database driver: H2 JDBC Driver
	Database dialect: H2Dialect
	Database version: 2.4.240
	Default catalog/schema: TESTDB/PUBLIC
	Autocommit mode: undefined/unknown
	Isolation level: READ_COMMITTED [default READ_COMMITTED]
	JDBC fetch size: 100
	Pool: DataSourceConnectionProvider
	Minimum pool size: undefined/unknown
	Maximum pool size: undefined/unknown
2026-03-01T11:41:00.078-05:00  INFO 25782 --- [wallet-service] [           main] org.hibernate.orm.core                   : HHH000489: No JTA platform available (set 'hibernate.transaction.jta.platform' to enable JTA platform integration)
2026-03-01T11:41:00.081-05:00  INFO 25782 --- [wallet-service] [           main] j.LocalContainerEntityManagerFactoryBean : Initialized JPA EntityManagerFactory for persistence unit 'default'
2026-03-01T11:41:00.103-05:00  WARN 25782 --- [wallet-service] [           main] JpaBaseConfiguration$JpaWebConfiguration : spring.jpa.open-in-view is enabled by default. Therefore, database queries may be performed during view rendering. Explicitly configure spring.jpa.open-in-view to disable this warning
2026-03-01T11:41:00.175-05:00  INFO 25782 --- [wallet-service] [           main] o.s.b.t.m.w.SpringBootMockServletContext : Initializing Spring TestDispatcherServlet ''
2026-03-01T11:41:00.175-05:00  INFO 25782 --- [wallet-service] [           main] o.s.t.web.servlet.TestDispatcherServlet  : Initializing Servlet ''
2026-03-01T11:41:00.177-05:00  INFO 25782 --- [wallet-service] [           main] o.s.b.a.e.web.EndpointLinksResolver      : Exposing 1 endpoint beneath base path '/actuator'
2026-03-01T11:41:00.180-05:00  INFO 25782 --- [wallet-service] [           main] o.s.t.web.servlet.TestDispatcherServlet  : Completed initialization in 5 ms
2026-03-01T11:41:00.190-05:00  INFO 25782 --- [wallet-service] [           main] c.p.w.c.WalletControllerIntegrationTest  : Started WalletControllerIntegrationTest in 0.283 seconds (process running for 3.11)
2026-03-01T11:41:00.471-05:00  INFO 25782 --- [wallet-service] [           main] j.LocalContainerEntityManagerFactoryBean : Closing JPA EntityManagerFactory for persistence unit 'default'
2026-03-01T11:41:00.473-05:00  INFO 25782 --- [wallet-service] [           main] com.zaxxer.hikari.HikariDataSource       : HikariPool-2 - Shutdown initiated...
2026-03-01T11:41:00.475-05:00  INFO 25782 --- [wallet-service] [           main] com.zaxxer.hikari.HikariDataSource       : HikariPool-2 - Shutdown completed.
]]></system-out>
  </testcase>
  <testcase name="getWallet_shouldReturn404_whenBelongsToOtherUser" classname="com.personalfinance.walletservice.controller.WalletControllerIntegrationTest" time="0.082">
    <system-out><![CDATA[
  .   ____          _            __ _ _
 /\\ / ___'_ __ _ _(_)_ __  __ _ \ \ \ \
( ( )\___ | '_ | '_| | '_ \/ _` | \ \ \ \
 \\/  ___)| |_)| | | | | || (_| |  ) ) ) )
  '  |____| .__|_| |_|_| |_\__, | / / / /
 =========|_|==============|___/=/_/_/_/

 :: Spring Boot ::                (v4.0.3)

2026-03-01T11:41:00.489-05:00  INFO 25782 --- [wallet-service] [           main] c.p.w.c.WalletControllerIntegrationTest  : Starting WalletControllerIntegrationTest using Java 21 with PID 25782 (started by davukx in /home/davukx/Documents/Projects/PersonalFinance/wallet-service)
2026-03-01T11:41:00.489-05:00  INFO 25782 --- [wallet-service] [           main] c.p.w.c.WalletControllerIntegrationTest  : No active profile set, falling back to 1 default profile: "default"
2026-03-01T11:41:00.564-05:00  INFO 25782 --- [wallet-service] [           main] .s.d.r.c.RepositoryConfigurationDelegate : Bootstrapping Spring Data JPA repositories in DEFAULT mode.
2026-03-01T11:41:00.569-05:00  INFO 25782 --- [wallet-service] [           main] .s.d.r.c.RepositoryConfigurationDelegate : Finished Spring Data repository scanning in 3 ms. Found 1 JPA repository interface.
2026-03-01T11:41:00.605-05:00  INFO 25782 --- [wallet-service] [           main] org.hibernate.orm.jpa                    : HHH008540: Processing PersistenceUnitInfo [name: default]
2026-03-01T11:41:00.613-05:00  INFO 25782 --- [wallet-service] [           main] o.s.o.j.p.SpringPersistenceUnitInfo      : No LoadTimeWeaver setup: ignoring JPA class transformer
2026-03-01T11:41:00.613-05:00  INFO 25782 --- [wallet-service] [           main] com.zaxxer.hikari.HikariDataSource       : HikariPool-3 - Starting...
2026-03-01T11:41:00.614-05:00  INFO 25782 --- [wallet-service] [           main] com.zaxxer.hikari.pool.HikariPool        : HikariPool-3 - Added connection conn20: url=jdbc:h2:mem:testdb user=SA
2026-03-01T11:41:00.614-05:00  INFO 25782 --- [wallet-service] [           main] com.zaxxer.hikari.HikariDataSource       : HikariPool-3 - Start completed.
2026-03-01T11:41:00.615-05:00  INFO 25782 --- [wallet-service] [           main] org.hibernate.orm.connections.pooling    : HHH10001005: Database info:
	Database JDBC URL [jdbc:h2:mem:testdb]
	Database driver: H2 JDBC Driver
	Database dialect: H2Dialect
	Database version: 2.4.240
	Default catalog/schema: TESTDB/PUBLIC
	Autocommit mode: undefined/unknown
	Isolation level: READ_COMMITTED [default READ_COMMITTED]
	JDBC fetch size: 100
	Pool: DataSourceConnectionProvider
	Minimum pool size: undefined/unknown
	Maximum pool size: undefined/unknown
2026-03-01T11:41:00.630-05:00  INFO 25782 --- [wallet-service] [           main] org.hibernate.orm.core                   : HHH000489: No JTA platform available (set 'hibernate.transaction.jta.platform' to enable JTA platform integration)
2026-03-01T11:41:00.632-05:00  INFO 25782 --- [wallet-service] [           main] j.LocalContainerEntityManagerFactoryBean : Initialized JPA EntityManagerFactory for persistence unit 'default'
2026-03-01T11:41:00.652-05:00  WARN 25782 --- [wallet-service] [           main] JpaBaseConfiguration$JpaWebConfiguration : spring.jpa.open-in-view is enabled by default. Therefore, database queries may be performed during view rendering. Explicitly configure spring.jpa.open-in-view to disable this warning
2026-03-01T11:41:00.715-05:00  INFO 25782 --- [wallet-service] [           main] o.s.b.t.m.w.SpringBootMockServletContext : Initializing Spring TestDispatcherServlet ''
2026-03-01T11:41:00.715-05:00  INFO 25782 --- [wallet-service] [           main] o.s.t.web.servlet.TestDispatcherServlet  : Initializing Servlet ''
2026-03-01T11:41:00.716-05:00  INFO 25782 --- [wallet-service] [           main] o.s.b.a.e.web.EndpointLinksResolver      : Exposing 1 endpoint beneath base path '/actuator'
2026-03-01T11:41:00.718-05:00  INFO 25782 --- [wallet-service] [           main] o.s.t.web.servlet.TestDispatcherServlet  : Completed initialization in 3 ms
2026-03-01T11:41:00.724-05:00  INFO 25782 --- [wallet-service] [           main] c.p.w.c.WalletControllerIntegrationTest  : Started WalletControllerIntegrationTest in 0.247 seconds (process running for 3.644)
2026-03-01T11:41:00.799-05:00  INFO 25782 --- [wallet-service] [           main] j.LocalContainerEntityManagerFactoryBean : Closing JPA EntityManagerFactory for persistence unit 'default'
2026-03-01T11:41:00.800-05:00  INFO 25782 --- [wallet-service] [           main] com.zaxxer.hikari.HikariDataSource       : HikariPool-3 - Shutdown initiated...
2026-03-01T11:41:00.806-05:00  INFO 25782 --- [wallet-service] [           main] com.zaxxer.hikari.HikariDataSource       : HikariPool-3 - Shutdown completed.
]]></system-out>
  </testcase>
  <testcase name="createWallet_shouldReturn401_whenNoUserIdHeader" classname="com.personalfinance.walletservice.controller.WalletControllerIntegrationTest" time="0.032">
    <system-out><![CDATA[
  .   ____          _            __ _ _
 /\\ / ___'_ __ _ _(_)_ __  __ _ \ \ \ \
( ( )\___ | '_ | '_| | '_ \/ _` | \ \ \ \
 \\/  ___)| |_)| | | | | || (_| |  ) ) ) )
  '  |____| .__|_| |_|_| |_\__, | / / / /
 =========|_|==============|___/=/_/_/_/

 :: Spring Boot ::                (v4.0.3)

2026-03-01T11:41:00.818-05:00  INFO 25782 --- [wallet-service] [           main] c.p.w.c.WalletControllerIntegrationTest  : Starting WalletControllerIntegrationTest using Java 21 with PID 25782 (started by davukx in /home/davukx/Documents/Projects/PersonalFinance/wallet-service)
2026-03-01T11:41:00.818-05:00  INFO 25782 --- [wallet-service] [           main] c.p.w.c.WalletControllerIntegrationTest  : No active profile set, falling back to 1 default profile: "default"
2026-03-01T11:41:00.886-05:00  INFO 25782 --- [wallet-service] [           main] .s.d.r.c.RepositoryConfigurationDelegate : Bootstrapping Spring Data JPA repositories in DEFAULT mode.
2026-03-01T11:41:00.889-05:00  INFO 25782 --- [wallet-service] [           main] .s.d.r.c.RepositoryConfigurationDelegate : Finished Spring Data repository scanning in 2 ms. Found 1 JPA repository interface.
2026-03-01T11:41:00.922-05:00  INFO 25782 --- [wallet-service] [           main] org.hibernate.orm.jpa                    : HHH008540: Processing PersistenceUnitInfo [name: default]
2026-03-01T11:41:00.930-05:00  INFO 25782 --- [wallet-service] [           main] o.s.o.j.p.SpringPersistenceUnitInfo      : No LoadTimeWeaver setup: ignoring JPA class transformer
2026-03-01T11:41:00.931-05:00  INFO 25782 --- [wallet-service] [           main] com.zaxxer.hikari.HikariDataSource       : HikariPool-4 - Starting...
2026-03-01T11:41:00.932-05:00  INFO 25782 --- [wallet-service] [           main] com.zaxxer.hikari.pool.HikariPool        : HikariPool-4 - Added connection conn24: url=jdbc:h2:mem:testdb user=SA
2026-03-01T11:41:00.932-05:00  INFO 25782 --- [wallet-service] [           main] com.zaxxer.hikari.HikariDataSource       : HikariPool-4 - Start completed.
2026-03-01T11:41:00.932-05:00  INFO 25782 --- [wallet-service] [           main] org.hibernate.orm.connections.pooling    : HHH10001005: Database info:
	Database JDBC URL [jdbc:h2:mem:testdb]
	Database driver: H2 JDBC Driver
	Database dialect: H2Dialect
	Database version: 2.4.240
	Default catalog/schema: TESTDB/PUBLIC
	Autocommit mode: undefined/unknown
	Isolation level: READ_COMMITTED [default READ_COMMITTED]
	JDBC fetch size: 100
	Pool: DataSourceConnectionProvider
	Minimum pool size: undefined/unknown
	Maximum pool size: undefined/unknown
2026-03-01T11:41:00.946-05:00  INFO 25782 --- [wallet-service] [           main] org.hibernate.orm.core                   : HHH000489: No JTA platform available (set 'hibernate.transaction.jta.platform' to enable JTA platform integration)
2026-03-01T11:41:00.948-05:00  INFO 25782 --- [wallet-service] [           main] j.LocalContainerEntityManagerFactoryBean : Initialized JPA EntityManagerFactory for persistence unit 'default'
2026-03-01T11:41:00.966-05:00  WARN 25782 --- [wallet-service] [           main] JpaBaseConfiguration$JpaWebConfiguration : spring.jpa.open-in-view is enabled by default. Therefore, database queries may be performed during view rendering. Explicitly configure spring.jpa.open-in-view to disable this warning
2026-03-01T11:41:01.022-05:00  INFO 25782 --- [wallet-service] [           main] o.s.b.t.m.w.SpringBootMockServletContext : Initializing Spring TestDispatcherServlet ''
2026-03-01T11:41:01.022-05:00  INFO 25782 --- [wallet-service] [           main] o.s.t.web.servlet.TestDispatcherServlet  : Initializing Servlet ''
2026-03-01T11:41:01.023-05:00  INFO 25782 --- [wallet-service] [           main] o.s.b.a.e.web.EndpointLinksResolver      : Exposing 1 endpoint beneath base path '/actuator'
2026-03-01T11:41:01.025-05:00  INFO 25782 --- [wallet-service] [           main] o.s.t.web.servlet.TestDispatcherServlet  : Completed initialization in 3 ms
2026-03-01T11:41:01.031-05:00  INFO 25782 --- [wallet-service] [           main] c.p.w.c.WalletControllerIntegrationTest  : Started WalletControllerIntegrationTest in 0.223 seconds (process running for 3.951)
2026-03-01T11:41:01.039-05:00  INFO 25782 --- [wallet-service] [           main] j.LocalContainerEntityManagerFactoryBean : Closing JPA EntityManagerFactory for persistence unit 'default'
2026-03-01T11:41:01.042-05:00  INFO 25782 --- [wallet-service] [           main] com.zaxxer.hikari.HikariDataSource       : HikariPool-4 - Shutdown initiated...
2026-03-01T11:41:01.063-05:00  INFO 25782 --- [wallet-service] [           main] com.zaxxer.hikari.HikariDataSource       : HikariPool-4 - Shutdown completed.
]]></system-out>
  </testcase>
  <testcase name="getWallet_shouldReturnWallet" classname="com.personalfinance.walletservice.controller.WalletControllerIntegrationTest" time="0.049">
    <system-out><![CDATA[
  .   ____          _            __ _ _
 /\\ / ___'_ __ _ _(_)_ __  __ _ \ \ \ \
( ( )\___ | '_ | '_| | '_ \/ _` | \ \ \ \
 \\/  ___)| |_)| | | | | || (_| |  ) ) ) )
  '  |____| .__|_| |_|_| |_\__, | / / / /
 =========|_|==============|___/=/_/_/_/

 :: Spring Boot ::                (v4.0.3)

2026-03-01T11:41:01.073-05:00  INFO 25782 --- [wallet-service] [           main] c.p.w.c.WalletControllerIntegrationTest  : Starting WalletControllerIntegrationTest using Java 21 with PID 25782 (started by davukx in /home/davukx/Documents/Projects/PersonalFinance/wallet-service)
2026-03-01T11:41:01.073-05:00  INFO 25782 --- [wallet-service] [           main] c.p.w.c.WalletControllerIntegrationTest  : No active profile set, falling back to 1 default profile: "default"
2026-03-01T11:41:01.133-05:00  INFO 25782 --- [wallet-service] [           main] .s.d.r.c.RepositoryConfigurationDelegate : Bootstrapping Spring Data JPA repositories in DEFAULT mode.
2026-03-01T11:41:01.136-05:00  INFO 25782 --- [wallet-service] [           main] .s.d.r.c.RepositoryConfigurationDelegate : Finished Spring Data repository scanning in 2 ms. Found 1 JPA repository interface.
2026-03-01T11:41:01.163-05:00  INFO 25782 --- [wallet-service] [           main] org.hibernate.orm.jpa                    : HHH008540: Processing PersistenceUnitInfo [name: default]
2026-03-01T11:41:01.170-05:00  INFO 25782 --- [wallet-service] [           main] o.s.o.j.p.SpringPersistenceUnitInfo      : No LoadTimeWeaver setup: ignoring JPA class transformer
2026-03-01T11:41:01.171-05:00  INFO 25782 --- [wallet-service] [           main] com.zaxxer.hikari.HikariDataSource       : HikariPool-5 - Starting...
2026-03-01T11:41:01.171-05:00  INFO 25782 --- [wallet-service] [           main] com.zaxxer.hikari.pool.HikariPool        : HikariPool-5 - Added connection conn26: url=jdbc:h2:mem:testdb user=SA
2026-03-01T11:41:01.172-05:00  INFO 25782 --- [wallet-service] [           main] com.zaxxer.hikari.HikariDataSource       : HikariPool-5 - Start completed.
2026-03-01T11:41:01.172-05:00  INFO 25782 --- [wallet-service] [           main] org.hibernate.orm.connections.pooling    : HHH10001005: Database info:
	Database JDBC URL [jdbc:h2:mem:testdb]
	Database driver: H2 JDBC Driver
	Database dialect: H2Dialect
	Database version: 2.4.240
	Default catalog/schema: TESTDB/PUBLIC
	Autocommit mode: undefined/unknown
	Isolation level: READ_COMMITTED [default READ_COMMITTED]
	JDBC fetch size: 100
	Pool: DataSourceConnectionProvider
	Minimum pool size: undefined/unknown
	Maximum pool size: undefined/unknown
2026-03-01T11:41:01.184-05:00  INFO 25782 --- [wallet-service] [           main] org.hibernate.orm.core                   : HHH000489: No JTA platform available (set 'hibernate.transaction.jta.platform' to enable JTA platform integration)
2026-03-01T11:41:01.186-05:00  INFO 25782 --- [wallet-service] [           main] j.LocalContainerEntityManagerFactoryBean : Initialized JPA EntityManagerFactory for persistence unit 'default'
2026-03-01T11:41:01.201-05:00  WARN 25782 --- [wallet-service] [           main] JpaBaseConfiguration$JpaWebConfiguration : spring.jpa.open-in-view is enabled by default. Therefore, database queries may be performed during view rendering. Explicitly configure spring.jpa.open-in-view to disable this warning
2026-03-01T11:41:01.245-05:00  INFO 25782 --- [wallet-service] [           main] o.s.b.t.m.w.SpringBootMockServletContext : Initializing Spring TestDispatcherServlet ''
2026-03-01T11:41:01.245-05:00  INFO 25782 --- [wallet-service] [           main] o.s.t.web.servlet.TestDispatcherServlet  : Initializing Servlet ''
2026-03-01T11:41:01.246-05:00  INFO 25782 --- [wallet-service] [           main] o.s.b.a.e.web.EndpointLinksResolver      : Exposing 1 endpoint beneath base path '/actuator'
2026-03-01T11:41:01.249-05:00  INFO 25782 --- [wallet-service] [           main] o.s.t.web.servlet.TestDispatcherServlet  : Completed initialization in 4 ms
2026-03-01T11:41:01.253-05:00  INFO 25782 --- [wallet-service] [           main] c.p.w.c.WalletControllerIntegrationTest  : Started WalletControllerIntegrationTest in 0.187 seconds (process running for 4.174)
2026-03-01T11:41:01.283-05:00  INFO 25782 --- [wallet-service] [           main] j.LocalContainerEntityManagerFactoryBean : Closing JPA EntityManagerFactory for persistence unit 'default'
2026-03-01T11:41:01.283-05:00  INFO 25782 --- [wallet-service] [           main] com.zaxxer.hikari.HikariDataSource       : HikariPool-5 - Shutdown initiated...
2026-03-01T11:41:01.302-05:00  INFO 25782 --- [wallet-service] [           main] com.zaxxer.hikari.HikariDataSource       : HikariPool-5 - Shutdown completed.
]]></system-out>
  </testcase>
  <testcase name="updateWallet_shouldReturn404_whenNotFound" classname="com.personalfinance.walletservice.controller.WalletControllerIntegrationTest" time="0.012">
    <system-out><![CDATA[
  .   ____          _            __ _ _
 /\\ / ___'_ __ _ _(_)_ __  __ _ \ \ \ \
( ( )\___ | '_ | '_| | '_ \/ _` | \ \ \ \
 \\/  ___)| |_)| | | | | || (_| |  ) ) ) )
  '  |____| .__|_| |_|_| |_\__, | / / / /
 =========|_|==============|___/=/_/_/_/

 :: Spring Boot ::                (v4.0.3)

2026-03-01T11:41:01.311-05:00  INFO 25782 --- [wallet-service] [           main] c.p.w.c.WalletControllerIntegrationTest  : Starting WalletControllerIntegrationTest using Java 21 with PID 25782 (started by davukx in /home/davukx/Documents/Projects/PersonalFinance/wallet-service)
2026-03-01T11:41:01.311-05:00  INFO 25782 --- [wallet-service] [           main] c.p.w.c.WalletControllerIntegrationTest  : No active profile set, falling back to 1 default profile: "default"
2026-03-01T11:41:01.365-05:00  INFO 25782 --- [wallet-service] [           main] .s.d.r.c.RepositoryConfigurationDelegate : Bootstrapping Spring Data JPA repositories in DEFAULT mode.
2026-03-01T11:41:01.368-05:00  INFO 25782 --- [wallet-service] [           main] .s.d.r.c.RepositoryConfigurationDelegate : Finished Spring Data repository scanning in 2 ms. Found 1 JPA repository interface.
2026-03-01T11:41:01.395-05:00  INFO 25782 --- [wallet-service] [           main] org.hibernate.orm.jpa                    : HHH008540: Processing PersistenceUnitInfo [name: default]
2026-03-01T11:41:01.404-05:00  INFO 25782 --- [wallet-service] [           main] o.s.o.j.p.SpringPersistenceUnitInfo      : No LoadTimeWeaver setup: ignoring JPA class transformer
2026-03-01T11:41:01.404-05:00  INFO 25782 --- [wallet-service] [           main] com.zaxxer.hikari.HikariDataSource       : HikariPool-6 - Starting...
2026-03-01T11:41:01.405-05:00  INFO 25782 --- [wallet-service] [           main] com.zaxxer.hikari.pool.HikariPool        : HikariPool-6 - Added connection conn28: url=jdbc:h2:mem:testdb user=SA
2026-03-01T11:41:01.405-05:00  INFO 25782 --- [wallet-service] [           main] com.zaxxer.hikari.HikariDataSource       : HikariPool-6 - Start completed.
2026-03-01T11:41:01.405-05:00  INFO 25782 --- [wallet-service] [           main] org.hibernate.orm.connections.pooling    : HHH10001005: Database info:
	Database JDBC URL [jdbc:h2:mem:testdb]
	Database driver: H2 JDBC Driver
	Database dialect: H2Dialect
	Database version: 2.4.240
	Default catalog/schema: TESTDB/PUBLIC
	Autocommit mode: undefined/unknown
	Isolation level: READ_COMMITTED [default READ_COMMITTED]
	JDBC fetch size: 100
	Pool: DataSourceConnectionProvider
	Minimum pool size: undefined/unknown
	Maximum pool size: undefined/unknown
2026-03-01T11:41:01.417-05:00  INFO 25782 --- [wallet-service] [           main] org.hibernate.orm.core                   : HHH000489: No JTA platform available (set 'hibernate.transaction.jta.platform' to enable JTA platform integration)
2026-03-01T11:41:01.418-05:00  INFO 25782 --- [wallet-service] [           main] j.LocalContainerEntityManagerFactoryBean : Initialized JPA EntityManagerFactory for persistence unit 'default'
2026-03-01T11:41:01.431-05:00  WARN 25782 --- [wallet-service] [           main] JpaBaseConfiguration$JpaWebConfiguration : spring.jpa.open-in-view is enabled by default. Therefore, database queries may be performed during view rendering. Explicitly configure spring.jpa.open-in-view to disable this warning
2026-03-01T11:41:01.471-05:00  INFO 25782 --- [wallet-service] [           main] o.s.b.t.m.w.SpringBootMockServletContext : Initializing Spring TestDispatcherServlet ''
2026-03-01T11:41:01.471-05:00  INFO 25782 --- [wallet-service] [           main] o.s.t.web.servlet.TestDispatcherServlet  : Initializing Servlet ''
2026-03-01T11:41:01.472-05:00  INFO 25782 --- [wallet-service] [           main] o.s.b.a.e.web.EndpointLinksResolver      : Exposing 1 endpoint beneath base path '/actuator'
2026-03-01T11:41:01.474-05:00  INFO 25782 --- [wallet-service] [           main] o.s.t.web.servlet.TestDispatcherServlet  : Completed initialization in 3 ms
2026-03-01T11:41:01.478-05:00  INFO 25782 --- [wallet-service] [           main] c.p.w.c.WalletControllerIntegrationTest  : Started WalletControllerIntegrationTest in 0.174 seconds (process running for 4.398)
2026-03-01T11:41:01.490-05:00  INFO 25782 --- [wallet-service] [           main] j.LocalContainerEntityManagerFactoryBean : Closing JPA EntityManagerFactory for persistence unit 'default'
2026-03-01T11:41:01.490-05:00  INFO 25782 --- [wallet-service] [           main] com.zaxxer.hikari.HikariDataSource       : HikariPool-6 - Shutdown initiated...
2026-03-01T11:41:01.491-05:00  INFO 25782 --- [wallet-service] [           main] com.zaxxer.hikari.HikariDataSource       : HikariPool-6 - Shutdown completed.
]]></system-out>
  </testcase>
  <testcase name="getWallet_shouldReturn404_whenNotFound" classname="com.personalfinance.walletservice.controller.WalletControllerIntegrationTest" time="0.009">
    <system-out><![CDATA[
  .   ____          _            __ _ _
 /\\ / ___'_ __ _ _(_)_ __  __ _ \ \ \ \
( ( )\___ | '_ | '_| | '_ \/ _` | \ \ \ \
 \\/  ___)| |_)| | | | | || (_| |  ) ) ) )
  '  |____| .__|_| |_|_| |_\__, | / / / /
 =========|_|==============|___/=/_/_/_/

 :: Spring Boot ::                (v4.0.3)

2026-03-01T11:41:01.499-05:00  INFO 25782 --- [wallet-service] [           main] c.p.w.c.WalletControllerIntegrationTest  : Starting WalletControllerIntegrationTest using Java 21 with PID 25782 (started by davukx in /home/davukx/Documents/Projects/PersonalFinance/wallet-service)
2026-03-01T11:41:01.499-05:00  INFO 25782 --- [wallet-service] [           main] c.p.w.c.WalletControllerIntegrationTest  : No active profile set, falling back to 1 default profile: "default"
2026-03-01T11:41:01.548-05:00  INFO 25782 --- [wallet-service] [           main] .s.d.r.c.RepositoryConfigurationDelegate : Bootstrapping Spring Data JPA repositories in DEFAULT mode.
2026-03-01T11:41:01.550-05:00  INFO 25782 --- [wallet-service] [           main] .s.d.r.c.RepositoryConfigurationDelegate : Finished Spring Data repository scanning in 2 ms. Found 1 JPA repository interface.
2026-03-01T11:41:01.576-05:00  INFO 25782 --- [wallet-service] [           main] org.hibernate.orm.jpa                    : HHH008540: Processing PersistenceUnitInfo [name: default]
2026-03-01T11:41:01.585-05:00  INFO 25782 --- [wallet-service] [           main] o.s.o.j.p.SpringPersistenceUnitInfo      : No LoadTimeWeaver setup: ignoring JPA class transformer
2026-03-01T11:41:01.586-05:00  INFO 25782 --- [wallet-service] [           main] com.zaxxer.hikari.HikariDataSource       : HikariPool-7 - Starting...
2026-03-01T11:41:01.586-05:00  INFO 25782 --- [wallet-service] [           main] com.zaxxer.hikari.pool.HikariPool        : HikariPool-7 - Added connection conn29: url=jdbc:h2:mem:testdb user=SA
2026-03-01T11:41:01.587-05:00  INFO 25782 --- [wallet-service] [           main] com.zaxxer.hikari.HikariDataSource       : HikariPool-7 - Start completed.
2026-03-01T11:41:01.587-05:00  INFO 25782 --- [wallet-service] [           main] org.hibernate.orm.connections.pooling    : HHH10001005: Database info:
	Database JDBC URL [jdbc:h2:mem:testdb]
	Database driver: H2 JDBC Driver
	Database dialect: H2Dialect
	Database version: 2.4.240
	Default catalog/schema: TESTDB/PUBLIC
	Autocommit mode: undefined/unknown
	Isolation level: READ_COMMITTED [default READ_COMMITTED]
	JDBC fetch size: 100
	Pool: DataSourceConnectionProvider
	Minimum pool size: undefined/unknown
	Maximum pool size: undefined/unknown
2026-03-01T11:41:01.600-05:00  INFO 25782 --- [wallet-service] [           main] org.hibernate.orm.core                   : HHH000489: No JTA platform available (set 'hibernate.transaction.jta.platform' to enable JTA platform integration)
2026-03-01T11:41:01.601-05:00  INFO 25782 --- [wallet-service] [           main] j.LocalContainerEntityManagerFactoryBean : Initialized JPA EntityManagerFactory for persistence unit 'default'
2026-03-01T11:41:01.616-05:00  WARN 25782 --- [wallet-service] [           main] JpaBaseConfiguration$JpaWebConfiguration : spring.jpa.open-in-view is enabled by default. Therefore, database queries may be performed during view rendering. Explicitly configure spring.jpa.open-in-view to disable this warning
2026-03-01T11:41:01.663-05:00  INFO 25782 --- [wallet-service] [           main] o.s.b.t.m.w.SpringBootMockServletContext : Initializing Spring TestDispatcherServlet ''
2026-03-01T11:41:01.663-05:00  INFO 25782 --- [wallet-service] [           main] o.s.t.web.servlet.TestDispatcherServlet  : Initializing Servlet ''
2026-03-01T11:41:01.664-05:00  INFO 25782 --- [wallet-service] [           main] o.s.b.a.e.web.EndpointLinksResolver      : Exposing 1 endpoint beneath base path '/actuator'
2026-03-01T11:41:01.666-05:00  INFO 25782 --- [wallet-service] [           main] o.s.t.web.servlet.TestDispatcherServlet  : Completed initialization in 3 ms
2026-03-01T11:41:01.671-05:00  INFO 25782 --- [wallet-service] [           main] c.p.w.c.WalletControllerIntegrationTest  : Started WalletControllerIntegrationTest in 0.179 seconds (process running for 4.591)
2026-03-01T11:41:01.679-05:00  INFO 25782 --- [wallet-service] [           main] j.LocalContainerEntityManagerFactoryBean : Closing JPA EntityManagerFactory for persistence unit 'default'
2026-03-01T11:41:01.680-05:00  INFO 25782 --- [wallet-service] [           main] com.zaxxer.hikari.HikariDataSource       : HikariPool-7 - Shutdown initiated...
2026-03-01T11:41:01.680-05:00  INFO 25782 --- [wallet-service] [           main] com.zaxxer.hikari.HikariDataSource       : HikariPool-7 - Shutdown completed.
]]></system-out>
  </testcase>
  <testcase name="createWallet_shouldReturn400_whenNameIsBlank" classname="com.personalfinance.walletservice.controller.WalletControllerIntegrationTest" time="0.016">
    <system-out><![CDATA[
  .   ____          _            __ _ _
 /\\ / ___'_ __ _ _(_)_ __  __ _ \ \ \ \
( ( )\___ | '_ | '_| | '_ \/ _` | \ \ \ \
 \\/  ___)| |_)| | | | | || (_| |  ) ) ) )
  '  |____| .__|_| |_|_| |_\__, | / / / /
 =========|_|==============|___/=/_/_/_/

 :: Spring Boot ::                (v4.0.3)

2026-03-01T11:41:01.688-05:00  INFO 25782 --- [wallet-service] [           main] c.p.w.c.WalletControllerIntegrationTest  : Starting WalletControllerIntegrationTest using Java 21 with PID 25782 (started by davukx in /home/davukx/Documents/Projects/PersonalFinance/wallet-service)
2026-03-01T11:41:01.688-05:00  INFO 25782 --- [wallet-service] [           main] c.p.w.c.WalletControllerIntegrationTest  : No active profile set, falling back to 1 default profile: "default"
2026-03-01T11:41:01.735-05:00  INFO 25782 --- [wallet-service] [           main] .s.d.r.c.RepositoryConfigurationDelegate : Bootstrapping Spring Data JPA repositories in DEFAULT mode.
2026-03-01T11:41:01.737-05:00  INFO 25782 --- [wallet-service] [           main] .s.d.r.c.RepositoryConfigurationDelegate : Finished Spring Data repository scanning in 1 ms. Found 1 JPA repository interface.
2026-03-01T11:41:01.761-05:00  INFO 25782 --- [wallet-service] [           main] org.hibernate.orm.jpa                    : HHH008540: Processing PersistenceUnitInfo [name: default]
2026-03-01T11:41:01.767-05:00  INFO 25782 --- [wallet-service] [           main] o.s.o.j.p.SpringPersistenceUnitInfo      : No LoadTimeWeaver setup: ignoring JPA class transformer
2026-03-01T11:41:01.768-05:00  INFO 25782 --- [wallet-service] [           main] com.zaxxer.hikari.HikariDataSource       : HikariPool-8 - Starting...
2026-03-01T11:41:01.768-05:00  INFO 25782 --- [wallet-service] [           main] com.zaxxer.hikari.pool.HikariPool        : HikariPool-8 - Added connection conn30: url=jdbc:h2:mem:testdb user=SA
2026-03-01T11:41:01.769-05:00  INFO 25782 --- [wallet-service] [           main] com.zaxxer.hikari.HikariDataSource       : HikariPool-8 - Start completed.
2026-03-01T11:41:01.769-05:00  INFO 25782 --- [wallet-service] [           main] org.hibernate.orm.connections.pooling    : HHH10001005: Database info:
	Database JDBC URL [jdbc:h2:mem:testdb]
	Database driver: H2 JDBC Driver
	Database dialect: H2Dialect
	Database version: 2.4.240
	Default catalog/schema: TESTDB/PUBLIC
	Autocommit mode: undefined/unknown
	Isolation level: READ_COMMITTED [default READ_COMMITTED]
	JDBC fetch size: 100
	Pool: DataSourceConnectionProvider
	Minimum pool size: undefined/unknown
	Maximum pool size: undefined/unknown
2026-03-01T11:41:01.781-05:00  INFO 25782 --- [wallet-service] [           main] org.hibernate.orm.core                   : HHH000489: No JTA platform available (set 'hibernate.transaction.jta.platform' to enable JTA platform integration)
2026-03-01T11:41:01.783-05:00  INFO 25782 --- [wallet-service] [           main] j.LocalContainerEntityManagerFactoryBean : Initialized JPA EntityManagerFactory for persistence unit 'default'
2026-03-01T11:41:01.797-05:00  WARN 25782 --- [wallet-service] [           main] JpaBaseConfiguration$JpaWebConfiguration : spring.jpa.open-in-view is enabled by default. Therefore, database queries may be performed during view rendering. Explicitly configure spring.jpa.open-in-view to disable this warning
2026-03-01T11:41:01.838-05:00  INFO 25782 --- [wallet-service] [           main] o.s.b.t.m.w.SpringBootMockServletContext : Initializing Spring TestDispatcherServlet ''
2026-03-01T11:41:01.838-05:00  INFO 25782 --- [wallet-service] [           main] o.s.t.web.servlet.TestDispatcherServlet  : Initializing Servlet ''
2026-03-01T11:41:01.839-05:00  INFO 25782 --- [wallet-service] [           main] o.s.b.a.e.web.EndpointLinksResolver      : Exposing 1 endpoint beneath base path '/actuator'
2026-03-01T11:41:01.841-05:00  INFO 25782 --- [wallet-service] [           main] o.s.t.web.servlet.TestDispatcherServlet  : Completed initialization in 2 ms
2026-03-01T11:41:01.845-05:00  INFO 25782 --- [wallet-service] [           main] c.p.w.c.WalletControllerIntegrationTest  : Started WalletControllerIntegrationTest in 0.163 seconds (process running for 4.765)
2026-03-01T11:41:01.861-05:00  INFO 25782 --- [wallet-service] [           main] j.LocalContainerEntityManagerFactoryBean : Closing JPA EntityManagerFactory for persistence unit 'default'
2026-03-01T11:41:01.861-05:00  INFO 25782 --- [wallet-service] [           main] com.zaxxer.hikari.HikariDataSource       : HikariPool-8 - Shutdown initiated...
2026-03-01T11:41:01.862-05:00  INFO 25782 --- [wallet-service] [           main] com.zaxxer.hikari.HikariDataSource       : HikariPool-8 - Shutdown completed.
]]></system-out>
  </testcase>
  <testcase name="getWallets_shouldReturnEmptyList_whenNoWallets" classname="com.personalfinance.walletservice.controller.WalletControllerIntegrationTest" time="0.011">
    <system-out><![CDATA[
  .   ____          _            __ _ _
 /\\ / ___'_ __ _ _(_)_ __  __ _ \ \ \ \
( ( )\___ | '_ | '_| | '_ \/ _` | \ \ \ \
 \\/  ___)| |_)| | | | | || (_| |  ) ) ) )
  '  |____| .__|_| |_|_| |_\__, | / / / /
 =========|_|==============|___/=/_/_/_/

 :: Spring Boot ::                (v4.0.3)

2026-03-01T11:41:01.869-05:00  INFO 25782 --- [wallet-service] [           main] c.p.w.c.WalletControllerIntegrationTest  : Starting WalletControllerIntegrationTest using Java 21 with PID 25782 (started by davukx in /home/davukx/Documents/Projects/PersonalFinance/wallet-service)
2026-03-01T11:41:01.869-05:00  INFO 25782 --- [wallet-service] [           main] c.p.w.c.WalletControllerIntegrationTest  : No active profile set, falling back to 1 default profile: "default"
2026-03-01T11:41:01.912-05:00  INFO 25782 --- [wallet-service] [           main] .s.d.r.c.RepositoryConfigurationDelegate : Bootstrapping Spring Data JPA repositories in DEFAULT mode.
2026-03-01T11:41:01.915-05:00  INFO 25782 --- [wallet-service] [           main] .s.d.r.c.RepositoryConfigurationDelegate : Finished Spring Data repository scanning in 1 ms. Found 1 JPA repository interface.
2026-03-01T11:41:01.937-05:00  INFO 25782 --- [wallet-service] [           main] org.hibernate.orm.jpa                    : HHH008540: Processing PersistenceUnitInfo [name: default]
2026-03-01T11:41:01.945-05:00  INFO 25782 --- [wallet-service] [           main] o.s.o.j.p.SpringPersistenceUnitInfo      : No LoadTimeWeaver setup: ignoring JPA class transformer
2026-03-01T11:41:01.945-05:00  INFO 25782 --- [wallet-service] [           main] com.zaxxer.hikari.HikariDataSource       : HikariPool-9 - Starting...
2026-03-01T11:41:01.946-05:00  INFO 25782 --- [wallet-service] [           main] com.zaxxer.hikari.pool.HikariPool        : HikariPool-9 - Added connection conn31: url=jdbc:h2:mem:testdb user=SA
2026-03-01T11:41:01.946-05:00  INFO 25782 --- [wallet-service] [           main] com.zaxxer.hikari.HikariDataSource       : HikariPool-9 - Start completed.
2026-03-01T11:41:01.946-05:00  INFO 25782 --- [wallet-service] [           main] org.hibernate.orm.connections.pooling    : HHH10001005: Database info:
	Database JDBC URL [jdbc:h2:mem:testdb]
	Database driver: H2 JDBC Driver
	Database dialect: H2Dialect
	Database version: 2.4.240
	Default catalog/schema: TESTDB/PUBLIC
	Autocommit mode: undefined/unknown
	Isolation level: READ_COMMITTED [default READ_COMMITTED]
	JDBC fetch size: 100
	Pool: DataSourceConnectionProvider
	Minimum pool size: undefined/unknown
	Maximum pool size: undefined/unknown
2026-03-01T11:41:01.957-05:00  INFO 25782 --- [wallet-service] [           main] org.hibernate.orm.core                   : HHH000489: No JTA platform available (set 'hibernate.transaction.jta.platform' to enable JTA platform integration)
2026-03-01T11:41:01.958-05:00  INFO 25782 --- [wallet-service] [           main] j.LocalContainerEntityManagerFactoryBean : Initialized JPA EntityManagerFactory for persistence unit 'default'
2026-03-01T11:41:01.972-05:00  WARN 25782 --- [wallet-service] [           main] JpaBaseConfiguration$JpaWebConfiguration : spring.jpa.open-in-view is enabled by default. Therefore, database queries may be performed during view rendering. Explicitly configure spring.jpa.open-in-view to disable this warning
2026-03-01T11:41:02.013-05:00  INFO 25782 --- [wallet-service] [           main] o.s.b.t.m.w.SpringBootMockServletContext : Initializing Spring TestDispatcherServlet ''
2026-03-01T11:41:02.013-05:00  INFO 25782 --- [wallet-service] [           main] o.s.t.web.servlet.TestDispatcherServlet  : Initializing Servlet ''
2026-03-01T11:41:02.014-05:00  INFO 25782 --- [wallet-service] [           main] o.s.b.a.e.web.EndpointLinksResolver      : Exposing 1 endpoint beneath base path '/actuator'
2026-03-01T11:41:02.015-05:00  INFO 25782 --- [wallet-service] [           main] o.s.t.web.servlet.TestDispatcherServlet  : Completed initialization in 2 ms
2026-03-01T11:41:02.019-05:00  INFO 25782 --- [wallet-service] [           main] c.p.w.c.WalletControllerIntegrationTest  : Started WalletControllerIntegrationTest in 0.156 seconds (process running for 4.939)
2026-03-01T11:41:02.029-05:00  INFO 25782 --- [wallet-service] [           main] j.LocalContainerEntityManagerFactoryBean : Closing JPA EntityManagerFactory for persistence unit 'default'
2026-03-01T11:41:02.030-05:00  INFO 25782 --- [wallet-service] [           main] com.zaxxer.hikari.HikariDataSource       : HikariPool-9 - Shutdown initiated...
2026-03-01T11:41:02.031-05:00  INFO 25782 --- [wallet-service] [           main] com.zaxxer.hikari.HikariDataSource       : HikariPool-9 - Shutdown completed.
]]></system-out>
  </testcase>
  <testcase name="health_shouldReturn200" classname="com.personalfinance.walletservice.controller.WalletControllerIntegrationTest" time="0.006">
    <system-out><![CDATA[
  .   ____          _            __ _ _
 /\\ / ___'_ __ _ _(_)_ __  __ _ \ \ \ \
( ( )\___ | '_ | '_| | '_ \/ _` | \ \ \ \
 \\/  ___)| |_)| | | | | || (_| |  ) ) ) )
  '  |____| .__|_| |_|_| |_\__, | / / / /
 =========|_|==============|___/=/_/_/_/

 :: Spring Boot ::                (v4.0.3)

2026-03-01T11:41:02.037-05:00  INFO 25782 --- [wallet-service] [           main] c.p.w.c.WalletControllerIntegrationTest  : Starting WalletControllerIntegrationTest using Java 21 with PID 25782 (started by davukx in /home/davukx/Documents/Projects/PersonalFinance/wallet-service)
2026-03-01T11:41:02.038-05:00  INFO 25782 --- [wallet-service] [           main] c.p.w.c.WalletControllerIntegrationTest  : No active profile set, falling back to 1 default profile: "default"
2026-03-01T11:41:02.083-05:00  INFO 25782 --- [wallet-service] [           main] .s.d.r.c.RepositoryConfigurationDelegate : Bootstrapping Spring Data JPA repositories in DEFAULT mode.
2026-03-01T11:41:02.086-05:00  INFO 25782 --- [wallet-service] [           main] .s.d.r.c.RepositoryConfigurationDelegate : Finished Spring Data repository scanning in 1 ms. Found 1 JPA repository interface.
2026-03-01T11:41:02.107-05:00  INFO 25782 --- [wallet-service] [           main] org.hibernate.orm.jpa                    : HHH008540: Processing PersistenceUnitInfo [name: default]
2026-03-01T11:41:02.114-05:00  INFO 25782 --- [wallet-service] [           main] o.s.o.j.p.SpringPersistenceUnitInfo      : No LoadTimeWeaver setup: ignoring JPA class transformer
2026-03-01T11:41:02.114-05:00  INFO 25782 --- [wallet-service] [           main] com.zaxxer.hikari.HikariDataSource       : HikariPool-10 - Starting...
2026-03-01T11:41:02.115-05:00  INFO 25782 --- [wallet-service] [           main] com.zaxxer.hikari.pool.HikariPool        : HikariPool-10 - Added connection conn32: url=jdbc:h2:mem:testdb user=SA
2026-03-01T11:41:02.115-05:00  INFO 25782 --- [wallet-service] [           main] com.zaxxer.hikari.HikariDataSource       : HikariPool-10 - Start completed.
2026-03-01T11:41:02.115-05:00  INFO 25782 --- [wallet-service] [           main] org.hibernate.orm.connections.pooling    : HHH10001005: Database info:
	Database JDBC URL [jdbc:h2:mem:testdb]
	Database driver: H2 JDBC Driver
	Database dialect: H2Dialect
	Database version: 2.4.240
	Default catalog/schema: TESTDB/PUBLIC
	Autocommit mode: undefined/unknown
	Isolation level: READ_COMMITTED [default READ_COMMITTED]
	JDBC fetch size: 100
	Pool: DataSourceConnectionProvider
	Minimum pool size: undefined/unknown
	Maximum pool size: undefined/unknown
2026-03-01T11:41:02.126-05:00  INFO 25782 --- [wallet-service] [           main] org.hibernate.orm.core                   : HHH000489: No JTA platform available (set 'hibernate.transaction.jta.platform' to enable JTA platform integration)
2026-03-01T11:41:02.127-05:00  INFO 25782 --- [wallet-service] [           main] j.LocalContainerEntityManagerFactoryBean : Initialized JPA EntityManagerFactory for persistence unit 'default'
2026-03-01T11:41:02.140-05:00  WARN 25782 --- [wallet-service] [           main] JpaBaseConfiguration$JpaWebConfiguration : spring.jpa.open-in-view is enabled by default. Therefore, database queries may be performed during view rendering. Explicitly configure spring.jpa.open-in-view to disable this warning
2026-03-01T11:41:02.188-05:00  INFO 25782 --- [wallet-service] [           main] o.s.b.t.m.w.SpringBootMockServletContext : Initializing Spring TestDispatcherServlet ''
2026-03-01T11:41:02.188-05:00  INFO 25782 --- [wallet-service] [           main] o.s.t.web.servlet.TestDispatcherServlet  : Initializing Servlet ''
2026-03-01T11:41:02.188-05:00  INFO 25782 --- [wallet-service] [           main] o.s.b.a.e.web.EndpointLinksResolver      : Exposing 1 endpoint beneath base path '/actuator'
2026-03-01T11:41:02.190-05:00  INFO 25782 --- [wallet-service] [           main] o.s.t.web.servlet.TestDispatcherServlet  : Completed initialization in 2 ms
2026-03-01T11:41:02.193-05:00  INFO 25782 --- [wallet-service] [           main] c.p.w.c.WalletControllerIntegrationTest  : Started WalletControllerIntegrationTest in 0.161 seconds (process running for 5.113)
2026-03-01T11:41:02.199-05:00  INFO 25782 --- [wallet-service] [           main] j.LocalContainerEntityManagerFactoryBean : Closing JPA EntityManagerFactory for persistence unit 'default'
2026-03-01T11:41:02.200-05:00  INFO 25782 --- [wallet-service] [           main] com.zaxxer.hikari.HikariDataSource       : HikariPool-10 - Shutdown initiated...
2026-03-01T11:41:02.200-05:00  INFO 25782 --- [wallet-service] [           main] com.zaxxer.hikari.HikariDataSource       : HikariPool-10 - Shutdown completed.
]]></system-out>
  </testcase>
  <testcase name="createWallet_shouldReturn201" classname="com.personalfinance.walletservice.controller.WalletControllerIntegrationTest" time="0.01">
    <system-out><![CDATA[
  .   ____          _            __ _ _
 /\\ / ___'_ __ _ _(_)_ __  __ _ \ \ \ \
( ( )\___ | '_ | '_| | '_ \/ _` | \ \ \ \
 \\/  ___)| |_)| | | | | || (_| |  ) ) ) )
  '  |____| .__|_| |_|_| |_\__, | / / / /
 =========|_|==============|___/=/_/_/_/

 :: Spring Boot ::                (v4.0.3)

2026-03-01T11:41:02.206-05:00  INFO 25782 --- [wallet-service] [           main] c.p.w.c.WalletControllerIntegrationTest  : Starting WalletControllerIntegrationTest using Java 21 with PID 25782 (started by davukx in /home/davukx/Documents/Projects/PersonalFinance/wallet-service)
2026-03-01T11:41:02.206-05:00  INFO 25782 --- [wallet-service] [           main] c.p.w.c.WalletControllerIntegrationTest  : No active profile set, falling back to 1 default profile: "default"
2026-03-01T11:41:02.245-05:00  INFO 25782 --- [wallet-service] [           main] .s.d.r.c.RepositoryConfigurationDelegate : Bootstrapping Spring Data JPA repositories in DEFAULT mode.
2026-03-01T11:41:02.248-05:00  INFO 25782 --- [wallet-service] [           main] .s.d.r.c.RepositoryConfigurationDelegate : Finished Spring Data repository scanning in 1 ms. Found 1 JPA repository interface.
2026-03-01T11:41:02.269-05:00  INFO 25782 --- [wallet-service] [           main] org.hibernate.orm.jpa                    : HHH008540: Processing PersistenceUnitInfo [name: default]
2026-03-01T11:41:02.275-05:00  INFO 25782 --- [wallet-service] [           main] o.s.o.j.p.SpringPersistenceUnitInfo      : No LoadTimeWeaver setup: ignoring JPA class transformer
2026-03-01T11:41:02.276-05:00  INFO 25782 --- [wallet-service] [           main] com.zaxxer.hikari.HikariDataSource       : HikariPool-11 - Starting...
2026-03-01T11:41:02.276-05:00  INFO 25782 --- [wallet-service] [           main] com.zaxxer.hikari.pool.HikariPool        : HikariPool-11 - Added connection conn33: url=jdbc:h2:mem:testdb user=SA
2026-03-01T11:41:02.276-05:00  INFO 25782 --- [wallet-service] [           main] com.zaxxer.hikari.HikariDataSource       : HikariPool-11 - Start completed.
2026-03-01T11:41:02.277-05:00  INFO 25782 --- [wallet-service] [           main] org.hibernate.orm.connections.pooling    : HHH10001005: Database info:
	Database JDBC URL [jdbc:h2:mem:testdb]
	Database driver: H2 JDBC Driver
	Database dialect: H2Dialect
	Database version: 2.4.240
	Default catalog/schema: TESTDB/PUBLIC
	Autocommit mode: undefined/unknown
	Isolation level: READ_COMMITTED [default READ_COMMITTED]
	JDBC fetch size: 100
	Pool: DataSourceConnectionProvider
	Minimum pool size: undefined/unknown
	Maximum pool size: undefined/unknown
2026-03-01T11:41:02.289-05:00  INFO 25782 --- [wallet-service] [           main] org.hibernate.orm.core                   : HHH000489: No JTA platform available (set 'hibernate.transaction.jta.platform' to enable JTA platform integration)
2026-03-01T11:41:02.290-05:00  INFO 25782 --- [wallet-service] [           main] j.LocalContainerEntityManagerFactoryBean : Initialized JPA EntityManagerFactory for persistence unit 'default'
2026-03-01T11:41:02.304-05:00  WARN 25782 --- [wallet-service] [           main] JpaBaseConfiguration$JpaWebConfiguration : spring.jpa.open-in-view is enabled by default. Therefore, database queries may be performed during view rendering. Explicitly configure spring.jpa.open-in-view to disable this warning
2026-03-01T11:41:02.340-05:00  INFO 25782 --- [wallet-service] [           main] o.s.b.t.m.w.SpringBootMockServletContext : Initializing Spring TestDispatcherServlet ''
2026-03-01T11:41:02.340-05:00  INFO 25782 --- [wallet-service] [           main] o.s.t.web.servlet.TestDispatcherServlet  : Initializing Servlet ''
2026-03-01T11:41:02.341-05:00  INFO 25782 --- [wallet-service] [           main] o.s.b.a.e.web.EndpointLinksResolver      : Exposing 1 endpoint beneath base path '/actuator'
2026-03-01T11:41:02.342-05:00  INFO 25782 --- [wallet-service] [           main] o.s.t.web.servlet.TestDispatcherServlet  : Completed initialization in 2 ms
2026-03-01T11:41:02.346-05:00  INFO 25782 --- [wallet-service] [           main] c.p.w.c.WalletControllerIntegrationTest  : Started WalletControllerIntegrationTest in 0.145 seconds (process running for 5.266)
2026-03-01T11:41:02.356-05:00  INFO 25782 --- [wallet-service] [           main] j.LocalContainerEntityManagerFactoryBean : Closing JPA EntityManagerFactory for persistence unit 'default'
2026-03-01T11:41:02.356-05:00  INFO 25782 --- [wallet-service] [           main] com.zaxxer.hikari.HikariDataSource       : HikariPool-11 - Shutdown initiated...
2026-03-01T11:41:02.357-05:00  INFO 25782 --- [wallet-service] [           main] com.zaxxer.hikari.HikariDataSource       : HikariPool-11 - Shutdown completed.
]]></system-out>
  </testcase>
  <testcase name="getWallets_shouldReturnList" classname="com.personalfinance.walletservice.controller.WalletControllerIntegrationTest" time="0.018">
    <system-out><![CDATA[
  .   ____          _            __ _ _
 /\\ / ___'_ __ _ _(_)_ __  __ _ \ \ \ \
( ( )\___ | '_ | '_| | '_ \/ _` | \ \ \ \
 \\/  ___)| |_)| | | | | || (_| |  ) ) ) )
  '  |____| .__|_| |_|_| |_\__, | / / / /
 =========|_|==============|___/=/_/_/_/

 :: Spring Boot ::                (v4.0.3)

2026-03-01T11:41:02.364-05:00  INFO 25782 --- [wallet-service] [           main] c.p.w.c.WalletControllerIntegrationTest  : Starting WalletControllerIntegrationTest using Java 21 with PID 25782 (started by davukx in /home/davukx/Documents/Projects/PersonalFinance/wallet-service)
2026-03-01T11:41:02.364-05:00  INFO 25782 --- [wallet-service] [           main] c.p.w.c.WalletControllerIntegrationTest  : No active profile set, falling back to 1 default profile: "default"
2026-03-01T11:41:02.402-05:00  INFO 25782 --- [wallet-service] [           main] .s.d.r.c.RepositoryConfigurationDelegate : Bootstrapping Spring Data JPA repositories in DEFAULT mode.
2026-03-01T11:41:02.404-05:00  INFO 25782 --- [wallet-service] [           main] .s.d.r.c.RepositoryConfigurationDelegate : Finished Spring Data repository scanning in 1 ms. Found 1 JPA repository interface.
2026-03-01T11:41:02.425-05:00  INFO 25782 --- [wallet-service] [           main] org.hibernate.orm.jpa                    : HHH008540: Processing PersistenceUnitInfo [name: default]
2026-03-01T11:41:02.432-05:00  INFO 25782 --- [wallet-service] [           main] o.s.o.j.p.SpringPersistenceUnitInfo      : No LoadTimeWeaver setup: ignoring JPA class transformer
2026-03-01T11:41:02.432-05:00  INFO 25782 --- [wallet-service] [           main] com.zaxxer.hikari.HikariDataSource       : HikariPool-12 - Starting...
2026-03-01T11:41:02.433-05:00  INFO 25782 --- [wallet-service] [           main] com.zaxxer.hikari.pool.HikariPool        : HikariPool-12 - Added connection conn34: url=jdbc:h2:mem:testdb user=SA
2026-03-01T11:41:02.433-05:00  INFO 25782 --- [wallet-service] [           main] com.zaxxer.hikari.HikariDataSource       : HikariPool-12 - Start completed.
2026-03-01T11:41:02.433-05:00  INFO 25782 --- [wallet-service] [           main] org.hibernate.orm.connections.pooling    : HHH10001005: Database info:
	Database JDBC URL [jdbc:h2:mem:testdb]
	Database driver: H2 JDBC Driver
	Database dialect: H2Dialect
	Database version: 2.4.240
	Default catalog/schema: TESTDB/PUBLIC
	Autocommit mode: undefined/unknown
	Isolation level: READ_COMMITTED [default READ_COMMITTED]
	JDBC fetch size: 100
	Pool: DataSourceConnectionProvider
	Minimum pool size: undefined/unknown
	Maximum pool size: undefined/unknown
2026-03-01T11:41:02.444-05:00  INFO 25782 --- [wallet-service] [           main] org.hibernate.orm.core                   : HHH000489: No JTA platform available (set 'hibernate.transaction.jta.platform' to enable JTA platform integration)
2026-03-01T11:41:02.445-05:00  INFO 25782 --- [wallet-service] [           main] j.LocalContainerEntityManagerFactoryBean : Initialized JPA EntityManagerFactory for persistence unit 'default'
2026-03-01T11:41:02.458-05:00  WARN 25782 --- [wallet-service] [           main] JpaBaseConfiguration$JpaWebConfiguration : spring.jpa.open-in-view is enabled by default. Therefore, database queries may be performed during view rendering. Explicitly configure spring.jpa.open-in-view to disable this warning
2026-03-01T11:41:02.496-05:00  INFO 25782 --- [wallet-service] [           main] o.s.b.t.m.w.SpringBootMockServletContext : Initializing Spring TestDispatcherServlet ''
2026-03-01T11:41:02.496-05:00  INFO 25782 --- [wallet-service] [           main] o.s.t.web.servlet.TestDispatcherServlet  : Initializing Servlet ''
2026-03-01T11:41:02.497-05:00  INFO 25782 --- [wallet-service] [           main] o.s.b.a.e.web.EndpointLinksResolver      : Exposing 1 endpoint beneath base path '/actuator'
2026-03-01T11:41:02.499-05:00  INFO 25782 --- [wallet-service] [           main] o.s.t.web.servlet.TestDispatcherServlet  : Completed initialization in 3 ms
2026-03-01T11:41:02.504-05:00  INFO 25782 --- [wallet-service] [           main] c.p.w.c.WalletControllerIntegrationTest  : Started WalletControllerIntegrationTest in 0.146 seconds (process running for 5.424)
2026-03-01T11:41:02.521-05:00  INFO 25782 --- [wallet-service] [           main] j.LocalContainerEntityManagerFactoryBean : Closing JPA EntityManagerFactory for persistence unit 'default'
2026-03-01T11:41:02.522-05:00  INFO 25782 --- [wallet-service] [           main] com.zaxxer.hikari.HikariDataSource       : HikariPool-12 - Shutdown initiated...
2026-03-01T11:41:02.522-05:00  INFO 25782 --- [wallet-service] [           main] com.zaxxer.hikari.HikariDataSource       : HikariPool-12 - Shutdown completed.
]]></system-out>
  </testcase>
  <testcase name="deleteWallet_shouldReturn204" classname="com.personalfinance.walletservice.controller.WalletControllerIntegrationTest" time="0.018">
    <system-out><![CDATA[
  .   ____          _            __ _ _
 /\\ / ___'_ __ _ _(_)_ __  __ _ \ \ \ \
( ( )\___ | '_ | '_| | '_ \/ _` | \ \ \ \
 \\/  ___)| |_)| | | | | || (_| |  ) ) ) )
  '  |____| .__|_| |_|_| |_\__, | / / / /
 =========|_|==============|___/=/_/_/_/

 :: Spring Boot ::                (v4.0.3)

2026-03-01T11:41:02.530-05:00  INFO 25782 --- [wallet-service] [           main] c.p.w.c.WalletControllerIntegrationTest  : Starting WalletControllerIntegrationTest using Java 21 with PID 25782 (started by davukx in /home/davukx/Documents/Projects/PersonalFinance/wallet-service)
2026-03-01T11:41:02.530-05:00  INFO 25782 --- [wallet-service] [           main] c.p.w.c.WalletControllerIntegrationTest  : No active profile set, falling back to 1 default profile: "default"
2026-03-01T11:41:02.571-05:00  INFO 25782 --- [wallet-service] [           main] .s.d.r.c.RepositoryConfigurationDelegate : Bootstrapping Spring Data JPA repositories in DEFAULT mode.
2026-03-01T11:41:02.573-05:00  INFO 25782 --- [wallet-service] [           main] .s.d.r.c.RepositoryConfigurationDelegate : Finished Spring Data repository scanning in 1 ms. Found 1 JPA repository interface.
2026-03-01T11:41:02.594-05:00  INFO 25782 --- [wallet-service] [           main] org.hibernate.orm.jpa                    : HHH008540: Processing PersistenceUnitInfo [name: default]
2026-03-01T11:41:02.601-05:00  INFO 25782 --- [wallet-service] [           main] o.s.o.j.p.SpringPersistenceUnitInfo      : No LoadTimeWeaver setup: ignoring JPA class transformer
2026-03-01T11:41:02.601-05:00  INFO 25782 --- [wallet-service] [           main] com.zaxxer.hikari.HikariDataSource       : HikariPool-13 - Starting...
2026-03-01T11:41:02.602-05:00  INFO 25782 --- [wallet-service] [           main] com.zaxxer.hikari.pool.HikariPool        : HikariPool-13 - Added connection conn35: url=jdbc:h2:mem:testdb user=SA
2026-03-01T11:41:02.602-05:00  INFO 25782 --- [wallet-service] [           main] com.zaxxer.hikari.HikariDataSource       : HikariPool-13 - Start completed.
2026-03-01T11:41:02.602-05:00  INFO 25782 --- [wallet-service] [           main] org.hibernate.orm.connections.pooling    : HHH10001005: Database info:
	Database JDBC URL [jdbc:h2:mem:testdb]
	Database driver: H2 JDBC Driver
	Database dialect: H2Dialect
	Database version: 2.4.240
	Default catalog/schema: TESTDB/PUBLIC
	Autocommit mode: undefined/unknown
	Isolation level: READ_COMMITTED [default READ_COMMITTED]
	JDBC fetch size: 100
	Pool: DataSourceConnectionProvider
	Minimum pool size: undefined/unknown
	Maximum pool size: undefined/unknown
2026-03-01T11:41:02.613-05:00  INFO 25782 --- [wallet-service] [           main] org.hibernate.orm.core                   : HHH000489: No JTA platform available (set 'hibernate.transaction.jta.platform' to enable JTA platform integration)
2026-03-01T11:41:02.614-05:00  INFO 25782 --- [wallet-service] [           main] j.LocalContainerEntityManagerFactoryBean : Initialized JPA EntityManagerFactory for persistence unit 'default'
2026-03-01T11:41:02.626-05:00  WARN 25782 --- [wallet-service] [           main] JpaBaseConfiguration$JpaWebConfiguration : spring.jpa.open-in-view is enabled by default. Therefore, database queries may be performed during view rendering. Explicitly configure spring.jpa.open-in-view to disable this warning
2026-03-01T11:41:02.662-05:00  INFO 25782 --- [wallet-service] [           main] o.s.b.t.m.w.SpringBootMockServletContext : Initializing Spring TestDispatcherServlet ''
2026-03-01T11:41:02.663-05:00  INFO 25782 --- [wallet-service] [           main] o.s.t.web.servlet.TestDispatcherServlet  : Initializing Servlet ''
2026-03-01T11:41:02.664-05:00  INFO 25782 --- [wallet-service] [           main] o.s.b.a.e.web.EndpointLinksResolver      : Exposing 1 endpoint beneath base path '/actuator'
2026-03-01T11:41:02.665-05:00  INFO 25782 --- [wallet-service] [           main] o.s.t.web.servlet.TestDispatcherServlet  : Completed initialization in 2 ms
2026-03-01T11:41:02.669-05:00  INFO 25782 --- [wallet-service] [           main] c.p.w.c.WalletControllerIntegrationTest  : Started WalletControllerIntegrationTest in 0.146 seconds (process running for 5.589)
2026-03-01T11:41:02.686-05:00  INFO 25782 --- [wallet-service] [           main] j.LocalContainerEntityManagerFactoryBean : Closing JPA EntityManagerFactory for persistence unit 'default'
2026-03-01T11:41:02.687-05:00  INFO 25782 --- [wallet-service] [           main] com.zaxxer.hikari.HikariDataSource       : HikariPool-13 - Shutdown initiated...
2026-03-01T11:41:02.687-05:00  INFO 25782 --- [wallet-service] [           main] com.zaxxer.hikari.HikariDataSource       : HikariPool-13 - Shutdown completed.
]]></system-out>
  </testcase>
  <testcase name="updateWallet_shouldReturnUpdatedWallet" classname="com.personalfinance.walletservice.controller.WalletControllerIntegrationTest" time="0.018">
    <system-out><![CDATA[
  .   ____          _            __ _ _
 /\\ / ___'_ __ _ _(_)_ __  __ _ \ \ \ \
( ( )\___ | '_ | '_| | '_ \/ _` | \ \ \ \
 \\/  ___)| |_)| | | | | || (_| |  ) ) ) )
  '  |____| .__|_| |_|_| |_\__, | / / / /
 =========|_|==============|___/=/_/_/_/

 :: Spring Boot ::                (v4.0.3)

2026-03-01T11:41:02.695-05:00  INFO 25782 --- [wallet-service] [           main] c.p.w.c.WalletControllerIntegrationTest  : Starting WalletControllerIntegrationTest using Java 21 with PID 25782 (started by davukx in /home/davukx/Documents/Projects/PersonalFinance/wallet-service)
2026-03-01T11:41:02.695-05:00  INFO 25782 --- [wallet-service] [           main] c.p.w.c.WalletControllerIntegrationTest  : No active profile set, falling back to 1 default profile: "default"
2026-03-01T11:41:02.731-05:00  INFO 25782 --- [wallet-service] [           main] .s.d.r.c.RepositoryConfigurationDelegate : Bootstrapping Spring Data JPA repositories in DEFAULT mode.
2026-03-01T11:41:02.733-05:00  INFO 25782 --- [wallet-service] [           main] .s.d.r.c.RepositoryConfigurationDelegate : Finished Spring Data repository scanning in 1 ms. Found 1 JPA repository interface.
2026-03-01T11:41:02.753-05:00  INFO 25782 --- [wallet-service] [           main] org.hibernate.orm.jpa                    : HHH008540: Processing PersistenceUnitInfo [name: default]
2026-03-01T11:41:02.759-05:00  INFO 25782 --- [wallet-service] [           main] o.s.o.j.p.SpringPersistenceUnitInfo      : No LoadTimeWeaver setup: ignoring JPA class transformer
2026-03-01T11:41:02.759-05:00  INFO 25782 --- [wallet-service] [           main] com.zaxxer.hikari.HikariDataSource       : HikariPool-14 - Starting...
2026-03-01T11:41:02.760-05:00  INFO 25782 --- [wallet-service] [           main] com.zaxxer.hikari.pool.HikariPool        : HikariPool-14 - Added connection conn36: url=jdbc:h2:mem:testdb user=SA
2026-03-01T11:41:02.760-05:00  INFO 25782 --- [wallet-service] [           main] com.zaxxer.hikari.HikariDataSource       : HikariPool-14 - Start completed.
2026-03-01T11:41:02.761-05:00  INFO 25782 --- [wallet-service] [           main] org.hibernate.orm.connections.pooling    : HHH10001005: Database info:
	Database JDBC URL [jdbc:h2:mem:testdb]
	Database driver: H2 JDBC Driver
	Database dialect: H2Dialect
	Database version: 2.4.240
	Default catalog/schema: TESTDB/PUBLIC
	Autocommit mode: undefined/unknown
	Isolation level: READ_COMMITTED [default READ_COMMITTED]
	JDBC fetch size: 100
	Pool: DataSourceConnectionProvider
	Minimum pool size: undefined/unknown
	Maximum pool size: undefined/unknown
2026-03-01T11:41:02.770-05:00  INFO 25782 --- [wallet-service] [           main] org.hibernate.orm.core                   : HHH000489: No JTA platform available (set 'hibernate.transaction.jta.platform' to enable JTA platform integration)
2026-03-01T11:41:02.771-05:00  INFO 25782 --- [wallet-service] [           main] j.LocalContainerEntityManagerFactoryBean : Initialized JPA EntityManagerFactory for persistence unit 'default'
2026-03-01T11:41:02.782-05:00  WARN 25782 --- [wallet-service] [           main] JpaBaseConfiguration$JpaWebConfiguration : spring.jpa.open-in-view is enabled by default. Therefore, database queries may be performed during view rendering. Explicitly configure spring.jpa.open-in-view to disable this warning
2026-03-01T11:41:02.819-05:00  INFO 25782 --- [wallet-service] [           main] o.s.b.t.m.w.SpringBootMockServletContext : Initializing Spring TestDispatcherServlet ''
2026-03-01T11:41:02.819-05:00  INFO 25782 --- [wallet-service] [           main] o.s.t.web.servlet.TestDispatcherServlet  : Initializing Servlet ''
2026-03-01T11:41:02.820-05:00  INFO 25782 --- [wallet-service] [           main] o.s.b.a.e.web.EndpointLinksResolver      : Exposing 1 endpoint beneath base path '/actuator'
2026-03-01T11:41:02.821-05:00  INFO 25782 --- [wallet-service] [           main] o.s.t.web.servlet.TestDispatcherServlet  : Completed initialization in 2 ms
2026-03-01T11:41:02.825-05:00  INFO 25782 --- [wallet-service] [           main] c.p.w.c.WalletControllerIntegrationTest  : Started WalletControllerIntegrationTest in 0.137 seconds (process running for 5.745)
2026-03-01T11:41:02.843-05:00  INFO 25782 --- [wallet-service] [           main] j.LocalContainerEntityManagerFactoryBean : Closing JPA EntityManagerFactory for persistence unit 'default'
2026-03-01T11:41:02.844-05:00  INFO 25782 --- [wallet-service] [           main] com.zaxxer.hikari.HikariDataSource       : HikariPool-14 - Shutdown initiated...
2026-03-01T11:41:02.844-05:00  INFO 25782 --- [wallet-service] [           main] com.zaxxer.hikari.HikariDataSource       : HikariPool-14 - Shutdown completed.
]]></system-out>
  </testcase>
</testsuite>