<?xml version="1.0" encoding="UTF-8"?>
<testsuite xmlns:xsi="http://www.w3.org/2001/XMLSchema-instance" xsi:noNamespaceSchemaLocation="https://maven.apache.org/surefire/maven-surefire-plugin/xsd/surefire-test-report.xsd" version="3.0.2" name="com.personalfinance.walletservice.presentation.controller.WalletControllerIntegrationTest" time="4.819" tests="22" errors="0" skipped="0" failures="0">
  <properties>
[...]
</properties>
  <testcase name="deleteWallet_shouldReturn404_whenNotFound" classname="com.personalfinance.walletservice.presentation.controller.WalletControllerIntegrationTest" time="0.24">
    <system-out><![CDATA[2026-04-02T13:23:56.185-05:00  INFO 51723 --- [wallet-service] [           main] t.c.s.AnnotationConfigContextLoaderUtils : Could not detect default configuration classes for test class [com.personalfinance.walletservice.presentation.controller.WalletControllerIntegrationTest]: WalletControllerIntegrationTest does not declare any static, non-private, non-final, nested classes annotated with @Configuration.
2026-04-02T13:23:56.192-05:00  INFO 51723 --- [wallet-service] [           main] .b.t.c.SpringBootTestContextBootstrapper : Found @SpringBootConfiguration com.personalfinance.walletservice.WalletServiceApplication for test class com.personalfinance.walletservice.presentation.controller.WalletControllerIntegrationTest

  .   ____          _            __ _ _
 /\\ / ___'_ __ _ _(_)_ __  __ _ \ \ \ \
( ( )\___ | '_ | '_| | '_ \/ _` | \ \ \ \
 \\/  ___)| |_)| | | | | || (_| |  ) ) ) )
  '  |____| .__|_| |_|_| |_\__, | / / / /
 =========|_|==============|___/=/_/_/_/

 :: Spring Boot ::                (v4.0.3)

2026-04-02T13:23:56.206-05:00  INFO 51723 --- [wallet-service] [           main] .p.w.p.c.WalletControllerIntegrationTest : Starting WalletControllerIntegrationTest using Java 25.0.2 with PID 51723 (started by duvan in /home/duvan/IdeaProjects/PersonalFinances/wallet-service)
2026-04-02T13:23:56.206-05:00  INFO 51723 --- [wallet-service] [           main] .p.w.p.c.WalletControllerIntegrationTest : No active profile set, falling back to 1 default profile: "default"
2026-04-02T13:23:56.308-05:00  INFO 51723 --- [wallet-service] [           main] .s.d.r.c.RepositoryConfigurationDelegate : Bootstrapping Spring Data JPA repositories in DEFAULT mode.
2026-04-02T13:23:56.313-05:00  INFO 51723 --- [wallet-service] [           main] .s.d.r.c.RepositoryConfigurationDelegate : Finished Spring Data repository scanning in 4 ms. Found 3 JPA repository interfaces.
2026-04-02T13:23:56.352-05:00  INFO 51723 --- [wallet-service] [           main] org.hibernate.orm.jpa                    : HHH008540: Processing PersistenceUnitInfo [name: default]
2026-04-02T13:23:56.362-05:00  INFO 51723 --- [wallet-service] [           main] o.s.o.j.p.SpringPersistenceUnitInfo      : No LoadTimeWeaver setup: ignoring JPA class transformer
2026-04-02T13:23:56.363-05:00  INFO 51723 --- [wallet-service] [           main] com.zaxxer.hikari.HikariDataSource       : HikariPool-2 - Starting...
2026-04-02T13:23:56.364-05:00  INFO 51723 --- [wallet-service] [           main] com.zaxxer.hikari.pool.HikariPool        : HikariPool-2 - Added connection conn10: url=jdbc:h2:mem:testdb user=SA
2026-04-02T13:23:56.364-05:00  INFO 51723 --- [wallet-service] [           main] com.zaxxer.hikari.HikariDataSource       : HikariPool-2 - Start completed.
2026-04-02T13:23:56.364-05:00  INFO 51723 --- [wallet-service] [           main] org.hibernate.orm.connections.pooling    : HHH10001005: Database info:
	Database JDBC URL [jdbc:h2:mem:testdb]
	Database driver: H2 JDBC Driver
	Database dialect: H2Dialect
	Database version: 2.4.240
	Default catalog/schema: TESTDB/PUBLIC
	Autocommit mode: undefined/unknown
	Isolation level: READ_COMMITTED [default READ_COMMITTED]
	JDBC fetch size: 100
	Pool: DataSourceConnectionProvider
	Minimum pool size: undefined/unknown
	Maximum pool size: undefined/unknown
2026-04-02T13:23:56.391-05:00  INFO 51723 --- [wallet-service] [           main] org.hibernate.orm.core                   : HHH000489: No JTA platform available (set 'hibernate.transaction.jta.platform' to enable JTA platform integration)
2026-04-02T13:23:56.396-05:00  INFO 51723 --- [wallet-service] [           main] j.LocalContainerEntityManagerFactoryBean : Initialized JPA EntityManagerFactory for persistence unit 'default'
2026-04-02T13:23:56.434-05:00  WARN 51723 --- [wallet-service] [           main] JpaBaseConfiguration$JpaWebConfiguration : spring.jpa.open-in-view is enabled by default. Therefore, database queries may be performed during view rendering. Explicitly configure spring.jpa.open-in-view to disable this warning
2026-04-02T13:23:56.497-05:00  INFO 51723 --- [wallet-service] [           main] o.s.b.t.m.w.SpringBootMockServletContext : Initializing Spring TestDispatcherServlet ''
2026-04-02T13:23:56.498-05:00  INFO 51723 --- [wallet-service] [           main] o.s.t.web.servlet.TestDispatcherServlet  : Initializing Servlet ''
2026-04-02T13:23:56.499-05:00  INFO 51723 --- [wallet-service] [           main] o.s.b.a.e.web.EndpointLinksResolver      : Exposing 1 endpoint beneath base path '/actuator'
2026-04-02T13:23:56.501-05:00  INFO 51723 --- [wallet-service] [           main] o.s.t.web.servlet.TestDispatcherServlet  : Completed initialization in 3 ms
2026-04-02T13:23:56.509-05:00  INFO 51723 --- [wallet-service] [           main] .p.w.p.c.WalletControllerIntegrationTest : Started WalletControllerIntegrationTest in 0.314 seconds (process running for 3.421)
2026-04-02T13:23:56.746-05:00  INFO 51723 --- [wallet-service] [           main] j.LocalContainerEntityManagerFactoryBean : Closing JPA EntityManagerFactory for persistence unit 'default'
2026-04-02T13:23:56.748-05:00  INFO 51723 --- [wallet-service] [           main] com.zaxxer.hikari.HikariDataSource       : HikariPool-2 - Shutdown initiated...
2026-04-02T13:23:56.749-05:00  INFO 51723 --- [wallet-service] [           main] com.zaxxer.hikari.HikariDataSource       : HikariPool-2 - Shutdown completed.
]]></system-out>
  </testcase>
  <testcase name="getWallet_shouldReturn404_whenBelongsToOtherUser" classname="com.personalfinance.walletservice.presentation.controller.WalletControllerIntegrationTest" time="0.11">
    <system-out><![CDATA[
  .   ____          _            __ _ _
 /\\ / ___'_ __ _ _(_)_ __  __ _ \ \ \ \
( ( )\___ | '_ | '_| | '_ \/ _` | \ \ \ \
 \\/  ___)| |_)| | | | | || (_| |  ) ) ) )
  '  |____| .__|_| |_|_| |_\__, | / / / /
 =========|_|==============|___/=/_/_/_/

 :: Spring Boot ::                (v4.0.3)

2026-04-02T13:23:56.759-05:00  INFO 51723 --- [wallet-service] [           main] .p.w.p.c.WalletControllerIntegrationTest : Starting WalletControllerIntegrationTest using Java 25.0.2 with PID 51723 (started by duvan in /home/duvan/IdeaProjects/PersonalFinances/wallet-service)
2026-04-02T13:23:56.760-05:00  INFO 51723 --- [wallet-service] [           main] .p.w.p.c.WalletControllerIntegrationTest : No active profile set, falling back to 1 default profile: "default"
2026-04-02T13:23:56.846-05:00  INFO 51723 --- [wallet-service] [           main] .s.d.r.c.RepositoryConfigurationDelegate : Bootstrapping Spring Data JPA repositories in DEFAULT mode.
2026-04-02T13:23:56.852-05:00  INFO 51723 --- [wallet-service] [           main] .s.d.r.c.RepositoryConfigurationDelegate : Finished Spring Data repository scanning in 4 ms. Found 3 JPA repository interfaces.
2026-04-02T13:23:56.888-05:00  INFO 51723 --- [wallet-service] [           main] org.hibernate.orm.jpa                    : HHH008540: Processing PersistenceUnitInfo [name: default]
2026-04-02T13:23:56.898-05:00  INFO 51723 --- [wallet-service] [           main] o.s.o.j.p.SpringPersistenceUnitInfo      : No LoadTimeWeaver setup: ignoring JPA class transformer
2026-04-02T13:23:56.898-05:00  INFO 51723 --- [wallet-service] [           main] com.zaxxer.hikari.HikariDataSource       : HikariPool-3 - Starting...
2026-04-02T13:23:56.899-05:00  INFO 51723 --- [wallet-service] [           main] com.zaxxer.hikari.pool.HikariPool        : HikariPool-3 - Added connection conn20: url=jdbc:h2:mem:testdb user=SA
2026-04-02T13:23:56.899-05:00  INFO 51723 --- [wallet-service] [           main] com.zaxxer.hikari.HikariDataSource       : HikariPool-3 - Start completed.
2026-04-02T13:23:56.899-05:00  INFO 51723 --- [wallet-service] [           main] org.hibernate.orm.connections.pooling    : HHH10001005: Database info:
	Database JDBC URL [jdbc:h2:mem:testdb]
	Database driver: H2 JDBC Driver
	Database dialect: H2Dialect
	Database version: 2.4.240
	Default catalog/schema: TESTDB/PUBLIC
	Autocommit mode: undefined/unknown
	Isolation level: READ_COMMITTED [default READ_COMMITTED]
	JDBC fetch size: 100
	Pool: DataSourceConnectionProvider
	Minimum pool size: undefined/unknown
	Maximum pool size: undefined/unknown
2026-04-02T13:23:56.921-05:00  INFO 51723 --- [wallet-service] [           main] org.hibernate.orm.core                   : HHH000489: No JTA platform available (set 'hibernate.transaction.jta.platform' to enable JTA platform integration)
2026-04-02T13:23:56.924-05:00  INFO 51723 --- [wallet-service] [           main] j.LocalContainerEntityManagerFactoryBean : Initialized JPA EntityManagerFactory for persistence unit 'default'
2026-04-02T13:23:56.952-05:00  WARN 51723 --- [wallet-service] [           main] JpaBaseConfiguration$JpaWebConfiguration : spring.jpa.open-in-view is enabled by default. Therefore, database queries may be performed during view rendering. Explicitly configure spring.jpa.open-in-view to disable this warning
2026-04-02T13:23:57.003-05:00  INFO 51723 --- [wallet-service] [           main] o.s.b.t.m.w.SpringBootMockServletContext : Initializing Spring TestDispatcherServlet ''
2026-04-02T13:23:57.003-05:00  INFO 51723 --- [wallet-service] [           main] o.s.t.web.servlet.TestDispatcherServlet  : Initializing Servlet ''
2026-04-02T13:23:57.004-05:00  INFO 51723 --- [wallet-service] [           main] o.s.b.a.e.web.EndpointLinksResolver      : Exposing 1 endpoint beneath base path '/actuator'
2026-04-02T13:23:57.006-05:00  INFO 51723 --- [wallet-service] [           main] o.s.t.web.servlet.TestDispatcherServlet  : Completed initialization in 3 ms
2026-04-02T13:23:57.011-05:00  INFO 51723 --- [wallet-service] [           main] .p.w.p.c.WalletControllerIntegrationTest : Started WalletControllerIntegrationTest in 0.26 seconds (process running for 3.923)
2026-04-02T13:23:57.092-05:00  INFO 51723 --- [wallet-service] [           main] j.LocalContainerEntityManagerFactoryBean : Closing JPA EntityManagerFactory for persistence unit 'default'
2026-04-02T13:23:57.093-05:00  INFO 51723 --- [wallet-service] [           main] com.zaxxer.hikari.HikariDataSource       : HikariPool-3 - Shutdown initiated...
2026-04-02T13:23:57.122-05:00  INFO 51723 --- [wallet-service] [           main] com.zaxxer.hikari.HikariDataSource       : HikariPool-3 - Shutdown completed.
]]></system-out>
  </testcase>
  <testcase name="createWallet_shouldReturn401_whenNoUserIdHeader" classname="com.personalfinance.walletservice.presentation.controller.WalletControllerIntegrationTest" time="0.033">
    <system-out><![CDATA[
  .   ____          _            __ _ _
 /\\ / ___'_ __ _ _(_)_ __  __ _ \ \ \ \
( ( )\___ | '_ | '_| | '_ \/ _` | \ \ \ \
 \\/  ___)| |_)| | | | | || (_| |  ) ) ) )
  '  |____| .__|_| |_|_| |_\__, | / / / /
 =========|_|==============|___/=/_/_/_/

 :: Spring Boot ::                (v4.0.3)

2026-04-02T13:23:57.132-05:00  INFO 51723 --- [wallet-service] [           main] .p.w.p.c.WalletControllerIntegrationTest : Starting WalletControllerIntegrationTest using Java 25.0.2 with PID 51723 (started by duvan in /home/duvan/IdeaProjects/PersonalFinances/wallet-service)
2026-04-02T13:23:57.132-05:00  INFO 51723 --- [wallet-service] [           main] .p.w.p.c.WalletControllerIntegrationTest : No active profile set, falling back to 1 default profile: "default"
2026-04-02T13:23:57.207-05:00  INFO 51723 --- [wallet-service] [           main] .s.d.r.c.RepositoryConfigurationDelegate : Bootstrapping Spring Data JPA repositories in DEFAULT mode.
2026-04-02T13:23:57.212-05:00  INFO 51723 --- [wallet-service] [           main] .s.d.r.c.RepositoryConfigurationDelegate : Finished Spring Data repository scanning in 4 ms. Found 3 JPA repository interfaces.
2026-04-02T13:23:57.238-05:00  INFO 51723 --- [wallet-service] [           main] org.hibernate.orm.jpa                    : HHH008540: Processing PersistenceUnitInfo [name: default]
2026-04-02T13:23:57.247-05:00  INFO 51723 --- [wallet-service] [           main] o.s.o.j.p.SpringPersistenceUnitInfo      : No LoadTimeWeaver setup: ignoring JPA class transformer
2026-04-02T13:23:57.247-05:00  INFO 51723 --- [wallet-service] [           main] com.zaxxer.hikari.HikariDataSource       : HikariPool-4 - Starting...
2026-04-02T13:23:57.248-05:00  INFO 51723 --- [wallet-service] [           main] com.zaxxer.hikari.pool.HikariPool        : HikariPool-4 - Added connection conn25: url=jdbc:h2:mem:testdb user=SA
2026-04-02T13:23:57.248-05:00  INFO 51723 --- [wallet-service] [           main] com.zaxxer.hikari.HikariDataSource       : HikariPool-4 - Start completed.
2026-04-02T13:23:57.248-05:00  INFO 51723 --- [wallet-service] [           main] org.hibernate.orm.connections.pooling    : HHH10001005: Database info:
	Database JDBC URL [jdbc:h2:mem:testdb]
	Database driver: H2 JDBC Driver
	Database dialect: H2Dialect
	Database version: 2.4.240
	Default catalog/schema: TESTDB/PUBLIC
	Autocommit mode: undefined/unknown
	Isolation level: READ_COMMITTED [default READ_COMMITTED]
	JDBC fetch size: 100
	Pool: DataSourceConnectionProvider
	Minimum pool size: undefined/unknown
	Maximum pool size: undefined/unknown
2026-04-02T13:23:57.267-05:00  INFO 51723 --- [wallet-service] [           main] org.hibernate.orm.core                   : HHH000489: No JTA platform available (set 'hibernate.transaction.jta.platform' to enable JTA platform integration)
2026-04-02T13:23:57.270-05:00  INFO 51723 --- [wallet-service] [           main] j.LocalContainerEntityManagerFactoryBean : Initialized JPA EntityManagerFactory for persistence unit 'default'
2026-04-02T13:23:57.293-05:00  WARN 51723 --- [wallet-service] [           main] JpaBaseConfiguration$JpaWebConfiguration : spring.jpa.open-in-view is enabled by default. Therefore, database queries may be performed during view rendering. Explicitly configure spring.jpa.open-in-view to disable this warning
2026-04-02T13:23:57.337-05:00  INFO 51723 --- [wallet-service] [           main] o.s.b.t.m.w.SpringBootMockServletContext : Initializing Spring TestDispatcherServlet ''
2026-04-02T13:23:57.337-05:00  INFO 51723 --- [wallet-service] [           main] o.s.t.web.servlet.TestDispatcherServlet  : Initializing Servlet ''
2026-04-02T13:23:57.338-05:00  INFO 51723 --- [wallet-service] [           main] o.s.b.a.e.web.EndpointLinksResolver      : Exposing 1 endpoint beneath base path '/actuator'
2026-04-02T13:23:57.340-05:00  INFO 51723 --- [wallet-service] [           main] o.s.t.web.servlet.TestDispatcherServlet  : Completed initialization in 3 ms
2026-04-02T13:23:57.345-05:00  INFO 51723 --- [wallet-service] [           main] .p.w.p.c.WalletControllerIntegrationTest : Started WalletControllerIntegrationTest in 0.221 seconds (process running for 4.258)
2026-04-02T13:23:57.352-05:00  INFO 51723 --- [wallet-service] [           main] j.LocalContainerEntityManagerFactoryBean : Closing JPA EntityManagerFactory for persistence unit 'default'
2026-04-02T13:23:57.353-05:00  INFO 51723 --- [wallet-service] [           main] com.zaxxer.hikari.HikariDataSource       : HikariPool-4 - Shutdown initiated...
2026-04-02T13:23:57.379-05:00  INFO 51723 --- [wallet-service] [           main] com.zaxxer.hikari.HikariDataSource       : HikariPool-4 - Shutdown completed.
]]></system-out>
  </testcase>
  <testcase name="restore_shouldReturn200_withArchivedFalse" classname="com.personalfinance.walletservice.presentation.controller.WalletControllerIntegrationTest" time="0.039">
    <system-out><![CDATA[
  .   ____          _            __ _ _
 /\\ / ___'_ __ _ _(_)_ __  __ _ \ \ \ \
( ( )\___ | '_ | '_| | '_ \/ _` | \ \ \ \
 \\/  ___)| |_)| | | | | || (_| |  ) ) ) )
  '  |____| .__|_| |_|_| |_\__, | / / / /
 =========|_|==============|___/=/_/_/_/

 :: Spring Boot ::                (v4.0.3)

2026-04-02T13:23:57.387-05:00  INFO 51723 --- [wallet-service] [           main] .p.w.p.c.WalletControllerIntegrationTest : Starting WalletControllerIntegrationTest using Java 25.0.2 with PID 51723 (started by duvan in /home/duvan/IdeaProjects/PersonalFinances/wallet-service)
2026-04-02T13:23:57.387-05:00  INFO 51723 --- [wallet-service] [           main] .p.w.p.c.WalletControllerIntegrationTest : No active profile set, falling back to 1 default profile: "default"
2026-04-02T13:23:57.457-05:00  INFO 51723 --- [wallet-service] [           main] .s.d.r.c.RepositoryConfigurationDelegate : Bootstrapping Spring Data JPA repositories in DEFAULT mode.
2026-04-02T13:23:57.462-05:00  INFO 51723 --- [wallet-service] [           main] .s.d.r.c.RepositoryConfigurationDelegate : Finished Spring Data repository scanning in 4 ms. Found 3 JPA repository interfaces.
2026-04-02T13:23:57.487-05:00  INFO 51723 --- [wallet-service] [           main] org.hibernate.orm.jpa                    : HHH008540: Processing PersistenceUnitInfo [name: default]
2026-04-02T13:23:57.495-05:00  INFO 51723 --- [wallet-service] [           main] o.s.o.j.p.SpringPersistenceUnitInfo      : No LoadTimeWeaver setup: ignoring JPA class transformer
2026-04-02T13:23:57.496-05:00  INFO 51723 --- [wallet-service] [           main] com.zaxxer.hikari.HikariDataSource       : HikariPool-5 - Starting...
2026-04-02T13:23:57.497-05:00  INFO 51723 --- [wallet-service] [           main] com.zaxxer.hikari.pool.HikariPool        : HikariPool-5 - Added connection conn27: url=jdbc:h2:mem:testdb user=SA
2026-04-02T13:23:57.497-05:00  INFO 51723 --- [wallet-service] [           main] com.zaxxer.hikari.HikariDataSource       : HikariPool-5 - Start completed.
2026-04-02T13:23:57.497-05:00  INFO 51723 --- [wallet-service] [           main] org.hibernate.orm.connections.pooling    : HHH10001005: Database info:
	Database JDBC URL [jdbc:h2:mem:testdb]
	Database driver: H2 JDBC Driver
	Database dialect: H2Dialect
	Database version: 2.4.240
	Default catalog/schema: TESTDB/PUBLIC
	Autocommit mode: undefined/unknown
	Isolation level: READ_COMMITTED [default READ_COMMITTED]
	JDBC fetch size: 100
	Pool: DataSourceConnectionProvider
	Minimum pool size: undefined/unknown
	Maximum pool size: undefined/unknown
2026-04-02T13:23:57.517-05:00  INFO 51723 --- [wallet-service] [           main] org.hibernate.orm.core                   : HHH000489: No JTA platform available (set 'hibernate.transaction.jta.platform' to enable JTA platform integration)
2026-04-02T13:23:57.520-05:00  INFO 51723 --- [wallet-service] [           main] j.LocalContainerEntityManagerFactoryBean : Initialized JPA EntityManagerFactory for persistence unit 'default'
2026-04-02T13:23:57.541-05:00  WARN 51723 --- [wallet-service] [           main] JpaBaseConfiguration$JpaWebConfiguration : spring.jpa.open-in-view is enabled by default. Therefore, database queries may be performed during view rendering. Explicitly configure spring.jpa.open-in-view to disable this warning
2026-04-02T13:23:57.581-05:00  INFO 51723 --- [wallet-service] [           main] o.s.b.t.m.w.SpringBootMockServletContext : Initializing Spring TestDispatcherServlet ''
2026-04-02T13:23:57.581-05:00  INFO 51723 --- [wallet-service] [           main] o.s.t.web.servlet.TestDispatcherServlet  : Initializing Servlet ''
2026-04-02T13:23:57.582-05:00  INFO 51723 --- [wallet-service] [           main] o.s.b.a.e.web.EndpointLinksResolver      : Exposing 1 endpoint beneath base path '/actuator'
2026-04-02T13:23:57.583-05:00  INFO 51723 --- [wallet-service] [           main] o.s.t.web.servlet.TestDispatcherServlet  : Completed initialization in 2 ms
2026-04-02T13:23:57.588-05:00  INFO 51723 --- [wallet-service] [           main] .p.w.p.c.WalletControllerIntegrationTest : Started WalletControllerIntegrationTest in 0.208 seconds (process running for 4.5)
2026-04-02T13:23:57.622-05:00  INFO 51723 --- [wallet-service] [           main] j.LocalContainerEntityManagerFactoryBean : Closing JPA EntityManagerFactory for persistence unit 'default'
2026-04-02T13:23:57.624-05:00  INFO 51723 --- [wallet-service] [           main] com.zaxxer.hikari.HikariDataSource       : HikariPool-5 - Shutdown initiated...
2026-04-02T13:23:57.628-05:00  INFO 51723 --- [wallet-service] [           main] com.zaxxer.hikari.HikariDataSource       : HikariPool-5 - Shutdown completed.
]]></system-out>
  </testcase>
  <testcase name="setSpendingLimit_shouldReturn200_withLimitData" classname="com.personalfinance.walletservice.presentation.controller.WalletControllerIntegrationTest" time="0.03">
    <system-out><![CDATA[
  .   ____          _            __ _ _
 /\\ / ___'_ __ _ _(_)_ __  __ _ \ \ \ \
( ( )\___ | '_ | '_| | '_ \/ _` | \ \ \ \
 \\/  ___)| |_)| | | | | || (_| |  ) ) ) )
  '  |____| .__|_| |_|_| |_\__, | / / / /
 =========|_|==============|___/=/_/_/_/

 :: Spring Boot ::                (v4.0.3)

2026-04-02T13:23:57.636-05:00  INFO 51723 --- [wallet-service] [           main] .p.w.p.c.WalletControllerIntegrationTest : Starting WalletControllerIntegrationTest using Java 25.0.2 with PID 51723 (started by duvan in /home/duvan/IdeaProjects/PersonalFinances/wallet-service)
2026-04-02T13:23:57.636-05:00  INFO 51723 --- [wallet-service] [           main] .p.w.p.c.WalletControllerIntegrationTest : No active profile set, falling back to 1 default profile: "default"
2026-04-02T13:23:57.698-05:00  INFO 51723 --- [wallet-service] [           main] .s.d.r.c.RepositoryConfigurationDelegate : Bootstrapping Spring Data JPA repositories in DEFAULT mode.
2026-04-02T13:23:57.703-05:00  INFO 51723 --- [wallet-service] [           main] .s.d.r.c.RepositoryConfigurationDelegate : Finished Spring Data repository scanning in 3 ms. Found 3 JPA repository interfaces.
2026-04-02T13:23:57.725-05:00  INFO 51723 --- [wallet-service] [           main] org.hibernate.orm.jpa                    : HHH008540: Processing PersistenceUnitInfo [name: default]
2026-04-02T13:23:57.734-05:00  INFO 51723 --- [wallet-service] [           main] o.s.o.j.p.SpringPersistenceUnitInfo      : No LoadTimeWeaver setup: ignoring JPA class transformer
2026-04-02T13:23:57.735-05:00  INFO 51723 --- [wallet-service] [           main] com.zaxxer.hikari.HikariDataSource       : HikariPool-6 - Starting...
2026-04-02T13:23:57.735-05:00  INFO 51723 --- [wallet-service] [           main] com.zaxxer.hikari.pool.HikariPool        : HikariPool-6 - Added connection conn29: url=jdbc:h2:mem:testdb user=SA
2026-04-02T13:23:57.735-05:00  INFO 51723 --- [wallet-service] [           main] com.zaxxer.hikari.HikariDataSource       : HikariPool-6 - Start completed.
2026-04-02T13:23:57.736-05:00  INFO 51723 --- [wallet-service] [           main] org.hibernate.orm.connections.pooling    : HHH10001005: Database info:
	Database JDBC URL [jdbc:h2:mem:testdb]
	Database driver: H2 JDBC Driver
	Database dialect: H2Dialect
	Database version: 2.4.240
	Default catalog/schema: TESTDB/PUBLIC
	Autocommit mode: undefined/unknown
	Isolation level: READ_COMMITTED [default READ_COMMITTED]
	JDBC fetch size: 100
	Pool: DataSourceConnectionProvider
	Minimum pool size: undefined/unknown
	Maximum pool size: undefined/unknown
2026-04-02T13:23:57.757-05:00  INFO 51723 --- [wallet-service] [           main] org.hibernate.orm.core                   : HHH000489: No JTA platform available (set 'hibernate.transaction.jta.platform' to enable JTA platform integration)
2026-04-02T13:23:57.760-05:00  INFO 51723 --- [wallet-service] [           main] j.LocalContainerEntityManagerFactoryBean : Initialized JPA EntityManagerFactory for persistence unit 'default'
2026-04-02T13:23:57.785-05:00  WARN 51723 --- [wallet-service] [           main] JpaBaseConfiguration$JpaWebConfiguration : spring.jpa.open-in-view is enabled by default. Therefore, database queries may be performed during view rendering. Explicitly configure spring.jpa.open-in-view to disable this warning
2026-04-02T13:23:57.829-05:00  INFO 51723 --- [wallet-service] [           main] o.s.b.t.m.w.SpringBootMockServletContext : Initializing Spring TestDispatcherServlet ''
2026-04-02T13:23:57.829-05:00  INFO 51723 --- [wallet-service] [           main] o.s.t.web.servlet.TestDispatcherServlet  : Initializing Servlet ''
2026-04-02T13:23:57.830-05:00  INFO 51723 --- [wallet-service] [           main] o.s.b.a.e.web.EndpointLinksResolver      : Exposing 1 endpoint beneath base path '/actuator'
2026-04-02T13:23:57.831-05:00  INFO 51723 --- [wallet-service] [           main] o.s.t.web.servlet.TestDispatcherServlet  : Completed initialization in 2 ms
2026-04-02T13:23:57.836-05:00  INFO 51723 --- [wallet-service] [           main] .p.w.p.c.WalletControllerIntegrationTest : Started WalletControllerIntegrationTest in 0.207 seconds (process running for 4.748)
2026-04-02T13:23:57.859-05:00  INFO 51723 --- [wallet-service] [           main] j.LocalContainerEntityManagerFactoryBean : Closing JPA EntityManagerFactory for persistence unit 'default'
2026-04-02T13:23:57.860-05:00  INFO 51723 --- [wallet-service] [           main] com.zaxxer.hikari.HikariDataSource       : HikariPool-6 - Shutdown initiated...
2026-04-02T13:23:57.866-05:00  INFO 51723 --- [wallet-service] [           main] com.zaxxer.hikari.HikariDataSource       : HikariPool-6 - Shutdown completed.
]]></system-out>
  </testcase>
  <testcase name="getWalletsPaged_shouldReturnPagedResults" classname="com.personalfinance.walletservice.presentation.controller.WalletControllerIntegrationTest" time="0.04">
    <system-out><![CDATA[
  .   ____          _            __ _ _
 /\\ / ___'_ __ _ _(_)_ __  __ _ \ \ \ \
( ( )\___ | '_ | '_| | '_ \/ _` | \ \ \ \
 \\/  ___)| |_)| | | | | || (_| |  ) ) ) )
  '  |____| .__|_| |_|_| |_\__, | / / / /
 =========|_|==============|___/=/_/_/_/

 :: Spring Boot ::                (v4.0.3)

2026-04-02T13:23:57.875-05:00  INFO 51723 --- [wallet-service] [           main] .p.w.p.c.WalletControllerIntegrationTest : Starting WalletControllerIntegrationTest using Java 25.0.2 with PID 51723 (started by duvan in /home/duvan/IdeaProjects/PersonalFinances/wallet-service)
2026-04-02T13:23:57.875-05:00  INFO 51723 --- [wallet-service] [           main] .p.w.p.c.WalletControllerIntegrationTest : No active profile set, falling back to 1 default profile: "default"
2026-04-02T13:23:57.943-05:00  INFO 51723 --- [wallet-service] [           main] .s.d.r.c.RepositoryConfigurationDelegate : Bootstrapping Spring Data JPA repositories in DEFAULT mode.
2026-04-02T13:23:57.948-05:00  INFO 51723 --- [wallet-service] [           main] .s.d.r.c.RepositoryConfigurationDelegate : Finished Spring Data repository scanning in 4 ms. Found 3 JPA repository interfaces.
2026-04-02T13:23:57.973-05:00  INFO 51723 --- [wallet-service] [           main] org.hibernate.orm.jpa                    : HHH008540: Processing PersistenceUnitInfo [name: default]
2026-04-02T13:23:57.983-05:00  INFO 51723 --- [wallet-service] [           main] o.s.o.j.p.SpringPersistenceUnitInfo      : No LoadTimeWeaver setup: ignoring JPA class transformer
2026-04-02T13:23:57.983-05:00  INFO 51723 --- [wallet-service] [           main] com.zaxxer.hikari.HikariDataSource       : HikariPool-7 - Starting...
2026-04-02T13:23:57.984-05:00  INFO 51723 --- [wallet-service] [           main] com.zaxxer.hikari.pool.HikariPool        : HikariPool-7 - Added connection conn31: url=jdbc:h2:mem:testdb user=SA
2026-04-02T13:23:57.984-05:00  INFO 51723 --- [wallet-service] [           main] com.zaxxer.hikari.HikariDataSource       : HikariPool-7 - Start completed.
2026-04-02T13:23:57.984-05:00  INFO 51723 --- [wallet-service] [           main] org.hibernate.orm.connections.pooling    : HHH10001005: Database info:
	Database JDBC URL [jdbc:h2:mem:testdb]
	Database driver: H2 JDBC Driver
	Database dialect: H2Dialect
	Database version: 2.4.240
	Default catalog/schema: TESTDB/PUBLIC
	Autocommit mode: undefined/unknown
	Isolation level: READ_COMMITTED [default READ_COMMITTED]
	JDBC fetch size: 100
	Pool: DataSourceConnectionProvider
	Minimum pool size: undefined/unknown
	Maximum pool size: undefined/unknown
2026-04-02T13:23:58.001-05:00  INFO 51723 --- [wallet-service] [           main] org.hibernate.orm.core                   : HHH000489: No JTA platform available (set 'hibernate.transaction.jta.platform' to enable JTA platform integration)
2026-04-02T13:23:58.004-05:00  INFO 51723 --- [wallet-service] [           main] j.LocalContainerEntityManagerFactoryBean : Initialized JPA EntityManagerFactory for persistence unit 'default'
2026-04-02T13:23:58.026-05:00  WARN 51723 --- [wallet-service] [           main] JpaBaseConfiguration$JpaWebConfiguration : spring.jpa.open-in-view is enabled by default. Therefore, database queries may be performed during view rendering. Explicitly configure spring.jpa.open-in-view to disable this warning
2026-04-02T13:23:58.067-05:00  INFO 51723 --- [wallet-service] [           main] o.s.b.t.m.w.SpringBootMockServletContext : Initializing Spring TestDispatcherServlet ''
2026-04-02T13:23:58.067-05:00  INFO 51723 --- [wallet-service] [           main] o.s.t.web.servlet.TestDispatcherServlet  : Initializing Servlet ''
2026-04-02T13:23:58.068-05:00  INFO 51723 --- [wallet-service] [           main] o.s.b.a.e.web.EndpointLinksResolver      : Exposing 1 endpoint beneath base path '/actuator'
2026-04-02T13:23:58.069-05:00  INFO 51723 --- [wallet-service] [           main] o.s.t.web.servlet.TestDispatcherServlet  : Completed initialization in 2 ms
2026-04-02T13:23:58.074-05:00  INFO 51723 --- [wallet-service] [           main] .p.w.p.c.WalletControllerIntegrationTest : Started WalletControllerIntegrationTest in 0.206 seconds (process running for 4.987)
2026-04-02T13:23:58.110-05:00  INFO 51723 --- [wallet-service] [           main] j.LocalContainerEntityManagerFactoryBean : Closing JPA EntityManagerFactory for persistence unit 'default'
2026-04-02T13:23:58.111-05:00  INFO 51723 --- [wallet-service] [           main] com.zaxxer.hikari.HikariDataSource       : HikariPool-7 - Shutdown initiated...
2026-04-02T13:23:58.115-05:00  INFO 51723 --- [wallet-service] [           main] com.zaxxer.hikari.HikariDataSource       : HikariPool-7 - Shutdown completed.
]]></system-out>
  </testcase>
  <testcase name="getWallet_shouldReturnWallet" classname="com.personalfinance.walletservice.presentation.controller.WalletControllerIntegrationTest" time="0.015">
    <system-out><![CDATA[
  .   ____          _            __ _ _
 /\\ / ___'_ __ _ _(_)_ __  __ _ \ \ \ \
( ( )\___ | '_ | '_| | '_ \/ _` | \ \ \ \
 \\/  ___)| |_)| | | | | || (_| |  ) ) ) )
  '  |____| .__|_| |_|_| |_\__, | / / / /
 =========|_|==============|___/=/_/_/_/

 :: Spring Boot ::                (v4.0.3)

2026-04-02T13:23:58.122-05:00  INFO 51723 --- [wallet-service] [           main] .p.w.p.c.WalletControllerIntegrationTest : Starting WalletControllerIntegrationTest using Java 25.0.2 with PID 51723 (started by duvan in /home/duvan/IdeaProjects/PersonalFinances/wallet-service)
2026-04-02T13:23:58.122-05:00  INFO 51723 --- [wallet-service] [           main] .p.w.p.c.WalletControllerIntegrationTest : No active profile set, falling back to 1 default profile: "default"
2026-04-02T13:23:58.183-05:00  INFO 51723 --- [wallet-service] [           main] .s.d.r.c.RepositoryConfigurationDelegate : Bootstrapping Spring Data JPA repositories in DEFAULT mode.
2026-04-02T13:23:58.188-05:00  INFO 51723 --- [wallet-service] [           main] .s.d.r.c.RepositoryConfigurationDelegate : Finished Spring Data repository scanning in 3 ms. Found 3 JPA repository interfaces.
2026-04-02T13:23:58.208-05:00  INFO 51723 --- [wallet-service] [           main] org.hibernate.orm.jpa                    : HHH008540: Processing PersistenceUnitInfo [name: default]
2026-04-02T13:23:58.215-05:00  INFO 51723 --- [wallet-service] [           main] o.s.o.j.p.SpringPersistenceUnitInfo      : No LoadTimeWeaver setup: ignoring JPA class transformer
2026-04-02T13:23:58.216-05:00  INFO 51723 --- [wallet-service] [           main] com.zaxxer.hikari.HikariDataSource       : HikariPool-8 - Starting...
2026-04-02T13:23:58.217-05:00  INFO 51723 --- [wallet-service] [           main] com.zaxxer.hikari.pool.HikariPool        : HikariPool-8 - Added connection conn33: url=jdbc:h2:mem:testdb user=SA
2026-04-02T13:23:58.217-05:00  INFO 51723 --- [wallet-service] [           main] com.zaxxer.hikari.HikariDataSource       : HikariPool-8 - Start completed.
2026-04-02T13:23:58.217-05:00  INFO 51723 --- [wallet-service] [           main] org.hibernate.orm.connections.pooling    : HHH10001005: Database info:
	Database JDBC URL [jdbc:h2:mem:testdb]
	Database driver: H2 JDBC Driver
	Database dialect: H2Dialect
	Database version: 2.4.240
	Default catalog/schema: TESTDB/PUBLIC
	Autocommit mode: undefined/unknown
	Isolation level: READ_COMMITTED [default READ_COMMITTED]
	JDBC fetch size: 100
	Pool: DataSourceConnectionProvider
	Minimum pool size: undefined/unknown
	Maximum pool size: undefined/unknown
2026-04-02T13:23:58.232-05:00  INFO 51723 --- [wallet-service] [           main] org.hibernate.orm.core                   : HHH000489: No JTA platform available (set 'hibernate.transaction.jta.platform' to enable JTA platform integration)
2026-04-02T13:23:58.234-05:00  INFO 51723 --- [wallet-service] [           main] j.LocalContainerEntityManagerFactoryBean : Initialized JPA EntityManagerFactory for persistence unit 'default'
2026-04-02T13:23:58.255-05:00  WARN 51723 --- [wallet-service] [           main] JpaBaseConfiguration$JpaWebConfiguration : spring.jpa.open-in-view is enabled by default. Therefore, database queries may be performed during view rendering. Explicitly configure spring.jpa.open-in-view to disable this warning
2026-04-02T13:23:58.292-05:00  INFO 51723 --- [wallet-service] [           main] o.s.b.t.m.w.SpringBootMockServletContext : Initializing Spring TestDispatcherServlet ''
2026-04-02T13:23:58.292-05:00  INFO 51723 --- [wallet-service] [           main] o.s.t.web.servlet.TestDispatcherServlet  : Initializing Servlet ''
2026-04-02T13:23:58.293-05:00  INFO 51723 --- [wallet-service] [           main] o.s.b.a.e.web.EndpointLinksResolver      : Exposing 1 endpoint beneath base path '/actuator'
2026-04-02T13:23:58.294-05:00  INFO 51723 --- [wallet-service] [           main] o.s.t.web.servlet.TestDispatcherServlet  : Completed initialization in 2 ms
2026-04-02T13:23:58.298-05:00  INFO 51723 --- [wallet-service] [           main] .p.w.p.c.WalletControllerIntegrationTest : Started WalletControllerIntegrationTest in 0.182 seconds (process running for 5.211)
2026-04-02T13:23:58.313-05:00  INFO 51723 --- [wallet-service] [           main] j.LocalContainerEntityManagerFactoryBean : Closing JPA EntityManagerFactory for persistence unit 'default'
2026-04-02T13:23:58.314-05:00  INFO 51723 --- [wallet-service] [           main] com.zaxxer.hikari.HikariDataSource       : HikariPool-8 - Shutdown initiated...
2026-04-02T13:23:58.314-05:00  INFO 51723 --- [wallet-service] [           main] com.zaxxer.hikari.HikariDataSource       : HikariPool-8 - Shutdown completed.
]]></system-out>
  </testcase>
  <testcase name="getWallet_shouldReturn404_whenNotFound" classname="com.personalfinance.walletservice.presentation.controller.WalletControllerIntegrationTest" time="0.008">
    <system-out><![CDATA[
  .   ____          _            __ _ _
 /\\ / ___'_ __ _ _(_)_ __  __ _ \ \ \ \
( ( )\___ | '_ | '_| | '_ \/ _` | \ \ \ \
 \\/  ___)| |_)| | | | | || (_| |  ) ) ) )
  '  |____| .__|_| |_|_| |_\__, | / / / /
 =========|_|==============|___/=/_/_/_/

 :: Spring Boot ::                (v4.0.3)

2026-04-02T13:23:58.321-05:00  INFO 51723 --- [wallet-service] [           main] .p.w.p.c.WalletControllerIntegrationTest : Starting WalletControllerIntegrationTest using Java 25.0.2 with PID 51723 (started by duvan in /home/duvan/IdeaProjects/PersonalFinances/wallet-service)
2026-04-02T13:23:58.321-05:00  INFO 51723 --- [wallet-service] [           main] .p.w.p.c.WalletControllerIntegrationTest : No active profile set, falling back to 1 default profile: "default"
2026-04-02T13:23:58.371-05:00  INFO 51723 --- [wallet-service] [           main] .s.d.r.c.RepositoryConfigurationDelegate : Bootstrapping Spring Data JPA repositories in DEFAULT mode.
2026-04-02T13:23:58.375-05:00  INFO 51723 --- [wallet-service] [           main] .s.d.r.c.RepositoryConfigurationDelegate : Finished Spring Data repository scanning in 3 ms. Found 3 JPA repository interfaces.
2026-04-02T13:23:58.399-05:00  INFO 51723 --- [wallet-service] [           main] org.hibernate.orm.jpa                    : HHH008540: Processing PersistenceUnitInfo [name: default]
2026-04-02T13:23:58.407-05:00  INFO 51723 --- [wallet-service] [           main] o.s.o.j.p.SpringPersistenceUnitInfo      : No LoadTimeWeaver setup: ignoring JPA class transformer
2026-04-02T13:23:58.407-05:00  INFO 51723 --- [wallet-service] [           main] com.zaxxer.hikari.HikariDataSource       : HikariPool-9 - Starting...
2026-04-02T13:23:58.408-05:00  INFO 51723 --- [wallet-service] [           main] com.zaxxer.hikari.pool.HikariPool        : HikariPool-9 - Added connection conn34: url=jdbc:h2:mem:testdb user=SA
2026-04-02T13:23:58.408-05:00  INFO 51723 --- [wallet-service] [           main] com.zaxxer.hikari.HikariDataSource       : HikariPool-9 - Start completed.
2026-04-02T13:23:58.408-05:00  INFO 51723 --- [wallet-service] [           main] org.hibernate.orm.connections.pooling    : HHH10001005: Database info:
	Database JDBC URL [jdbc:h2:mem:testdb]
	Database driver: H2 JDBC Driver
	Database dialect: H2Dialect
	Database version: 2.4.240
	Default catalog/schema: TESTDB/PUBLIC
	Autocommit mode: undefined/unknown
	Isolation level: READ_COMMITTED [default READ_COMMITTED]
	JDBC fetch size: 100
	Pool: DataSourceConnectionProvider
	Minimum pool size: undefined/unknown
	Maximum pool size: undefined/unknown
2026-04-02T13:23:58.426-05:00  INFO 51723 --- [wallet-service] [           main] org.hibernate.orm.core                   : HHH000489: No JTA platform available (set 'hibernate.transaction.jta.platform' to enable JTA platform integration)
2026-04-02T13:23:58.429-05:00  INFO 51723 --- [wallet-service] [           main] j.LocalContainerEntityManagerFactoryBean : Initialized JPA EntityManagerFactory for persistence unit 'default'
2026-04-02T13:23:58.450-05:00  WARN 51723 --- [wallet-service] [           main] JpaBaseConfiguration$JpaWebConfiguration : spring.jpa.open-in-view is enabled by default. Therefore, database queries may be performed during view rendering. Explicitly configure spring.jpa.open-in-view to disable this warning
2026-04-02T13:23:58.491-05:00  INFO 51723 --- [wallet-service] [           main] o.s.b.t.m.w.SpringBootMockServletContext : Initializing Spring TestDispatcherServlet ''
2026-04-02T13:23:58.492-05:00  INFO 51723 --- [wallet-service] [           main] o.s.t.web.servlet.TestDispatcherServlet  : Initializing Servlet ''
2026-04-02T13:23:58.493-05:00  INFO 51723 --- [wallet-service] [           main] o.s.b.a.e.web.EndpointLinksResolver      : Exposing 1 endpoint beneath base path '/actuator'
2026-04-02T13:23:58.494-05:00  INFO 51723 --- [wallet-service] [           main] o.s.t.web.servlet.TestDispatcherServlet  : Completed initialization in 2 ms
2026-04-02T13:23:58.499-05:00  INFO 51723 --- [wallet-service] [           main] .p.w.p.c.WalletControllerIntegrationTest : Started WalletControllerIntegrationTest in 0.184 seconds (process running for 5.412)
2026-04-02T13:23:58.507-05:00  INFO 51723 --- [wallet-service] [           main] j.LocalContainerEntityManagerFactoryBean : Closing JPA EntityManagerFactory for persistence unit 'default'
2026-04-02T13:23:58.508-05:00  INFO 51723 --- [wallet-service] [           main] com.zaxxer.hikari.HikariDataSource       : HikariPool-9 - Shutdown initiated...
2026-04-02T13:23:58.508-05:00  INFO 51723 --- [wallet-service] [           main] com.zaxxer.hikari.HikariDataSource       : HikariPool-9 - Shutdown completed.
]]></system-out>
  </testcase>
  <testcase name="createWallet_shouldReturn400_whenNameIsBlank" classname="com.personalfinance.walletservice.presentation.controller.WalletControllerIntegrationTest" time="0.013">
    <system-out><![CDATA[
  .   ____          _            __ _ _
 /\\ / ___'_ __ _ _(_)_ __  __ _ \ \ \ \
( ( )\___ | '_ | '_| | '_ \/ _` | \ \ \ \
 \\/  ___)| |_)| | | | | || (_| |  ) ) ) )
  '  |____| .__|_| |_|_| |_\__, | / / / /
 =========|_|==============|___/=/_/_/_/

 :: Spring Boot ::                (v4.0.3)

2026-04-02T13:23:58.515-05:00  INFO 51723 --- [wallet-service] [           main] .p.w.p.c.WalletControllerIntegrationTest : Starting WalletControllerIntegrationTest using Java 25.0.2 with PID 51723 (started by duvan in /home/duvan/IdeaProjects/PersonalFinances/wallet-service)
2026-04-02T13:23:58.515-05:00  INFO 51723 --- [wallet-service] [           main] .p.w.p.c.WalletControllerIntegrationTest : No active profile set, falling back to 1 default profile: "default"
2026-04-02T13:23:58.565-05:00  INFO 51723 --- [wallet-service] [           main] .s.d.r.c.RepositoryConfigurationDelegate : Bootstrapping Spring Data JPA repositories in DEFAULT mode.
2026-04-02T13:23:58.569-05:00  INFO 51723 --- [wallet-service] [           main] .s.d.r.c.RepositoryConfigurationDelegate : Finished Spring Data repository scanning in 3 ms. Found 3 JPA repository interfaces.
2026-04-02T13:23:58.588-05:00  INFO 51723 --- [wallet-service] [           main] org.hibernate.orm.jpa                    : HHH008540: Processing PersistenceUnitInfo [name: default]
2026-04-02T13:23:58.600-05:00  INFO 51723 --- [wallet-service] [           main] o.s.o.j.p.SpringPersistenceUnitInfo      : No LoadTimeWeaver setup: ignoring JPA class transformer
2026-04-02T13:23:58.601-05:00  INFO 51723 --- [wallet-service] [           main] com.zaxxer.hikari.HikariDataSource       : HikariPool-10 - Starting...
2026-04-02T13:23:58.602-05:00  INFO 51723 --- [wallet-service] [           main] com.zaxxer.hikari.pool.HikariPool        : HikariPool-10 - Added connection conn35: url=jdbc:h2:mem:testdb user=SA
2026-04-02T13:23:58.602-05:00  INFO 51723 --- [wallet-service] [           main] com.zaxxer.hikari.HikariDataSource       : HikariPool-10 - Start completed.
2026-04-02T13:23:58.602-05:00  INFO 51723 --- [wallet-service] [           main] org.hibernate.orm.connections.pooling    : HHH10001005: Database info:
	Database JDBC URL [jdbc:h2:mem:testdb]
	Database driver: H2 JDBC Driver
	Database dialect: H2Dialect
	Database version: 2.4.240
	Default catalog/schema: TESTDB/PUBLIC
	Autocommit mode: undefined/unknown
	Isolation level: READ_COMMITTED [default READ_COMMITTED]
	JDBC fetch size: 100
	Pool: DataSourceConnectionProvider
	Minimum pool size: undefined/unknown
	Maximum pool size: undefined/unknown
2026-04-02T13:23:58.616-05:00  INFO 51723 --- [wallet-service] [           main] org.hibernate.orm.core                   : HHH000489: No JTA platform available (set 'hibernate.transaction.jta.platform' to enable JTA platform integration)
2026-04-02T13:23:58.619-05:00  INFO 51723 --- [wallet-service] [           main] j.LocalContainerEntityManagerFactoryBean : Initialized JPA EntityManagerFactory for persistence unit 'default'
2026-04-02T13:23:58.636-05:00  WARN 51723 --- [wallet-service] [           main] JpaBaseConfiguration$JpaWebConfiguration : spring.jpa.open-in-view is enabled by default. Therefore, database queries may be performed during view rendering. Explicitly configure spring.jpa.open-in-view to disable this warning
2026-04-02T13:23:58.672-05:00  INFO 51723 --- [wallet-service] [           main] o.s.b.t.m.w.SpringBootMockServletContext : Initializing Spring TestDispatcherServlet ''
2026-04-02T13:23:58.672-05:00  INFO 51723 --- [wallet-service] [           main] o.s.t.web.servlet.TestDispatcherServlet  : Initializing Servlet ''
2026-04-02T13:23:58.673-05:00  INFO 51723 --- [wallet-service] [           main] o.s.b.a.e.web.EndpointLinksResolver      : Exposing 1 endpoint beneath base path '/actuator'
2026-04-02T13:23:58.674-05:00  INFO 51723 --- [wallet-service] [           main] o.s.t.web.servlet.TestDispatcherServlet  : Completed initialization in 2 ms
2026-04-02T13:23:58.678-05:00  INFO 51723 --- [wallet-service] [           main] .p.w.p.c.WalletControllerIntegrationTest : Started WalletControllerIntegrationTest in 0.169 seconds (process running for 5.591)
2026-04-02T13:23:58.691-05:00  INFO 51723 --- [wallet-service] [           main] j.LocalContainerEntityManagerFactoryBean : Closing JPA EntityManagerFactory for persistence unit 'default'
2026-04-02T13:23:58.692-05:00  INFO 51723 --- [wallet-service] [           main] com.zaxxer.hikari.HikariDataSource       : HikariPool-10 - Shutdown initiated...
2026-04-02T13:23:58.692-05:00  INFO 51723 --- [wallet-service] [           main] com.zaxxer.hikari.HikariDataSource       : HikariPool-10 - Shutdown completed.
]]></system-out>
  </testcase>
  <testcase name="updateWallet_shouldReturn409_whenWalletIsArchived" classname="com.personalfinance.walletservice.presentation.controller.WalletControllerIntegrationTest" time="0.045">
    <system-out><![CDATA[
  .   ____          _            __ _ _
 /\\ / ___'_ __ _ _(_)_ __  __ _ \ \ \ \
( ( )\___ | '_ | '_| | '_ \/ _` | \ \ \ \
 \\/  ___)| |_)| | | | | || (_| |  ) ) ) )
  '  |____| .__|_| |_|_| |_\__, | / / / /
 =========|_|==============|___/=/_/_/_/

 :: Spring Boot ::                (v4.0.3)

2026-04-02T13:23:58.700-05:00  INFO 51723 --- [wallet-service] [           main] .p.w.p.c.WalletControllerIntegrationTest : Starting WalletControllerIntegrationTest using Java 25.0.2 with PID 51723 (started by duvan in /home/duvan/IdeaProjects/PersonalFinances/wallet-service)
2026-04-02T13:23:58.700-05:00  INFO 51723 --- [wallet-service] [           main] .p.w.p.c.WalletControllerIntegrationTest : No active profile set, falling back to 1 default profile: "default"
2026-04-02T13:23:58.745-05:00  INFO 51723 --- [wallet-service] [           main] .s.d.r.c.RepositoryConfigurationDelegate : Bootstrapping Spring Data JPA repositories in DEFAULT mode.
2026-04-02T13:23:58.749-05:00  INFO 51723 --- [wallet-service] [           main] .s.d.r.c.RepositoryConfigurationDelegate : Finished Spring Data repository scanning in 3 ms. Found 3 JPA repository interfaces.
2026-04-02T13:23:58.767-05:00  INFO 51723 --- [wallet-service] [           main] org.hibernate.orm.jpa                    : HHH008540: Processing PersistenceUnitInfo [name: default]
2026-04-02T13:23:58.775-05:00  INFO 51723 --- [wallet-service] [           main] o.s.o.j.p.SpringPersistenceUnitInfo      : No LoadTimeWeaver setup: ignoring JPA class transformer
2026-04-02T13:23:58.776-05:00  INFO 51723 --- [wallet-service] [           main] com.zaxxer.hikari.HikariDataSource       : HikariPool-11 - Starting...
2026-04-02T13:23:58.776-05:00  INFO 51723 --- [wallet-service] [           main] com.zaxxer.hikari.pool.HikariPool        : HikariPool-11 - Added connection conn36: url=jdbc:h2:mem:testdb user=SA
2026-04-02T13:23:58.776-05:00  INFO 51723 --- [wallet-service] [           main] com.zaxxer.hikari.HikariDataSource       : HikariPool-11 - Start completed.
2026-04-02T13:23:58.777-05:00  INFO 51723 --- [wallet-service] [           main] org.hibernate.orm.connections.pooling    : HHH10001005: Database info:
	Database JDBC URL [jdbc:h2:mem:testdb]
	Database driver: H2 JDBC Driver
	Database dialect: H2Dialect
	Database version: 2.4.240
	Default catalog/schema: TESTDB/PUBLIC
	Autocommit mode: undefined/unknown
	Isolation level: READ_COMMITTED [default READ_COMMITTED]
	JDBC fetch size: 100
	Pool: DataSourceConnectionProvider
	Minimum pool size: undefined/unknown
	Maximum pool size: undefined/unknown
2026-04-02T13:23:58.796-05:00  INFO 51723 --- [wallet-service] [           main] org.hibernate.orm.core                   : HHH000489: No JTA platform available (set 'hibernate.transaction.jta.platform' to enable JTA platform integration)
2026-04-02T13:23:58.798-05:00  INFO 51723 --- [wallet-service] [           main] j.LocalContainerEntityManagerFactoryBean : Initialized JPA EntityManagerFactory for persistence unit 'default'
2026-04-02T13:23:58.814-05:00  WARN 51723 --- [wallet-service] [           main] JpaBaseConfiguration$JpaWebConfiguration : spring.jpa.open-in-view is enabled by default. Therefore, database queries may be performed during view rendering. Explicitly configure spring.jpa.open-in-view to disable this warning
2026-04-02T13:23:58.856-05:00  INFO 51723 --- [wallet-service] [           main] o.s.b.t.m.w.SpringBootMockServletContext : Initializing Spring TestDispatcherServlet ''
2026-04-02T13:23:58.856-05:00  INFO 51723 --- [wallet-service] [           main] o.s.t.web.servlet.TestDispatcherServlet  : Initializing Servlet ''
2026-04-02T13:23:58.856-05:00  INFO 51723 --- [wallet-service] [           main] o.s.b.a.e.web.EndpointLinksResolver      : Exposing 1 endpoint beneath base path '/actuator'
2026-04-02T13:23:58.858-05:00  INFO 51723 --- [wallet-service] [           main] o.s.t.web.servlet.TestDispatcherServlet  : Completed initialization in 2 ms
2026-04-02T13:23:58.862-05:00  INFO 51723 --- [wallet-service] [           main] .p.w.p.c.WalletControllerIntegrationTest : Started WalletControllerIntegrationTest in 0.169 seconds (process running for 5.775)
2026-04-02T13:23:58.884-05:00  INFO 51723 --- [wallet-service] [           main] j.LocalContainerEntityManagerFactoryBean : Closing JPA EntityManagerFactory for persistence unit 'default'
2026-04-02T13:23:58.885-05:00  INFO 51723 --- [wallet-service] [           main] com.zaxxer.hikari.HikariDataSource       : HikariPool-11 - Shutdown initiated...
2026-04-02T13:23:58.907-05:00  INFO 51723 --- [wallet-service] [           main] com.zaxxer.hikari.HikariDataSource       : HikariPool-11 - Shutdown completed.
]]></system-out>
  </testcase>
  <testcase name="removeSpendingLimit_shouldReturn200_withNullLimit" classname="com.personalfinance.walletservice.presentation.controller.WalletControllerIntegrationTest" time="0.019">
    <system-out><![CDATA[
  .   ____          _            __ _ _
 /\\ / ___'_ __ _ _(_)_ __  __ _ \ \ \ \
( ( )\___ | '_ | '_| | '_ \/ _` | \ \ \ \
 \\/  ___)| |_)| | | | | || (_| |  ) ) ) )
  '  |____| .__|_| |_|_| |_\__, | / / / /
 =========|_|==============|___/=/_/_/_/

 :: Spring Boot ::                (v4.0.3)

2026-04-02T13:23:58.918-05:00  INFO 51723 --- [wallet-service] [           main] .p.w.p.c.WalletControllerIntegrationTest : Starting WalletControllerIntegrationTest using Java 25.0.2 with PID 51723 (started by duvan in /home/duvan/IdeaProjects/PersonalFinances/wallet-service)
2026-04-02T13:23:58.918-05:00  INFO 51723 --- [wallet-service] [           main] .p.w.p.c.WalletControllerIntegrationTest : No active profile set, falling back to 1 default profile: "default"
2026-04-02T13:23:58.967-05:00  INFO 51723 --- [wallet-service] [           main] .s.d.r.c.RepositoryConfigurationDelegate : Bootstrapping Spring Data JPA repositories in DEFAULT mode.
2026-04-02T13:23:58.971-05:00  INFO 51723 --- [wallet-service] [           main] .s.d.r.c.RepositoryConfigurationDelegate : Finished Spring Data repository scanning in 3 ms. Found 3 JPA repository interfaces.
2026-04-02T13:23:58.988-05:00  INFO 51723 --- [wallet-service] [           main] org.hibernate.orm.jpa                    : HHH008540: Processing PersistenceUnitInfo [name: default]
2026-04-02T13:23:58.995-05:00  INFO 51723 --- [wallet-service] [           main] o.s.o.j.p.SpringPersistenceUnitInfo      : No LoadTimeWeaver setup: ignoring JPA class transformer
2026-04-02T13:23:58.996-05:00  INFO 51723 --- [wallet-service] [           main] com.zaxxer.hikari.HikariDataSource       : HikariPool-12 - Starting...
2026-04-02T13:23:58.996-05:00  INFO 51723 --- [wallet-service] [           main] com.zaxxer.hikari.pool.HikariPool        : HikariPool-12 - Added connection conn38: url=jdbc:h2:mem:testdb user=SA
2026-04-02T13:23:58.996-05:00  INFO 51723 --- [wallet-service] [           main] com.zaxxer.hikari.HikariDataSource       : HikariPool-12 - Start completed.
2026-04-02T13:23:58.996-05:00  INFO 51723 --- [wallet-service] [           main] org.hibernate.orm.connections.pooling    : HHH10001005: Database info:
	Database JDBC URL [jdbc:h2:mem:testdb]
	Database driver: H2 JDBC Driver
	Database dialect: H2Dialect
	Database version: 2.4.240
	Default catalog/schema: TESTDB/PUBLIC
	Autocommit mode: undefined/unknown
	Isolation level: READ_COMMITTED [default READ_COMMITTED]
	JDBC fetch size: 100
	Pool: DataSourceConnectionProvider
	Minimum pool size: undefined/unknown
	Maximum pool size: undefined/unknown
2026-04-02T13:23:59.010-05:00  INFO 51723 --- [wallet-service] [           main] org.hibernate.orm.core                   : HHH000489: No JTA platform available (set 'hibernate.transaction.jta.platform' to enable JTA platform integration)
2026-04-02T13:23:59.012-05:00  INFO 51723 --- [wallet-service] [           main] j.LocalContainerEntityManagerFactoryBean : Initialized JPA EntityManagerFactory for persistence unit 'default'
2026-04-02T13:23:59.027-05:00  WARN 51723 --- [wallet-service] [           main] JpaBaseConfiguration$JpaWebConfiguration : spring.jpa.open-in-view is enabled by default. Therefore, database queries may be performed during view rendering. Explicitly configure spring.jpa.open-in-view to disable this warning
2026-04-02T13:23:59.060-05:00  INFO 51723 --- [wallet-service] [           main] o.s.b.t.m.w.SpringBootMockServletContext : Initializing Spring TestDispatcherServlet ''
2026-04-02T13:23:59.060-05:00  INFO 51723 --- [wallet-service] [           main] o.s.t.web.servlet.TestDispatcherServlet  : Initializing Servlet ''
2026-04-02T13:23:59.060-05:00  INFO 51723 --- [wallet-service] [           main] o.s.b.a.e.web.EndpointLinksResolver      : Exposing 1 endpoint beneath base path '/actuator'
2026-04-02T13:23:59.061-05:00  INFO 51723 --- [wallet-service] [           main] o.s.t.web.servlet.TestDispatcherServlet  : Completed initialization in 1 ms
2026-04-02T13:23:59.065-05:00  INFO 51723 --- [wallet-service] [           main] .p.w.p.c.WalletControllerIntegrationTest : Started WalletControllerIntegrationTest in 0.156 seconds (process running for 5.978)
2026-04-02T13:23:59.084-05:00  INFO 51723 --- [wallet-service] [           main] j.LocalContainerEntityManagerFactoryBean : Closing JPA EntityManagerFactory for persistence unit 'default'
2026-04-02T13:23:59.085-05:00  INFO 51723 --- [wallet-service] [           main] com.zaxxer.hikari.HikariDataSource       : HikariPool-12 - Shutdown initiated...
2026-04-02T13:23:59.085-05:00  INFO 51723 --- [wallet-service] [           main] com.zaxxer.hikari.HikariDataSource       : HikariPool-12 - Shutdown completed.
]]></system-out>
  </testcase>
  <testcase name="getTotals_shouldReturnTotalsByActiveCurrencies" classname="com.personalfinance.walletservice.presentation.controller.WalletControllerIntegrationTest" time="0.025">
    <system-out><![CDATA[
  .   ____          _            __ _ _
 /\\ / ___'_ __ _ _(_)_ __  __ _ \ \ \ \
( ( )\___ | '_ | '_| | '_ \/ _` | \ \ \ \
 \\/  ___)| |_)| | | | | || (_| |  ) ) ) )
  '  |____| .__|_| |_|_| |_\__, | / / / /
 =========|_|==============|___/=/_/_/_/

 :: Spring Boot ::                (v4.0.3)

2026-04-02T13:23:59.097-05:00  INFO 51723 --- [wallet-service] [           main] .p.w.p.c.WalletControllerIntegrationTest : Starting WalletControllerIntegrationTest using Java 25.0.2 with PID 51723 (started by duvan in /home/duvan/IdeaProjects/PersonalFinances/wallet-service)
2026-04-02T13:23:59.097-05:00  INFO 51723 --- [wallet-service] [           main] .p.w.p.c.WalletControllerIntegrationTest : No active profile set, falling back to 1 default profile: "default"
2026-04-02T13:23:59.141-05:00  INFO 51723 --- [wallet-service] [           main] .s.d.r.c.RepositoryConfigurationDelegate : Bootstrapping Spring Data JPA repositories in DEFAULT mode.
2026-04-02T13:23:59.145-05:00  INFO 51723 --- [wallet-service] [           main] .s.d.r.c.RepositoryConfigurationDelegate : Finished Spring Data repository scanning in 3 ms. Found 3 JPA repository interfaces.
2026-04-02T13:23:59.165-05:00  INFO 51723 --- [wallet-service] [           main] org.hibernate.orm.jpa                    : HHH008540: Processing PersistenceUnitInfo [name: default]
2026-04-02T13:23:59.172-05:00  INFO 51723 --- [wallet-service] [           main] o.s.o.j.p.SpringPersistenceUnitInfo      : No LoadTimeWeaver setup: ignoring JPA class transformer
2026-04-02T13:23:59.172-05:00  INFO 51723 --- [wallet-service] [           main] com.zaxxer.hikari.HikariDataSource       : HikariPool-13 - Starting...
2026-04-02T13:23:59.173-05:00  INFO 51723 --- [wallet-service] [           main] com.zaxxer.hikari.pool.HikariPool        : HikariPool-13 - Added connection conn39: url=jdbc:h2:mem:testdb user=SA
2026-04-02T13:23:59.173-05:00  INFO 51723 --- [wallet-service] [           main] com.zaxxer.hikari.HikariDataSource       : HikariPool-13 - Start completed.
2026-04-02T13:23:59.173-05:00  INFO 51723 --- [wallet-service] [           main] org.hibernate.orm.connections.pooling    : HHH10001005: Database info:
	Database JDBC URL [jdbc:h2:mem:testdb]
	Database driver: H2 JDBC Driver
	Database dialect: H2Dialect
	Database version: 2.4.240
	Default catalog/schema: TESTDB/PUBLIC
	Autocommit mode: undefined/unknown
	Isolation level: READ_COMMITTED [default READ_COMMITTED]
	JDBC fetch size: 100
	Pool: DataSourceConnectionProvider
	Minimum pool size: undefined/unknown
	Maximum pool size: undefined/unknown
2026-04-02T13:23:59.186-05:00  INFO 51723 --- [wallet-service] [           main] org.hibernate.orm.core                   : HHH000489: No JTA platform available (set 'hibernate.transaction.jta.platform' to enable JTA platform integration)
2026-04-02T13:23:59.188-05:00  INFO 51723 --- [wallet-service] [           main] j.LocalContainerEntityManagerFactoryBean : Initialized JPA EntityManagerFactory for persistence unit 'default'
2026-04-02T13:23:59.204-05:00  WARN 51723 --- [wallet-service] [           main] JpaBaseConfiguration$JpaWebConfiguration : spring.jpa.open-in-view is enabled by default. Therefore, database queries may be performed during view rendering. Explicitly configure spring.jpa.open-in-view to disable this warning
2026-04-02T13:23:59.236-05:00  INFO 51723 --- [wallet-service] [           main] o.s.b.t.m.w.SpringBootMockServletContext : Initializing Spring TestDispatcherServlet ''
2026-04-02T13:23:59.236-05:00  INFO 51723 --- [wallet-service] [           main] o.s.t.web.servlet.TestDispatcherServlet  : Initializing Servlet ''
2026-04-02T13:23:59.236-05:00  INFO 51723 --- [wallet-service] [           main] o.s.b.a.e.web.EndpointLinksResolver      : Exposing 1 endpoint beneath base path '/actuator'
2026-04-02T13:23:59.237-05:00  INFO 51723 --- [wallet-service] [           main] o.s.t.web.servlet.TestDispatcherServlet  : Completed initialization in 1 ms
2026-04-02T13:23:59.241-05:00  INFO 51723 --- [wallet-service] [           main] .p.w.p.c.WalletControllerIntegrationTest : Started WalletControllerIntegrationTest in 0.155 seconds (process running for 6.154)
2026-04-02T13:23:59.266-05:00  INFO 51723 --- [wallet-service] [           main] j.LocalContainerEntityManagerFactoryBean : Closing JPA EntityManagerFactory for persistence unit 'default'
2026-04-02T13:23:59.267-05:00  INFO 51723 --- [wallet-service] [           main] com.zaxxer.hikari.HikariDataSource       : HikariPool-13 - Shutdown initiated...
2026-04-02T13:23:59.267-05:00  INFO 51723 --- [wallet-service] [           main] com.zaxxer.hikari.HikariDataSource       : HikariPool-13 - Shutdown completed.
]]></system-out>
  </testcase>
  <testcase name="archive_shouldReturn200_withArchivedTrue" classname="com.personalfinance.walletservice.presentation.controller.WalletControllerIntegrationTest" time="0.047">
    <system-out><![CDATA[
  .   ____          _            __ _ _
 /\\ / ___'_ __ _ _(_)_ __  __ _ \ \ \ \
( ( )\___ | '_ | '_| | '_ \/ _` | \ \ \ \
 \\/  ___)| |_)| | | | | || (_| |  ) ) ) )
  '  |____| .__|_| |_|_| |_\__, | / / / /
 =========|_|==============|___/=/_/_/_/

 :: Spring Boot ::                (v4.0.3)

2026-04-02T13:23:59.273-05:00  INFO 51723 --- [wallet-service] [           main] .p.w.p.c.WalletControllerIntegrationTest : Starting WalletControllerIntegrationTest using Java 25.0.2 with PID 51723 (started by duvan in /home/duvan/IdeaProjects/PersonalFinances/wallet-service)
2026-04-02T13:23:59.273-05:00  INFO 51723 --- [wallet-service] [           main] .p.w.p.c.WalletControllerIntegrationTest : No active profile set, falling back to 1 default profile: "default"
2026-04-02T13:23:59.312-05:00  INFO 51723 --- [wallet-service] [           main] .s.d.r.c.RepositoryConfigurationDelegate : Bootstrapping Spring Data JPA repositories in DEFAULT mode.
2026-04-02T13:23:59.321-05:00  INFO 51723 --- [wallet-service] [           main] .s.d.r.c.RepositoryConfigurationDelegate : Finished Spring Data repository scanning in 7 ms. Found 3 JPA repository interfaces.
2026-04-02T13:23:59.338-05:00  INFO 51723 --- [wallet-service] [           main] org.hibernate.orm.jpa                    : HHH008540: Processing PersistenceUnitInfo [name: default]
2026-04-02T13:23:59.345-05:00  INFO 51723 --- [wallet-service] [           main] o.s.o.j.p.SpringPersistenceUnitInfo      : No LoadTimeWeaver setup: ignoring JPA class transformer
2026-04-02T13:23:59.345-05:00  INFO 51723 --- [wallet-service] [           main] com.zaxxer.hikari.HikariDataSource       : HikariPool-14 - Starting...
2026-04-02T13:23:59.346-05:00  INFO 51723 --- [wallet-service] [           main] com.zaxxer.hikari.pool.HikariPool        : HikariPool-14 - Added connection conn40: url=jdbc:h2:mem:testdb user=SA
2026-04-02T13:23:59.346-05:00  INFO 51723 --- [wallet-service] [           main] com.zaxxer.hikari.HikariDataSource       : HikariPool-14 - Start completed.
2026-04-02T13:23:59.346-05:00  INFO 51723 --- [wallet-service] [           main] org.hibernate.orm.connections.pooling    : HHH10001005: Database info:
	Database JDBC URL [jdbc:h2:mem:testdb]
	Database driver: H2 JDBC Driver
	Database dialect: H2Dialect
	Database version: 2.4.240
	Default catalog/schema: TESTDB/PUBLIC
	Autocommit mode: undefined/unknown
	Isolation level: READ_COMMITTED [default READ_COMMITTED]
	JDBC fetch size: 100
	Pool: DataSourceConnectionProvider
	Minimum pool size: undefined/unknown
	Maximum pool size: undefined/unknown
2026-04-02T13:23:59.360-05:00  INFO 51723 --- [wallet-service] [           main] org.hibernate.orm.core                   : HHH000489: No JTA platform available (set 'hibernate.transaction.jta.platform' to enable JTA platform integration)
2026-04-02T13:23:59.362-05:00  INFO 51723 --- [wallet-service] [           main] j.LocalContainerEntityManagerFactoryBean : Initialized JPA EntityManagerFactory for persistence unit 'default'
2026-04-02T13:23:59.383-05:00  WARN 51723 --- [wallet-service] [           main] JpaBaseConfiguration$JpaWebConfiguration : spring.jpa.open-in-view is enabled by default. Therefore, database queries may be performed during view rendering. Explicitly configure spring.jpa.open-in-view to disable this warning
2026-04-02T13:23:59.422-05:00  INFO 51723 --- [wallet-service] [           main] o.s.b.t.m.w.SpringBootMockServletContext : Initializing Spring TestDispatcherServlet ''
2026-04-02T13:23:59.422-05:00  INFO 51723 --- [wallet-service] [           main] o.s.t.web.servlet.TestDispatcherServlet  : Initializing Servlet ''
2026-04-02T13:23:59.423-05:00  INFO 51723 --- [wallet-service] [           main] o.s.b.a.e.web.EndpointLinksResolver      : Exposing 1 endpoint beneath base path '/actuator'
2026-04-02T13:23:59.425-05:00  INFO 51723 --- [wallet-service] [           main] o.s.t.web.servlet.TestDispatcherServlet  : Completed initialization in 3 ms
2026-04-02T13:23:59.430-05:00  INFO 51723 --- [wallet-service] [           main] .p.w.p.c.WalletControllerIntegrationTest : Started WalletControllerIntegrationTest in 0.162 seconds (process running for 6.342)
2026-04-02T13:23:59.446-05:00  INFO 51723 --- [wallet-service] [           main] j.LocalContainerEntityManagerFactoryBean : Closing JPA EntityManagerFactory for persistence unit 'default'
2026-04-02T13:23:59.447-05:00  INFO 51723 --- [wallet-service] [           main] com.zaxxer.hikari.HikariDataSource       : HikariPool-14 - Shutdown initiated...
2026-04-02T13:23:59.477-05:00  INFO 51723 --- [wallet-service] [           main] com.zaxxer.hikari.HikariDataSource       : HikariPool-14 - Shutdown completed.
]]></system-out>
  </testcase>
  <testcase name="health_shouldReturn200" classname="com.personalfinance.walletservice.presentation.controller.WalletControllerIntegrationTest" time="0.037">
    <system-out><![CDATA[
  .   ____          _            __ _ _
 /\\ / ___'_ __ _ _(_)_ __  __ _ \ \ \ \
( ( )\___ | '_ | '_| | '_ \/ _` | \ \ \ \
 \\/  ___)| |_)| | | | | || (_| |  ) ) ) )
  '  |____| .__|_| |_|_| |_\__, | / / / /
 =========|_|==============|___/=/_/_/_/

 :: Spring Boot ::                (v4.0.3)

2026-04-02T13:23:59.486-05:00  INFO 51723 --- [wallet-service] [           main] .p.w.p.c.WalletControllerIntegrationTest : Starting WalletControllerIntegrationTest using Java 25.0.2 with PID 51723 (started by duvan in /home/duvan/IdeaProjects/PersonalFinances/wallet-service)
2026-04-02T13:23:59.486-05:00  INFO 51723 --- [wallet-service] [           main] .p.w.p.c.WalletControllerIntegrationTest : No active profile set, falling back to 1 default profile: "default"
2026-04-02T13:23:59.527-05:00  INFO 51723 --- [wallet-service] [           main] .s.d.r.c.RepositoryConfigurationDelegate : Bootstrapping Spring Data JPA repositories in DEFAULT mode.
2026-04-02T13:23:59.531-05:00  INFO 51723 --- [wallet-service] [           main] .s.d.r.c.RepositoryConfigurationDelegate : Finished Spring Data repository scanning in 3 ms. Found 3 JPA repository interfaces.
2026-04-02T13:23:59.548-05:00  INFO 51723 --- [wallet-service] [           main] org.hibernate.orm.jpa                    : HHH008540: Processing PersistenceUnitInfo [name: default]
2026-04-02T13:23:59.555-05:00  INFO 51723 --- [wallet-service] [           main] o.s.o.j.p.SpringPersistenceUnitInfo      : No LoadTimeWeaver setup: ignoring JPA class transformer
2026-04-02T13:23:59.555-05:00  INFO 51723 --- [wallet-service] [           main] com.zaxxer.hikari.HikariDataSource       : HikariPool-15 - Starting...
2026-04-02T13:23:59.555-05:00  INFO 51723 --- [wallet-service] [           main] com.zaxxer.hikari.pool.HikariPool        : HikariPool-15 - Added connection conn42: url=jdbc:h2:mem:testdb user=SA
2026-04-02T13:23:59.555-05:00  INFO 51723 --- [wallet-service] [           main] com.zaxxer.hikari.HikariDataSource       : HikariPool-15 - Start completed.
2026-04-02T13:23:59.556-05:00  INFO 51723 --- [wallet-service] [           main] org.hibernate.orm.connections.pooling    : HHH10001005: Database info:
	Database JDBC URL [jdbc:h2:mem:testdb]
	Database driver: H2 JDBC Driver
	Database dialect: H2Dialect
	Database version: 2.4.240
	Default catalog/schema: TESTDB/PUBLIC
	Autocommit mode: undefined/unknown
	Isolation level: READ_COMMITTED [default READ_COMMITTED]
	JDBC fetch size: 100
	Pool: DataSourceConnectionProvider
	Minimum pool size: undefined/unknown
	Maximum pool size: undefined/unknown
2026-04-02T13:23:59.568-05:00  INFO 51723 --- [wallet-service] [           main] org.hibernate.orm.core                   : HHH000489: No JTA platform available (set 'hibernate.transaction.jta.platform' to enable JTA platform integration)
2026-04-02T13:23:59.571-05:00  INFO 51723 --- [wallet-service] [           main] j.LocalContainerEntityManagerFactoryBean : Initialized JPA EntityManagerFactory for persistence unit 'default'
2026-04-02T13:23:59.585-05:00  WARN 51723 --- [wallet-service] [           main] JpaBaseConfiguration$JpaWebConfiguration : spring.jpa.open-in-view is enabled by default. Therefore, database queries may be performed during view rendering. Explicitly configure spring.jpa.open-in-view to disable this warning
2026-04-02T13:23:59.642-05:00  INFO 51723 --- [wallet-service] [           main] o.s.b.t.m.w.SpringBootMockServletContext : Initializing Spring TestDispatcherServlet ''
2026-04-02T13:23:59.642-05:00  INFO 51723 --- [wallet-service] [           main] o.s.t.web.servlet.TestDispatcherServlet  : Initializing Servlet ''
2026-04-02T13:23:59.643-05:00  INFO 51723 --- [wallet-service] [           main] o.s.b.a.e.web.EndpointLinksResolver      : Exposing 1 endpoint beneath base path '/actuator'
2026-04-02T13:23:59.645-05:00  INFO 51723 --- [wallet-service] [           main] o.s.t.web.servlet.TestDispatcherServlet  : Completed initialization in 3 ms
2026-04-02T13:23:59.649-05:00  INFO 51723 --- [wallet-service] [           main] .p.w.p.c.WalletControllerIntegrationTest : Started WalletControllerIntegrationTest in 0.17 seconds (process running for 6.562)
2026-04-02T13:23:59.655-05:00  INFO 51723 --- [wallet-service] [           main] j.LocalContainerEntityManagerFactoryBean : Closing JPA EntityManagerFactory for persistence unit 'default'
2026-04-02T13:23:59.656-05:00  INFO 51723 --- [wallet-service] [           main] com.zaxxer.hikari.HikariDataSource       : HikariPool-15 - Shutdown initiated...
2026-04-02T13:23:59.687-05:00  INFO 51723 --- [wallet-service] [           main] com.zaxxer.hikari.HikariDataSource       : HikariPool-15 - Shutdown completed.
]]></system-out>
  </testcase>
  <testcase name="createWallet_shouldReturn201" classname="com.personalfinance.walletservice.presentation.controller.WalletControllerIntegrationTest" time="0.011">
    <system-out><![CDATA[
  .   ____          _            __ _ _
 /\\ / ___'_ __ _ _(_)_ __  __ _ \ \ \ \
( ( )\___ | '_ | '_| | '_ \/ _` | \ \ \ \
 \\/  ___)| |_)| | | | | || (_| |  ) ) ) )
  '  |____| .__|_| |_|_| |_\__, | / / / /
 =========|_|==============|___/=/_/_/_/

 :: Spring Boot ::                (v4.0.3)

2026-04-02T13:23:59.694-05:00  INFO 51723 --- [wallet-service] [           main] .p.w.p.c.WalletControllerIntegrationTest : Starting WalletControllerIntegrationTest using Java 25.0.2 with PID 51723 (started by duvan in /home/duvan/IdeaProjects/PersonalFinances/wallet-service)
2026-04-02T13:23:59.694-05:00  INFO 51723 --- [wallet-service] [           main] .p.w.p.c.WalletControllerIntegrationTest : No active profile set, falling back to 1 default profile: "default"
2026-04-02T13:23:59.743-05:00  INFO 51723 --- [wallet-service] [           main] .s.d.r.c.RepositoryConfigurationDelegate : Bootstrapping Spring Data JPA repositories in DEFAULT mode.
2026-04-02T13:23:59.747-05:00  INFO 51723 --- [wallet-service] [           main] .s.d.r.c.RepositoryConfigurationDelegate : Finished Spring Data repository scanning in 3 ms. Found 3 JPA repository interfaces.
2026-04-02T13:23:59.765-05:00  INFO 51723 --- [wallet-service] [           main] org.hibernate.orm.jpa                    : HHH008540: Processing PersistenceUnitInfo [name: default]
2026-04-02T13:23:59.773-05:00  INFO 51723 --- [wallet-service] [           main] o.s.o.j.p.SpringPersistenceUnitInfo      : No LoadTimeWeaver setup: ignoring JPA class transformer
2026-04-02T13:23:59.774-05:00  INFO 51723 --- [wallet-service] [           main] com.zaxxer.hikari.HikariDataSource       : HikariPool-16 - Starting...
2026-04-02T13:23:59.774-05:00  INFO 51723 --- [wallet-service] [           main] com.zaxxer.hikari.pool.HikariPool        : HikariPool-16 - Added connection conn44: url=jdbc:h2:mem:testdb user=SA
2026-04-02T13:23:59.774-05:00  INFO 51723 --- [wallet-service] [           main] com.zaxxer.hikari.HikariDataSource       : HikariPool-16 - Start completed.
2026-04-02T13:23:59.775-05:00  INFO 51723 --- [wallet-service] [           main] org.hibernate.orm.connections.pooling    : HHH10001005: Database info:
	Database JDBC URL [jdbc:h2:mem:testdb]
	Database driver: H2 JDBC Driver
	Database dialect: H2Dialect
	Database version: 2.4.240
	Default catalog/schema: TESTDB/PUBLIC
	Autocommit mode: undefined/unknown
	Isolation level: READ_COMMITTED [default READ_COMMITTED]
	JDBC fetch size: 100
	Pool: DataSourceConnectionProvider
	Minimum pool size: undefined/unknown
	Maximum pool size: undefined/unknown
2026-04-02T13:23:59.790-05:00  INFO 51723 --- [wallet-service] [           main] org.hibernate.orm.core                   : HHH000489: No JTA platform available (set 'hibernate.transaction.jta.platform' to enable JTA platform integration)
2026-04-02T13:23:59.792-05:00  INFO 51723 --- [wallet-service] [           main] j.LocalContainerEntityManagerFactoryBean : Initialized JPA EntityManagerFactory for persistence unit 'default'
2026-04-02T13:23:59.808-05:00  WARN 51723 --- [wallet-service] [           main] JpaBaseConfiguration$JpaWebConfiguration : spring.jpa.open-in-view is enabled by default. Therefore, database queries may be performed during view rendering. Explicitly configure spring.jpa.open-in-view to disable this warning
2026-04-02T13:23:59.845-05:00  INFO 51723 --- [wallet-service] [           main] o.s.b.t.m.w.SpringBootMockServletContext : Initializing Spring TestDispatcherServlet ''
2026-04-02T13:23:59.845-05:00  INFO 51723 --- [wallet-service] [           main] o.s.t.web.servlet.TestDispatcherServlet  : Initializing Servlet ''
2026-04-02T13:23:59.846-05:00  INFO 51723 --- [wallet-service] [           main] o.s.b.a.e.web.EndpointLinksResolver      : Exposing 1 endpoint beneath base path '/actuator'
2026-04-02T13:23:59.847-05:00  INFO 51723 --- [wallet-service] [           main] o.s.t.web.servlet.TestDispatcherServlet  : Completed initialization in 2 ms
2026-04-02T13:23:59.851-05:00  INFO 51723 --- [wallet-service] [           main] .p.w.p.c.WalletControllerIntegrationTest : Started WalletControllerIntegrationTest in 0.163 seconds (process running for 6.763)
2026-04-02T13:23:59.861-05:00  INFO 51723 --- [wallet-service] [           main] j.LocalContainerEntityManagerFactoryBean : Closing JPA EntityManagerFactory for persistence unit 'default'
2026-04-02T13:23:59.862-05:00  INFO 51723 --- [wallet-service] [           main] com.zaxxer.hikari.HikariDataSource       : HikariPool-16 - Shutdown initiated...
2026-04-02T13:23:59.862-05:00  INFO 51723 --- [wallet-service] [           main] com.zaxxer.hikari.HikariDataSource       : HikariPool-16 - Shutdown completed.
]]></system-out>
  </testcase>
  <testcase name="restore_shouldReturn409_whenNotArchived" classname="com.personalfinance.walletservice.presentation.controller.WalletControllerIntegrationTest" time="0.015">
    <system-out><![CDATA[
  .   ____          _            __ _ _
 /\\ / ___'_ __ _ _(_)_ __  __ _ \ \ \ \
( ( )\___ | '_ | '_| | '_ \/ _` | \ \ \ \
 \\/  ___)| |_)| | | | | || (_| |  ) ) ) )
  '  |____| .__|_| |_|_| |_\__, | / / / /
 =========|_|==============|___/=/_/_/_/

 :: Spring Boot ::                (v4.0.3)

2026-04-02T13:23:59.869-05:00  INFO 51723 --- [wallet-service] [           main] .p.w.p.c.WalletControllerIntegrationTest : Starting WalletControllerIntegrationTest using Java 25.0.2 with PID 51723 (started by duvan in /home/duvan/IdeaProjects/PersonalFinances/wallet-service)
2026-04-02T13:23:59.870-05:00  INFO 51723 --- [wallet-service] [           main] .p.w.p.c.WalletControllerIntegrationTest : No active profile set, falling back to 1 default profile: "default"
2026-04-02T13:23:59.924-05:00  INFO 51723 --- [wallet-service] [           main] .s.d.r.c.RepositoryConfigurationDelegate : Bootstrapping Spring Data JPA repositories in DEFAULT mode.
2026-04-02T13:23:59.928-05:00  INFO 51723 --- [wallet-service] [           main] .s.d.r.c.RepositoryConfigurationDelegate : Finished Spring Data repository scanning in 3 ms. Found 3 JPA repository interfaces.
2026-04-02T13:23:59.951-05:00  INFO 51723 --- [wallet-service] [           main] org.hibernate.orm.jpa                    : HHH008540: Processing PersistenceUnitInfo [name: default]
2026-04-02T13:23:59.960-05:00  INFO 51723 --- [wallet-service] [           main] o.s.o.j.p.SpringPersistenceUnitInfo      : No LoadTimeWeaver setup: ignoring JPA class transformer
2026-04-02T13:23:59.960-05:00  INFO 51723 --- [wallet-service] [           main] com.zaxxer.hikari.HikariDataSource       : HikariPool-17 - Starting...
2026-04-02T13:23:59.961-05:00  INFO 51723 --- [wallet-service] [           main] com.zaxxer.hikari.pool.HikariPool        : HikariPool-17 - Added connection conn45: url=jdbc:h2:mem:testdb user=SA
2026-04-02T13:23:59.961-05:00  INFO 51723 --- [wallet-service] [           main] com.zaxxer.hikari.HikariDataSource       : HikariPool-17 - Start completed.
2026-04-02T13:23:59.961-05:00  INFO 51723 --- [wallet-service] [           main] org.hibernate.orm.connections.pooling    : HHH10001005: Database info:
	Database JDBC URL [jdbc:h2:mem:testdb]
	Database driver: H2 JDBC Driver
	Database dialect: H2Dialect
	Database version: 2.4.240
	Default catalog/schema: TESTDB/PUBLIC
	Autocommit mode: undefined/unknown
	Isolation level: READ_COMMITTED [default READ_COMMITTED]
	JDBC fetch size: 100
	Pool: DataSourceConnectionProvider
	Minimum pool size: undefined/unknown
	Maximum pool size: undefined/unknown
2026-04-02T13:23:59.976-05:00  INFO 51723 --- [wallet-service] [           main] org.hibernate.orm.core                   : HHH000489: No JTA platform available (set 'hibernate.transaction.jta.platform' to enable JTA platform integration)
2026-04-02T13:23:59.979-05:00  INFO 51723 --- [wallet-service] [           main] j.LocalContainerEntityManagerFactoryBean : Initialized JPA EntityManagerFactory for persistence unit 'default'
2026-04-02T13:23:59.994-05:00  WARN 51723 --- [wallet-service] [           main] JpaBaseConfiguration$JpaWebConfiguration : spring.jpa.open-in-view is enabled by default. Therefore, database queries may be performed during view rendering. Explicitly configure spring.jpa.open-in-view to disable this warning
2026-04-02T13:24:00.029-05:00  INFO 51723 --- [wallet-service] [           main] o.s.b.t.m.w.SpringBootMockServletContext : Initializing Spring TestDispatcherServlet ''
2026-04-02T13:24:00.029-05:00  INFO 51723 --- [wallet-service] [           main] o.s.t.web.servlet.TestDispatcherServlet  : Initializing Servlet ''
2026-04-02T13:24:00.029-05:00  INFO 51723 --- [wallet-service] [           main] o.s.b.a.e.web.EndpointLinksResolver      : Exposing 1 endpoint beneath base path '/actuator'
2026-04-02T13:24:00.031-05:00  INFO 51723 --- [wallet-service] [           main] o.s.t.web.servlet.TestDispatcherServlet  : Completed initialization in 2 ms
2026-04-02T13:24:00.035-05:00  INFO 51723 --- [wallet-service] [           main] .p.w.p.c.WalletControllerIntegrationTest : Started WalletControllerIntegrationTest in 0.172 seconds (process running for 6.948)
2026-04-02T13:24:00.049-05:00  INFO 51723 --- [wallet-service] [           main] j.LocalContainerEntityManagerFactoryBean : Closing JPA EntityManagerFactory for persistence unit 'default'
2026-04-02T13:24:00.050-05:00  INFO 51723 --- [wallet-service] [           main] com.zaxxer.hikari.HikariDataSource       : HikariPool-17 - Shutdown initiated...
2026-04-02T13:24:00.050-05:00  INFO 51723 --- [wallet-service] [           main] com.zaxxer.hikari.HikariDataSource       : HikariPool-17 - Shutdown completed.
]]></system-out>
  </testcase>
  <testcase name="getWallets_shouldReturnList" classname="com.personalfinance.walletservice.presentation.controller.WalletControllerIntegrationTest" time="0.017">
    <system-out><![CDATA[
  .   ____          _            __ _ _
 /\\ / ___'_ __ _ _(_)_ __  __ _ \ \ \ \
( ( )\___ | '_ | '_| | '_ \/ _` | \ \ \ \
[...]
2026-04-02T13:24:00.389-05:00  INFO 51723 --- [wallet-service] [           main] com.zaxxer.hikari.HikariDataSource       : HikariPool-19 - Shutdown completed.
]]></system-out>
  </testcase>
  <testcase name="deleteWallet_shouldReturn204" classname="com.personalfinance.walletservice.presentation.controller.WalletControllerIntegrationTest" time="0.017">
    <system-out><![CDATA[
  .   ____          _            __ _ _
 /\\ / ___'_ __ _ _(_)_ __  __ _ \ \ \ \
( ( )\___ | '_ | '_| | '_ \/ _` | \ \ \ \
 \\/  ___)| |_)| | | | | || (_| |  ) ) ) )
  '  |____| .__|_| |_|_| |_\__, | / / / /
 =========|_|==============|___/=/_/_/_/

 :: Spring Boot ::                (v4.0.3)

2026-04-02T13:24:00.396-05:00  INFO 51723 --- [wallet-service] [           main] .p.w.p.c.WalletControllerIntegrationTest : Starting WalletControllerIntegrationTest using Java 25.0.2 with PID 51723 (started by duvan in /home/duvan/IdeaProjects/PersonalFinances/wallet-service)
2026-04-02T13:24:00.396-05:00  INFO 51723 --- [wallet-service] [           main] .p.w.p.c.WalletControllerIntegrationTest : No active profile set, falling back to 1 default profile: "default"
2026-04-02T13:24:00.447-05:00  INFO 51723 --- [wallet-service] [           main] .s.d.r.c.RepositoryConfigurationDelegate : Bootstrapping Spring Data JPA repositories in DEFAULT mode.
2026-04-02T13:24:00.451-05:00  INFO 51723 --- [wallet-service] [           main] .s.d.r.c.RepositoryConfigurationDelegate : Finished Spring Data repository scanning in 3 ms. Found 3 JPA repository interfaces.
2026-04-02T13:24:00.467-05:00  INFO 51723 --- [wallet-service] [           main] org.hibernate.orm.jpa                    : HHH008540: Processing PersistenceUnitInfo [name: default]
2026-04-02T13:24:00.474-05:00  INFO 51723 --- [wallet-service] [           main] o.s.o.j.p.SpringPersistenceUnitInfo      : No LoadTimeWeaver setup: ignoring JPA class transformer
2026-04-02T13:24:00.474-05:00  INFO 51723 --- [wallet-service] [           main] com.zaxxer.hikari.HikariDataSource       : HikariPool-20 - Starting...
2026-04-02T13:24:00.475-05:00  INFO 51723 --- [wallet-service] [           main] com.zaxxer.hikari.pool.HikariPool        : HikariPool-20 - Added connection conn48: url=jdbc:h2:mem:testdb user=SA
2026-04-02T13:24:00.475-05:00  INFO 51723 --- [wallet-service] [           main] com.zaxxer.hikari.HikariDataSource       : HikariPool-20 - Start completed.
2026-04-02T13:24:00.475-05:00  INFO 51723 --- [wallet-service] [           main] org.hibernate.orm.connections.pooling    : HHH10001005: Database info:
	Database JDBC URL [jdbc:h2:mem:testdb]
	Database driver: H2 JDBC Driver
	Database dialect: H2Dialect
	Database version: 2.4.240
	Default catalog/schema: TESTDB/PUBLIC
	Autocommit mode: undefined/unknown
	Isolation level: READ_COMMITTED [default READ_COMMITTED]
	JDBC fetch size: 100
	Pool: DataSourceConnectionProvider
	Minimum pool size: undefined/unknown
	Maximum pool size: undefined/unknown
2026-04-02T13:24:00.487-05:00  INFO 51723 --- [wallet-service] [           main] org.hibernate.orm.core                   : HHH000489: No JTA platform available (set 'hibernate.transaction.jta.platform' to enable JTA platform integration)
2026-04-02T13:24:00.489-05:00  INFO 51723 --- [wallet-service] [           main] j.LocalContainerEntityManagerFactoryBean : Initialized JPA EntityManagerFactory for persistence unit 'default'
2026-04-02T13:24:00.502-05:00  WARN 51723 --- [wallet-service] [           main] JpaBaseConfiguration$JpaWebConfiguration : spring.jpa.open-in-view is enabled by default. Therefore, database queries may be performed during view rendering. Explicitly configure spring.jpa.open-in-view to disable this warning
2026-04-02T13:24:00.529-05:00  INFO 51723 --- [wallet-service] [           main] o.s.b.t.m.w.SpringBootMockServletContext : Initializing Spring TestDispatcherServlet ''
2026-04-02T13:24:00.530-05:00  INFO 51723 --- [wallet-service] [           main] o.s.t.web.servlet.TestDispatcherServlet  : Initializing Servlet ''
2026-04-02T13:24:00.530-05:00  INFO 51723 --- [wallet-service] [           main] o.s.b.a.e.web.EndpointLinksResolver      : Exposing 1 endpoint beneath base path '/actuator'
2026-04-02T13:24:00.531-05:00  INFO 51723 --- [wallet-service] [           main] o.s.t.web.servlet.TestDispatcherServlet  : Completed initialization in 1 ms
2026-04-02T13:24:00.534-05:00  INFO 51723 --- [wallet-service] [           main] .p.w.p.c.WalletControllerIntegrationTest : Started WalletControllerIntegrationTest in 0.144 seconds (process running for 7.447)
2026-04-02T13:24:00.551-05:00  INFO 51723 --- [wallet-service] [           main] j.LocalContainerEntityManagerFactoryBean : Closing JPA EntityManagerFactory for persistence unit 'default'
2026-04-02T13:24:00.552-05:00  INFO 51723 --- [wallet-service] [           main] com.zaxxer.hikari.HikariDataSource       : HikariPool-20 - Shutdown initiated...
2026-04-02T13:24:00.552-05:00  INFO 51723 --- [wallet-service] [           main] com.zaxxer.hikari.HikariDataSource       : HikariPool-20 - Shutdown completed.
]]></system-out>
  </testcase>
  <testcase name="archive_shouldReturn409_whenAlreadyArchived" classname="com.personalfinance.walletservice.presentation.controller.WalletControllerIntegrationTest" time="0.015">
    <system-out><![CDATA[
  .   ____          _            __ _ _
 /\\ / ___'_ __ _ _(_)_ __  __ _ \ \ \ \
( ( )\___ | '_ | '_| | '_ \/ _` | \ \ \ \
 \\/  ___)| |_)| | | | | || (_| |  ) ) ) )
  '  |____| .__|_| |_|_| |_\__, | / / / /
 =========|_|==============|___/=/_/_/_/

 :: Spring Boot ::                (v4.0.3)

2026-04-02T13:24:00.558-05:00  INFO 51723 --- [wallet-service] [           main] .p.w.p.c.WalletControllerIntegrationTest : Starting WalletControllerIntegrationTest using Java 25.0.2 with PID 51723 (started by duvan in /home/duvan/IdeaProjects/PersonalFinances/wallet-service)
2026-04-02T13:24:00.558-05:00  INFO 51723 --- [wallet-service] [           main] .p.w.p.c.WalletControllerIntegrationTest : No active profile set, falling back to 1 default profile: "default"
2026-04-02T13:24:00.603-05:00  INFO 51723 --- [wallet-service] [           main] .s.d.r.c.RepositoryConfigurationDelegate : Bootstrapping Spring Data JPA repositories in DEFAULT mode.
2026-04-02T13:24:00.606-05:00  INFO 51723 --- [wallet-service] [           main] .s.d.r.c.RepositoryConfigurationDelegate : Finished Spring Data repository scanning in 3 ms. Found 3 JPA repository interfaces.
2026-04-02T13:24:00.622-05:00  INFO 51723 --- [wallet-service] [           main] org.hibernate.orm.jpa                    : HHH008540: Processing PersistenceUnitInfo [name: default]
2026-04-02T13:24:00.629-05:00  INFO 51723 --- [wallet-service] [           main] o.s.o.j.p.SpringPersistenceUnitInfo      : No LoadTimeWeaver setup: ignoring JPA class transformer
2026-04-02T13:24:00.630-05:00  INFO 51723 --- [wallet-service] [           main] com.zaxxer.hikari.HikariDataSource       : HikariPool-21 - Starting...
2026-04-02T13:24:00.630-05:00  INFO 51723 --- [wallet-service] [           main] com.zaxxer.hikari.pool.HikariPool        : HikariPool-21 - Added connection conn49: url=jdbc:h2:mem:testdb user=SA
2026-04-02T13:24:00.630-05:00  INFO 51723 --- [wallet-service] [           main] com.zaxxer.hikari.HikariDataSource       : HikariPool-21 - Start completed.
2026-04-02T13:24:00.630-05:00  INFO 51723 --- [wallet-service] [           main] org.hibernate.orm.connections.pooling    : HHH10001005: Database info:
	Database JDBC URL [jdbc:h2:mem:testdb]
	Database driver: H2 JDBC Driver
	Database dialect: H2Dialect
	Database version: 2.4.240
	Default catalog/schema: TESTDB/PUBLIC
	Autocommit mode: undefined/unknown
	Isolation level: READ_COMMITTED [default READ_COMMITTED]
	JDBC fetch size: 100
	Pool: DataSourceConnectionProvider
	Minimum pool size: undefined/unknown
	Maximum pool size: undefined/unknown
2026-04-02T13:24:00.642-05:00  INFO 51723 --- [wallet-service] [           main] org.hibernate.orm.core                   : HHH000489: No JTA platform available (set 'hibernate.transaction.jta.platform' to enable JTA platform integration)
2026-04-02T13:24:00.644-05:00  INFO 51723 --- [wallet-service] [           main] j.LocalContainerEntityManagerFactoryBean : Initialized JPA EntityManagerFactory for persistence unit 'default'
2026-04-02T13:24:00.659-05:00  WARN 51723 --- [wallet-service] [           main] JpaBaseConfiguration$JpaWebConfiguration : spring.jpa.open-in-view is enabled by default. Therefore, database queries may be performed during view rendering. Explicitly configure spring.jpa.open-in-view to disable this warning
2026-04-02T13:24:00.687-05:00  INFO 51723 --- [wallet-service] [           main] o.s.b.t.m.w.SpringBootMockServletContext : Initializing Spring TestDispatcherServlet ''
2026-04-02T13:24:00.687-05:00  INFO 51723 --- [wallet-service] [           main] o.s.t.web.servlet.TestDispatcherServlet  : Initializing Servlet ''
2026-04-02T13:24:00.687-05:00  INFO 51723 --- [wallet-service] [           main] o.s.b.a.e.web.EndpointLinksResolver      : Exposing 1 endpoint beneath base path '/actuator'
2026-04-02T13:24:00.688-05:00  INFO 51723 --- [wallet-service] [           main] o.s.t.web.servlet.TestDispatcherServlet  : Completed initialization in 1 ms
2026-04-02T13:24:00.692-05:00  INFO 51723 --- [wallet-service] [           main] .p.w.p.c.WalletControllerIntegrationTest : Started WalletControllerIntegrationTest in 0.139 seconds (process running for 7.604)
2026-04-02T13:24:00.706-05:00  INFO 51723 --- [wallet-service] [           main] j.LocalContainerEntityManagerFactoryBean : Closing JPA EntityManagerFactory for persistence unit 'default'
2026-04-02T13:24:00.706-05:00  INFO 51723 --- [wallet-service] [           main] com.zaxxer.hikari.HikariDataSource       : HikariPool-21 - Shutdown initiated...
2026-04-02T13:24:00.706-05:00  INFO 51723 --- [wallet-service] [           main] com.zaxxer.hikari.HikariDataSource       : HikariPool-21 - Shutdown completed.
]]></system-out>
  </testcase>
  <testcase name="setSpendingLimit_shouldReturn400_whenAmountIsZero" classname="com.personalfinance.walletservice.presentation.controller.WalletControllerIntegrationTest" time="0.012">
    <system-out><![CDATA[
  .   ____          _            __ _ _
 /\\ / ___'_ __ _ _(_)_ __  __ _ \ \ \ \
( ( )\___ | '_ | '_| | '_ \/ _` | \ \ \ \
 \\/  ___)| |_)| | | | | || (_| |  ) ) ) )
  '  |____| .__|_| |_|_| |_\__, | / / / /
 =========|_|==============|___/=/_/_/_/

 :: Spring Boot ::                (v4.0.3)

2026-04-02T13:24:00.712-05:00  INFO 51723 --- [wallet-service] [           main] .p.w.p.c.WalletControllerIntegrationTest : Starting WalletControllerIntegrationTest using Java 25.0.2 with PID 51723 (started by duvan in /home/duvan/IdeaProjects/PersonalFinances/wallet-service)
2026-04-02T13:24:00.712-05:00  INFO 51723 --- [wallet-service] [           main] .p.w.p.c.WalletControllerIntegrationTest : No active profile set, falling back to 1 default profile: "default"
2026-04-02T13:24:00.751-05:00  INFO 51723 --- [wallet-service] [           main] .s.d.r.c.RepositoryConfigurationDelegate : Bootstrapping Spring Data JPA repositories in DEFAULT mode.
2026-04-02T13:24:00.755-05:00  INFO 51723 --- [wallet-service] [           main] .s.d.r.c.RepositoryConfigurationDelegate : Finished Spring Data repository scanning in 3 ms. Found 3 JPA repository interfaces.
2026-04-02T13:24:00.771-05:00  INFO 51723 --- [wallet-service] [           main] org.hibernate.orm.jpa                    : HHH008540: Processing PersistenceUnitInfo [name: default]
2026-04-02T13:24:00.777-05:00  INFO 51723 --- [wallet-service] [           main] o.s.o.j.p.SpringPersistenceUnitInfo      : No LoadTimeWeaver setup: ignoring JPA class transformer
2026-04-02T13:24:00.777-05:00  INFO 51723 --- [wallet-service] [           main] com.zaxxer.hikari.HikariDataSource       : HikariPool-22 - Starting...
2026-04-02T13:24:00.778-05:00  INFO 51723 --- [wallet-service] [           main] com.zaxxer.hikari.pool.HikariPool        : HikariPool-22 - Added connection conn50: url=jdbc:h2:mem:testdb user=SA
2026-04-02T13:24:00.778-05:00  INFO 51723 --- [wallet-service] [           main] com.zaxxer.hikari.HikariDataSource       : HikariPool-22 - Start completed.
2026-04-02T13:24:00.778-05:00  INFO 51723 --- [wallet-service] [           main] org.hibernate.orm.connections.pooling    : HHH10001005: Database info:
	Database JDBC URL [jdbc:h2:mem:testdb]
	Database driver: H2 JDBC Driver
	Database dialect: H2Dialect
	Database version: 2.4.240
	Default catalog/schema: TESTDB/PUBLIC
	Autocommit mode: undefined/unknown
	Isolation level: READ_COMMITTED [default READ_COMMITTED]
	JDBC fetch size: 100
	Pool: DataSourceConnectionProvider
	Minimum pool size: undefined/unknown
	Maximum pool size: undefined/unknown
2026-04-02T13:24:00.790-05:00  INFO 51723 --- [wallet-service] [           main] org.hibernate.orm.core                   : HHH000489: No JTA platform available (set 'hibernate.transaction.jta.platform' to enable JTA platform integration)
2026-04-02T13:24:00.792-05:00  INFO 51723 --- [wallet-service] [           main] j.LocalContainerEntityManagerFactoryBean : Initialized JPA EntityManagerFactory for persistence unit 'default'
2026-04-02T13:24:00.812-05:00  WARN 51723 --- [wallet-service] [           main] JpaBaseConfiguration$JpaWebConfiguration : spring.jpa.open-in-view is enabled by default. Therefore, database queries may be performed during view rendering. Explicitly configure spring.jpa.open-in-view to disable this warning
2026-04-02T13:24:00.838-05:00  INFO 51723 --- [wallet-service] [           main] o.s.b.t.m.w.SpringBootMockServletContext : Initializing Spring TestDispatcherServlet ''
2026-04-02T13:24:00.838-05:00  INFO 51723 --- [wallet-service] [           main] o.s.t.web.servlet.TestDispatcherServlet  : Initializing Servlet ''
2026-04-02T13:24:00.839-05:00  INFO 51723 --- [wallet-service] [           main] o.s.b.a.e.web.EndpointLinksResolver      : Exposing 1 endpoint beneath base path '/actuator'
2026-04-02T13:24:00.840-05:00  INFO 51723 --- [wallet-service] [           main] o.s.t.web.servlet.TestDispatcherServlet  : Completed initialization in 2 ms
2026-04-02T13:24:00.843-05:00  INFO 51723 --- [wallet-service] [           main] .p.w.p.c.WalletControllerIntegrationTest : Started WalletControllerIntegrationTest in 0.136 seconds (process running for 7.755)
2026-04-02T13:24:00.854-05:00  INFO 51723 --- [wallet-service] [           main] j.LocalContainerEntityManagerFactoryBean : Closing JPA EntityManagerFactory for persistence unit 'default'
2026-04-02T13:24:00.855-05:00  INFO 51723 --- [wallet-service] [           main] com.zaxxer.hikari.HikariDataSource       : HikariPool-22 - Shutdown initiated...
2026-04-02T13:24:00.855-05:00  INFO 51723 --- [wallet-service] [           main] com.zaxxer.hikari.HikariDataSource       : HikariPool-22 - Shutdown completed.
]]></system-out>
  </testcase>
  <testcase name="updateWallet_shouldReturnUpdatedWallet" classname="com.personalfinance.walletservice.presentation.controller.WalletControllerIntegrationTest" time="0.014">
    <system-out><![CDATA[
  .   ____          _            __ _ _
 /\\ / ___'_ __ _ _(_)_ __  __ _ \ \ \ \
( ( )\___ | '_ | '_| | '_ \/ _` | \ \ \ \
 \\/  ___)| |_)| | | | | || (_| |  ) ) ) )
  '  |____| .__|_| |_|_| |_\__, | / / / /
 =========|_|==============|___/=/_/_/_/

 :: Spring Boot ::                (v4.0.3)

2026-04-02T13:24:00.861-05:00  INFO 51723 --- [wallet-service] [           main] .p.w.p.c.WalletControllerIntegrationTest : Starting WalletControllerIntegrationTest using Java 25.0.2 with PID 51723 (started by duvan in /home/duvan/IdeaProjects/PersonalFinances/wallet-service)
2026-04-02T13:24:00.861-05:00  INFO 51723 --- [wallet-service] [           main] .p.w.p.c.WalletControllerIntegrationTest : No active profile set, falling back to 1 default profile: "default"
2026-04-02T13:24:00.900-05:00  INFO 51723 --- [wallet-service] [           main] .s.d.r.c.RepositoryConfigurationDelegate : Bootstrapping Spring Data JPA repositories in DEFAULT mode.
2026-04-02T13:24:00.903-05:00  INFO 51723 --- [wallet-service] [           main] .s.d.r.c.RepositoryConfigurationDelegate : Finished Spring Data repository scanning in 3 ms. Found 3 JPA repository interfaces.
2026-04-02T13:24:00.920-05:00  INFO 51723 --- [wallet-service] [           main] org.hibernate.orm.jpa                    : HHH008540: Processing PersistenceUnitInfo [name: default]
2026-04-02T13:24:00.927-05:00  INFO 51723 --- [wallet-service] [           main] o.s.o.j.p.SpringPersistenceUnitInfo      : No LoadTimeWeaver setup: ignoring JPA class transformer
2026-04-02T13:24:00.927-05:00  INFO 51723 --- [wallet-service] [           main] com.zaxxer.hikari.HikariDataSource       : HikariPool-23 - Starting...
2026-04-02T13:24:00.928-05:00  INFO 51723 --- [wallet-service] [           main] com.zaxxer.hikari.pool.HikariPool        : HikariPool-23 - Added connection conn51: url=jdbc:h2:mem:testdb user=SA
2026-04-02T13:24:00.928-05:00  INFO 51723 --- [wallet-service] [           main] com.zaxxer.hikari.HikariDataSource       : HikariPool-23 - Start completed.
2026-04-02T13:24:00.928-05:00  INFO 51723 --- [wallet-service] [           main] org.hibernate.orm.connections.pooling    : HHH10001005: Database info:
	Database JDBC URL [jdbc:h2:mem:testdb]
	Database driver: H2 JDBC Driver
	Database dialect: H2Dialect
	Database version: 2.4.240
	Default catalog/schema: TESTDB/PUBLIC
	Autocommit mode: undefined/unknown
	Isolation level: READ_COMMITTED [default READ_COMMITTED]
	JDBC fetch size: 100
	Pool: DataSourceConnectionProvider
	Minimum pool size: undefined/unknown
	Maximum pool size: undefined/unknown
2026-04-02T13:24:00.940-05:00  INFO 51723 --- [wallet-service] [           main] org.hibernate.orm.core                   : HHH000489: No JTA platform available (set 'hibernate.transaction.jta.platform' to enable JTA platform integration)
2026-04-02T13:24:00.942-05:00  INFO 51723 --- [wallet-service] [           main] j.LocalContainerEntityManagerFactoryBean : Initialized JPA EntityManagerFactory for persistence unit 'default'
2026-04-02T13:24:00.956-05:00  WARN 51723 --- [wallet-service] [           main] JpaBaseConfiguration$JpaWebConfiguration : spring.jpa.open-in-view is enabled by default. Therefore, database queries may be performed during view rendering. Explicitly configure spring.jpa.open-in-view to disable this warning
2026-04-02T13:24:00.984-05:00  INFO 51723 --- [wallet-service] [           main] o.s.b.t.m.w.SpringBootMockServletContext : Initializing Spring TestDispatcherServlet ''
2026-04-02T13:24:00.984-05:00  INFO 51723 --- [wallet-service] [           main] o.s.t.web.servlet.TestDispatcherServlet  : Initializing Servlet ''
2026-04-02T13:24:00.985-05:00  INFO 51723 --- [wallet-service] [           main] o.s.b.a.e.web.EndpointLinksResolver      : Exposing 1 endpoint beneath base path '/actuator'
2026-04-02T13:24:00.986-05:00  INFO 51723 --- [wallet-service] [           main] o.s.t.web.servlet.TestDispatcherServlet  : Completed initialization in 2 ms
2026-04-02T13:24:00.989-05:00  INFO 51723 --- [wallet-service] [           main] .p.w.p.c.WalletControllerIntegrationTest : Started WalletControllerIntegrationTest in 0.133 seconds (process running for 7.902)
2026-04-02T13:24:01.002-05:00  INFO 51723 --- [wallet-service] [           main] j.LocalContainerEntityManagerFactoryBean : Closing JPA EntityManagerFactory for persistence unit 'default'
2026-04-02T13:24:01.003-05:00  INFO 51723 --- [wallet-service] [           main] com.zaxxer.hikari.HikariDataSource       : HikariPool-23 - Shutdown initiated...
2026-04-02T13:24:01.003-05:00  INFO 51723 --- [wallet-service] [           main] com.zaxxer.hikari.HikariDataSource       : HikariPool-23 - Shutdown completed.
]]></system-out>
  </testcase>
</testsuite>