<?xml version="1.0" encoding="UTF-8"?>
<testsuite xmlns:xsi="http://www.w3.org/2001/XMLSchema-instance" xsi:noNamespaceSchemaLocation="https://maven.apache.org/surefire/maven-surefire-plugin/xsd/surefire-test-report.xsd" version="3.0.2" name="com.personalfinance.walletservice.presentation.controller.WalletControllerIntegrationTest" time="4.468" tests="22" errors="0" skipped="0" failures="0">
  <properties>
[...]
</properties>
  <testcase name="deleteWallet_shouldReturn404_whenNotFound" classname="com.personalfinance.walletservice.presentation.controller.WalletControllerIntegrationTest" time="0.28">
    <system-out><![CDATA[2026-03-28T13:38:09.843-05:00  INFO 29071 --- [wallet-service] [           main] t.c.s.AnnotationConfigContextLoaderUtils : Could not detect default configuration classes for test class [com.personalfinance.walletservice.presentation.controller.WalletControllerIntegrationTest]: WalletControllerIntegrationTest does not declare any static, non-private, non-final, nested classes annotated with @Configuration.
2026-03-28T13:38:09.851-05:00  INFO 29071 --- [wallet-service] [           main] .b.t.c.SpringBootTestContextBootstrapper : Found @SpringBootConfiguration com.personalfinance.walletservice.WalletServiceApplication for test class com.personalfinance.walletservice.presentation.controller.WalletControllerIntegrationTest

  .   ____          _            __ _ _
 /\\ / ___'_ __ _ _(_)_ __  __ _ \ \ \ \
( ( )\___ | '_ | '_| | '_ \/ _` | \ \ \ \
 \\/  ___)| |_)| | | | | || (_| |  ) ) ) )
  '  |____| .__|_| |_|_| |_\__, | / / / /
 =========|_|==============|___/=/_/_/_/

 :: Spring Boot ::                (v4.0.3)

2026-03-28T13:38:09.865-05:00  INFO 29071 --- [wallet-service] [           main] .p.w.p.c.WalletControllerIntegrationTest : Starting WalletControllerIntegrationTest using Java 21 with PID 29071 (started by davukx in /home/davukx/Documents/Projects/PersonalFinance/wallet-service)
2026-03-28T13:38:09.865-05:00  INFO 29071 --- [wallet-service] [           main] .p.w.p.c.WalletControllerIntegrationTest : No active profile set, falling back to 1 default profile: "default"
2026-03-28T13:38:09.970-05:00  INFO 29071 --- [wallet-service] [           main] .s.d.r.c.RepositoryConfigurationDelegate : Bootstrapping Spring Data JPA repositories in DEFAULT mode.
2026-03-28T13:38:09.976-05:00  INFO 29071 --- [wallet-service] [           main] .s.d.r.c.RepositoryConfigurationDelegate : Finished Spring Data repository scanning in 5 ms. Found 1 JPA repository interface.
2026-03-28T13:38:10.021-05:00  INFO 29071 --- [wallet-service] [           main] org.hibernate.orm.jpa                    : HHH008540: Processing PersistenceUnitInfo [name: default]
2026-03-28T13:38:10.030-05:00  INFO 29071 --- [wallet-service] [           main] o.s.o.j.p.SpringPersistenceUnitInfo      : No LoadTimeWeaver setup: ignoring JPA class transformer
2026-03-28T13:38:10.030-05:00  INFO 29071 --- [wallet-service] [           main] com.zaxxer.hikari.HikariDataSource       : HikariPool-2 - Starting...
2026-03-28T13:38:10.031-05:00  INFO 29071 --- [wallet-service] [           main] com.zaxxer.hikari.pool.HikariPool        : HikariPool-2 - Added connection conn10: url=jdbc:h2:mem:testdb user=SA
2026-03-28T13:38:10.031-05:00  INFO 29071 --- [wallet-service] [           main] com.zaxxer.hikari.HikariDataSource       : HikariPool-2 - Start completed.
2026-03-28T13:38:10.032-05:00  INFO 29071 --- [wallet-service] [           main] org.hibernate.orm.connections.pooling    : HHH10001005: Database info:
	Database JDBC URL [jdbc:h2:mem:testdb]
	Database driver: H2 JDBC Driver
	Database dialect: H2Dialect
	Database version: 2.4.240
	Default catalog/schema: TESTDB/PUBLIC
	Autocommit mode: undefined/unknown
	Isolation level: READ_COMMITTED [default READ_COMMITTED]
	JDBC fetch size: 100
	Pool: DataSourceConnectionProvider
	Minimum pool size: undefined/unknown
	Maximum pool size: undefined/unknown
2026-03-28T13:38:10.047-05:00  INFO 29071 --- [wallet-service] [           main] org.hibernate.orm.core                   : HHH000489: No JTA platform available (set 'hibernate.transaction.jta.platform' to enable JTA platform integration)
2026-03-28T13:38:10.050-05:00  INFO 29071 --- [wallet-service] [           main] j.LocalContainerEntityManagerFactoryBean : Initialized JPA EntityManagerFactory for persistence unit 'default'
2026-03-28T13:38:10.077-05:00  WARN 29071 --- [wallet-service] [           main] JpaBaseConfiguration$JpaWebConfiguration : spring.jpa.open-in-view is enabled by default. Therefore, database queries may be performed during view rendering. Explicitly configure spring.jpa.open-in-view to disable this warning
2026-03-28T13:38:10.146-05:00  INFO 29071 --- [wallet-service] [           main] o.s.b.t.m.w.SpringBootMockServletContext : Initializing Spring TestDispatcherServlet ''
2026-03-28T13:38:10.146-05:00  INFO 29071 --- [wallet-service] [           main] o.s.t.web.servlet.TestDispatcherServlet  : Initializing Servlet ''
2026-03-28T13:38:10.147-05:00  INFO 29071 --- [wallet-service] [           main] o.s.b.a.e.web.EndpointLinksResolver      : Exposing 1 endpoint beneath base path '/actuator'
2026-03-28T13:38:10.150-05:00  INFO 29071 --- [wallet-service] [           main] o.s.t.web.servlet.TestDispatcherServlet  : Completed initialization in 4 ms
2026-03-28T13:38:10.160-05:00  INFO 29071 --- [wallet-service] [           main] .p.w.p.c.WalletControllerIntegrationTest : Started WalletControllerIntegrationTest in 0.306 seconds (process running for 3.264)
2026-03-28T13:38:10.438-05:00  INFO 29071 --- [wallet-service] [           main] j.LocalContainerEntityManagerFactoryBean : Closing JPA EntityManagerFactory for persistence unit 'default'
2026-03-28T13:38:10.440-05:00  INFO 29071 --- [wallet-service] [           main] com.zaxxer.hikari.HikariDataSource       : HikariPool-2 - Shutdown initiated...
2026-03-28T13:38:10.441-05:00  INFO 29071 --- [wallet-service] [           main] com.zaxxer.hikari.HikariDataSource       : HikariPool-2 - Shutdown completed.
]]></system-out>
  </testcase>
  <testcase name="getWallet_shouldReturn404_whenBelongsToOtherUser" classname="com.personalfinance.walletservice.presentation.controller.WalletControllerIntegrationTest" time="0.085">
    <system-out><![CDATA[
  .   ____          _            __ _ _
 /\\ / ___'_ __ _ _(_)_ __  __ _ \ \ \ \
( ( )\___ | '_ | '_| | '_ \/ _` | \ \ \ \
 \\/  ___)| |_)| | | | | || (_| |  ) ) ) )
  '  |____| .__|_| |_|_| |_\__, | / / / /
 =========|_|==============|___/=/_/_/_/

 :: Spring Boot ::                (v4.0.3)

2026-03-28T13:38:10.451-05:00  INFO 29071 --- [wallet-service] [           main] .p.w.p.c.WalletControllerIntegrationTest : Starting WalletControllerIntegrationTest using Java 21 with PID 29071 (started by davukx in /home/davukx/Documents/Projects/PersonalFinance/wallet-service)
2026-03-28T13:38:10.451-05:00  INFO 29071 --- [wallet-service] [           main] .p.w.p.c.WalletControllerIntegrationTest : No active profile set, falling back to 1 default profile: "default"
2026-03-28T13:38:10.526-05:00  INFO 29071 --- [wallet-service] [           main] .s.d.r.c.RepositoryConfigurationDelegate : Bootstrapping Spring Data JPA repositories in DEFAULT mode.
2026-03-28T13:38:10.531-05:00  INFO 29071 --- [wallet-service] [           main] .s.d.r.c.RepositoryConfigurationDelegate : Finished Spring Data repository scanning in 3 ms. Found 1 JPA repository interface.
2026-03-28T13:38:10.570-05:00  INFO 29071 --- [wallet-service] [           main] org.hibernate.orm.jpa                    : HHH008540: Processing PersistenceUnitInfo [name: default]
2026-03-28T13:38:10.578-05:00  INFO 29071 --- [wallet-service] [           main] o.s.o.j.p.SpringPersistenceUnitInfo      : No LoadTimeWeaver setup: ignoring JPA class transformer
2026-03-28T13:38:10.578-05:00  INFO 29071 --- [wallet-service] [           main] com.zaxxer.hikari.HikariDataSource       : HikariPool-3 - Starting...
2026-03-28T13:38:10.579-05:00  INFO 29071 --- [wallet-service] [           main] com.zaxxer.hikari.pool.HikariPool        : HikariPool-3 - Added connection conn20: url=jdbc:h2:mem:testdb user=SA
2026-03-28T13:38:10.579-05:00  INFO 29071 --- [wallet-service] [           main] com.zaxxer.hikari.HikariDataSource       : HikariPool-3 - Start completed.
2026-03-28T13:38:10.580-05:00  INFO 29071 --- [wallet-service] [           main] org.hibernate.orm.connections.pooling    : HHH10001005: Database info:
	Database JDBC URL [jdbc:h2:mem:testdb]
	Database driver: H2 JDBC Driver
	Database dialect: H2Dialect
	Database version: 2.4.240
	Default catalog/schema: TESTDB/PUBLIC
	Autocommit mode: undefined/unknown
	Isolation level: READ_COMMITTED [default READ_COMMITTED]
	JDBC fetch size: 100
	Pool: DataSourceConnectionProvider
	Minimum pool size: undefined/unknown
	Maximum pool size: undefined/unknown
2026-03-28T13:38:10.594-05:00  INFO 29071 --- [wallet-service] [           main] org.hibernate.orm.core                   : HHH000489: No JTA platform available (set 'hibernate.transaction.jta.platform' to enable JTA platform integration)
2026-03-28T13:38:10.596-05:00  INFO 29071 --- [wallet-service] [           main] j.LocalContainerEntityManagerFactoryBean : Initialized JPA EntityManagerFactory for persistence unit 'default'
2026-03-28T13:38:10.617-05:00  WARN 29071 --- [wallet-service] [           main] JpaBaseConfiguration$JpaWebConfiguration : spring.jpa.open-in-view is enabled by default. Therefore, database queries may be performed during view rendering. Explicitly configure spring.jpa.open-in-view to disable this warning
2026-03-28T13:38:10.675-05:00  INFO 29071 --- [wallet-service] [           main] o.s.b.t.m.w.SpringBootMockServletContext : Initializing Spring TestDispatcherServlet ''
2026-03-28T13:38:10.675-05:00  INFO 29071 --- [wallet-service] [           main] o.s.t.web.servlet.TestDispatcherServlet  : Initializing Servlet ''
2026-03-28T13:38:10.676-05:00  INFO 29071 --- [wallet-service] [           main] o.s.b.a.e.web.EndpointLinksResolver      : Exposing 1 endpoint beneath base path '/actuator'
2026-03-28T13:38:10.678-05:00  INFO 29071 --- [wallet-service] [           main] o.s.t.web.servlet.TestDispatcherServlet  : Completed initialization in 3 ms
2026-03-28T13:38:10.686-05:00  INFO 29071 --- [wallet-service] [           main] .p.w.p.c.WalletControllerIntegrationTest : Started WalletControllerIntegrationTest in 0.243 seconds (process running for 3.79)
2026-03-28T13:38:10.765-05:00  INFO 29071 --- [wallet-service] [           main] j.LocalContainerEntityManagerFactoryBean : Closing JPA EntityManagerFactory for persistence unit 'default'
2026-03-28T13:38:10.766-05:00  INFO 29071 --- [wallet-service] [           main] com.zaxxer.hikari.HikariDataSource       : HikariPool-3 - Shutdown initiated...
2026-03-28T13:38:10.771-05:00  INFO 29071 --- [wallet-service] [           main] com.zaxxer.hikari.HikariDataSource       : HikariPool-3 - Shutdown completed.
]]></system-out>
  </testcase>
  <testcase name="createWallet_shouldReturn401_whenNoUserIdHeader" classname="com.personalfinance.walletservice.presentation.controller.WalletControllerIntegrationTest" time="0.031">
    <system-out><![CDATA[
  .   ____          _            __ _ _
 /\\ / ___'_ __ _ _(_)_ __  __ _ \ \ \ \
( ( )\___ | '_ | '_| | '_ \/ _` | \ \ \ \
 \\/  ___)| |_)| | | | | || (_| |  ) ) ) )
  '  |____| .__|_| |_|_| |_\__, | / / / /
 =========|_|==============|___/=/_/_/_/

 :: Spring Boot ::                (v4.0.3)

2026-03-28T13:38:10.782-05:00  INFO 29071 --- [wallet-service] [           main] .p.w.p.c.WalletControllerIntegrationTest : Starting WalletControllerIntegrationTest using Java 21 with PID 29071 (started by davukx in /home/davukx/Documents/Projects/PersonalFinance/wallet-service)
2026-03-28T13:38:10.782-05:00  INFO 29071 --- [wallet-service] [           main] .p.w.p.c.WalletControllerIntegrationTest : No active profile set, falling back to 1 default profile: "default"
2026-03-28T13:38:10.848-05:00  INFO 29071 --- [wallet-service] [           main] .s.d.r.c.RepositoryConfigurationDelegate : Bootstrapping Spring Data JPA repositories in DEFAULT mode.
2026-03-28T13:38:10.853-05:00  INFO 29071 --- [wallet-service] [           main] .s.d.r.c.RepositoryConfigurationDelegate : Finished Spring Data repository scanning in 3 ms. Found 1 JPA repository interface.
2026-03-28T13:38:10.885-05:00  INFO 29071 --- [wallet-service] [           main] org.hibernate.orm.jpa                    : HHH008540: Processing PersistenceUnitInfo [name: default]
2026-03-28T13:38:10.894-05:00  INFO 29071 --- [wallet-service] [           main] o.s.o.j.p.SpringPersistenceUnitInfo      : No LoadTimeWeaver setup: ignoring JPA class transformer
2026-03-28T13:38:10.894-05:00  INFO 29071 --- [wallet-service] [           main] com.zaxxer.hikari.HikariDataSource       : HikariPool-4 - Starting...
2026-03-28T13:38:10.895-05:00  INFO 29071 --- [wallet-service] [           main] com.zaxxer.hikari.pool.HikariPool        : HikariPool-4 - Added connection conn24: url=jdbc:h2:mem:testdb user=SA
2026-03-28T13:38:10.895-05:00  INFO 29071 --- [wallet-service] [           main] com.zaxxer.hikari.HikariDataSource       : HikariPool-4 - Start completed.
2026-03-28T13:38:10.895-05:00  INFO 29071 --- [wallet-service] [           main] org.hibernate.orm.connections.pooling    : HHH10001005: Database info:
	Database JDBC URL [jdbc:h2:mem:testdb]
	Database driver: H2 JDBC Driver
	Database dialect: H2Dialect
	Database version: 2.4.240
	Default catalog/schema: TESTDB/PUBLIC
	Autocommit mode: undefined/unknown
	Isolation level: READ_COMMITTED [default READ_COMMITTED]
	JDBC fetch size: 100
	Pool: DataSourceConnectionProvider
	Minimum pool size: undefined/unknown
	Maximum pool size: undefined/unknown
2026-03-28T13:38:10.910-05:00  INFO 29071 --- [wallet-service] [           main] org.hibernate.orm.core                   : HHH000489: No JTA platform available (set 'hibernate.transaction.jta.platform' to enable JTA platform integration)
2026-03-28T13:38:10.911-05:00  INFO 29071 --- [wallet-service] [           main] j.LocalContainerEntityManagerFactoryBean : Initialized JPA EntityManagerFactory for persistence unit 'default'
2026-03-28T13:38:10.930-05:00  WARN 29071 --- [wallet-service] [           main] JpaBaseConfiguration$JpaWebConfiguration : spring.jpa.open-in-view is enabled by default. Therefore, database queries may be performed during view rendering. Explicitly configure spring.jpa.open-in-view to disable this warning
2026-03-28T13:38:10.987-05:00  INFO 29071 --- [wallet-service] [           main] o.s.b.t.m.w.SpringBootMockServletContext : Initializing Spring TestDispatcherServlet ''
2026-03-28T13:38:10.987-05:00  INFO 29071 --- [wallet-service] [           main] o.s.t.web.servlet.TestDispatcherServlet  : Initializing Servlet ''
2026-03-28T13:38:10.988-05:00  INFO 29071 --- [wallet-service] [           main] o.s.b.a.e.web.EndpointLinksResolver      : Exposing 1 endpoint beneath base path '/actuator'
2026-03-28T13:38:10.989-05:00  INFO 29071 --- [wallet-service] [           main] o.s.t.web.servlet.TestDispatcherServlet  : Completed initialization in 2 ms
2026-03-28T13:38:10.994-05:00  INFO 29071 --- [wallet-service] [           main] .p.w.p.c.WalletControllerIntegrationTest : Started WalletControllerIntegrationTest in 0.221 seconds (process running for 4.098)
2026-03-28T13:38:11.000-05:00  INFO 29071 --- [wallet-service] [           main] j.LocalContainerEntityManagerFactoryBean : Closing JPA EntityManagerFactory for persistence unit 'default'
2026-03-28T13:38:11.001-05:00  INFO 29071 --- [wallet-service] [           main] com.zaxxer.hikari.HikariDataSource       : HikariPool-4 - Shutdown initiated...
2026-03-28T13:38:11.026-05:00  INFO 29071 --- [wallet-service] [           main] com.zaxxer.hikari.HikariDataSource       : HikariPool-4 - Shutdown completed.
]]></system-out>
  </testcase>
  <testcase name="restore_shouldReturn200_withArchivedFalse" classname="com.personalfinance.walletservice.presentation.controller.WalletControllerIntegrationTest" time="0.055">
    <system-out><![CDATA[
  .   ____          _            __ _ _
 /\\ / ___'_ __ _ _(_)_ __  __ _ \ \ \ \
( ( )\___ | '_ | '_| | '_ \/ _` | \ \ \ \
 \\/  ___)| |_)| | | | | || (_| |  ) ) ) )
  '  |____| .__|_| |_|_| |_\__, | / / / /
 =========|_|==============|___/=/_/_/_/

 :: Spring Boot ::                (v4.0.3)

2026-03-28T13:38:11.037-05:00  INFO 29071 --- [wallet-service] [           main] .p.w.p.c.WalletControllerIntegrationTest : Starting WalletControllerIntegrationTest using Java 21 with PID 29071 (started by davukx in /home/davukx/Documents/Projects/PersonalFinance/wallet-service)
2026-03-28T13:38:11.037-05:00  INFO 29071 --- [wallet-service] [           main] .p.w.p.c.WalletControllerIntegrationTest : No active profile set, falling back to 1 default profile: "default"
2026-03-28T13:38:11.089-05:00  INFO 29071 --- [wallet-service] [           main] .s.d.r.c.RepositoryConfigurationDelegate : Bootstrapping Spring Data JPA repositories in DEFAULT mode.
2026-03-28T13:38:11.093-05:00  INFO 29071 --- [wallet-service] [           main] .s.d.r.c.RepositoryConfigurationDelegate : Finished Spring Data repository scanning in 3 ms. Found 1 JPA repository interface.
2026-03-28T13:38:11.121-05:00  INFO 29071 --- [wallet-service] [           main] org.hibernate.orm.jpa                    : HHH008540: Processing PersistenceUnitInfo [name: default]
2026-03-28T13:38:11.128-05:00  INFO 29071 --- [wallet-service] [           main] o.s.o.j.p.SpringPersistenceUnitInfo      : No LoadTimeWeaver setup: ignoring JPA class transformer
2026-03-28T13:38:11.129-05:00  INFO 29071 --- [wallet-service] [           main] com.zaxxer.hikari.HikariDataSource       : HikariPool-5 - Starting...
2026-03-28T13:38:11.129-05:00  INFO 29071 --- [wallet-service] [           main] com.zaxxer.hikari.pool.HikariPool        : HikariPool-5 - Added connection conn26: url=jdbc:h2:mem:testdb user=SA
2026-03-28T13:38:11.129-05:00  INFO 29071 --- [wallet-service] [           main] com.zaxxer.hikari.HikariDataSource       : HikariPool-5 - Start completed.
2026-03-28T13:38:11.130-05:00  INFO 29071 --- [wallet-service] [           main] org.hibernate.orm.connections.pooling    : HHH10001005: Database info:
	Database JDBC URL [jdbc:h2:mem:testdb]
	Database driver: H2 JDBC Driver
	Database dialect: H2Dialect
	Database version: 2.4.240
	Default catalog/schema: TESTDB/PUBLIC
	Autocommit mode: undefined/unknown
	Isolation level: READ_COMMITTED [default READ_COMMITTED]
	JDBC fetch size: 100
	Pool: DataSourceConnectionProvider
	Minimum pool size: undefined/unknown
	Maximum pool size: undefined/unknown
2026-03-28T13:38:11.142-05:00  INFO 29071 --- [wallet-service] [           main] org.hibernate.orm.core                   : HHH000489: No JTA platform available (set 'hibernate.transaction.jta.platform' to enable JTA platform integration)
2026-03-28T13:38:11.144-05:00  INFO 29071 --- [wallet-service] [           main] j.LocalContainerEntityManagerFactoryBean : Initialized JPA EntityManagerFactory for persistence unit 'default'
2026-03-28T13:38:11.158-05:00  WARN 29071 --- [wallet-service] [           main] JpaBaseConfiguration$JpaWebConfiguration : spring.jpa.open-in-view is enabled by default. Therefore, database queries may be performed during view rendering. Explicitly configure spring.jpa.open-in-view to disable this warning
2026-03-28T13:38:11.199-05:00  INFO 29071 --- [wallet-service] [           main] o.s.b.t.m.w.SpringBootMockServletContext : Initializing Spring TestDispatcherServlet ''
2026-03-28T13:38:11.199-05:00  INFO 29071 --- [wallet-service] [           main] o.s.t.web.servlet.TestDispatcherServlet  : Initializing Servlet ''
2026-03-28T13:38:11.200-05:00  INFO 29071 --- [wallet-service] [           main] o.s.b.a.e.web.EndpointLinksResolver      : Exposing 1 endpoint beneath base path '/actuator'
2026-03-28T13:38:11.202-05:00  INFO 29071 --- [wallet-service] [           main] o.s.t.web.servlet.TestDispatcherServlet  : Completed initialization in 3 ms
2026-03-28T13:38:11.206-05:00  INFO 29071 --- [wallet-service] [           main] .p.w.p.c.WalletControllerIntegrationTest : Started WalletControllerIntegrationTest in 0.178 seconds (process running for 4.31)
2026-03-28T13:38:11.241-05:00  INFO 29071 --- [wallet-service] [           main] j.LocalContainerEntityManagerFactoryBean : Closing JPA EntityManagerFactory for persistence unit 'default'
2026-03-28T13:38:11.241-05:00  INFO 29071 --- [wallet-service] [           main] com.zaxxer.hikari.HikariDataSource       : HikariPool-5 - Shutdown initiated...
2026-03-28T13:38:11.260-05:00  INFO 29071 --- [wallet-service] [           main] com.zaxxer.hikari.HikariDataSource       : HikariPool-5 - Shutdown completed.
]]></system-out>
  </testcase>
  <testcase name="setSpendingLimit_shouldReturn200_withLimitData" classname="com.personalfinance.walletservice.presentation.controller.WalletControllerIntegrationTest" time="0.046">
    <system-out><![CDATA[
  .   ____          _            __ _ _
 /\\ / ___'_ __ _ _(_)_ __  __ _ \ \ \ \
( ( )\___ | '_ | '_| | '_ \/ _` | \ \ \ \
 \\/  ___)| |_)| | | | | || (_| |  ) ) ) )
  '  |____| .__|_| |_|_| |_\__, | / / / /
 =========|_|==============|___/=/_/_/_/

 :: Spring Boot ::                (v4.0.3)

2026-03-28T13:38:11.269-05:00  INFO 29071 --- [wallet-service] [           main] .p.w.p.c.WalletControllerIntegrationTest : Starting WalletControllerIntegrationTest using Java 21 with PID 29071 (started by davukx in /home/davukx/Documents/Projects/PersonalFinance/wallet-service)
2026-03-28T13:38:11.269-05:00  INFO 29071 --- [wallet-service] [           main] .p.w.p.c.WalletControllerIntegrationTest : No active profile set, falling back to 1 default profile: "default"
2026-03-28T13:38:11.321-05:00  INFO 29071 --- [wallet-service] [           main] .s.d.r.c.RepositoryConfigurationDelegate : Bootstrapping Spring Data JPA repositories in DEFAULT mode.
2026-03-28T13:38:11.324-05:00  INFO 29071 --- [wallet-service] [           main] .s.d.r.c.RepositoryConfigurationDelegate : Finished Spring Data repository scanning in 3 ms. Found 1 JPA repository interface.
2026-03-28T13:38:11.351-05:00  INFO 29071 --- [wallet-service] [           main] org.hibernate.orm.jpa                    : HHH008540: Processing PersistenceUnitInfo [name: default]
2026-03-28T13:38:11.358-05:00  INFO 29071 --- [wallet-service] [           main] o.s.o.j.p.SpringPersistenceUnitInfo      : No LoadTimeWeaver setup: ignoring JPA class transformer
2026-03-28T13:38:11.358-05:00  INFO 29071 --- [wallet-service] [           main] com.zaxxer.hikari.HikariDataSource       : HikariPool-6 - Starting...
2026-03-28T13:38:11.359-05:00  INFO 29071 --- [wallet-service] [           main] com.zaxxer.hikari.pool.HikariPool        : HikariPool-6 - Added connection conn28: url=jdbc:h2:mem:testdb user=SA
2026-03-28T13:38:11.359-05:00  INFO 29071 --- [wallet-service] [           main] com.zaxxer.hikari.HikariDataSource       : HikariPool-6 - Start completed.
2026-03-28T13:38:11.359-05:00  INFO 29071 --- [wallet-service] [           main] org.hibernate.orm.connections.pooling    : HHH10001005: Database info:
	Database JDBC URL [jdbc:h2:mem:testdb]
	Database driver: H2 JDBC Driver
	Database dialect: H2Dialect
	Database version: 2.4.240
	Default catalog/schema: TESTDB/PUBLIC
	Autocommit mode: undefined/unknown
	Isolation level: READ_COMMITTED [default READ_COMMITTED]
	JDBC fetch size: 100
	Pool: DataSourceConnectionProvider
	Minimum pool size: undefined/unknown
	Maximum pool size: undefined/unknown
2026-03-28T13:38:11.371-05:00  INFO 29071 --- [wallet-service] [           main] org.hibernate.orm.core                   : HHH000489: No JTA platform available (set 'hibernate.transaction.jta.platform' to enable JTA platform integration)
2026-03-28T13:38:11.373-05:00  INFO 29071 --- [wallet-service] [           main] j.LocalContainerEntityManagerFactoryBean : Initialized JPA EntityManagerFactory for persistence unit 'default'
2026-03-28T13:38:11.390-05:00  WARN 29071 --- [wallet-service] [           main] JpaBaseConfiguration$JpaWebConfiguration : spring.jpa.open-in-view is enabled by default. Therefore, database queries may be performed during view rendering. Explicitly configure spring.jpa.open-in-view to disable this warning
2026-03-28T13:38:11.436-05:00  INFO 29071 --- [wallet-service] [           main] o.s.b.t.m.w.SpringBootMockServletContext : Initializing Spring TestDispatcherServlet ''
2026-03-28T13:38:11.436-05:00  INFO 29071 --- [wallet-service] [           main] o.s.t.web.servlet.TestDispatcherServlet  : Initializing Servlet ''
2026-03-28T13:38:11.437-05:00  INFO 29071 --- [wallet-service] [           main] o.s.b.a.e.web.EndpointLinksResolver      : Exposing 1 endpoint beneath base path '/actuator'
2026-03-28T13:38:11.439-05:00  INFO 29071 --- [wallet-service] [           main] o.s.t.web.servlet.TestDispatcherServlet  : Completed initialization in 3 ms
2026-03-28T13:38:11.443-05:00  INFO 29071 --- [wallet-service] [           main] .p.w.p.c.WalletControllerIntegrationTest : Started WalletControllerIntegrationTest in 0.181 seconds (process running for 4.548)
2026-03-28T13:38:11.464-05:00  INFO 29071 --- [wallet-service] [           main] j.LocalContainerEntityManagerFactoryBean : Closing JPA EntityManagerFactory for persistence unit 'default'
2026-03-28T13:38:11.465-05:00  INFO 29071 --- [wallet-service] [           main] com.zaxxer.hikari.HikariDataSource       : HikariPool-6 - Shutdown initiated...
2026-03-28T13:38:11.489-05:00  INFO 29071 --- [wallet-service] [           main] com.zaxxer.hikari.HikariDataSource       : HikariPool-6 - Shutdown completed.
]]></system-out>
  </testcase>
  <testcase name="getWalletsPaged_shouldReturnPagedResults" classname="com.personalfinance.walletservice.presentation.controller.WalletControllerIntegrationTest" time="0.053">
    <system-out><![CDATA[
  .   ____          _            __ _ _
 /\\ / ___'_ __ _ _(_)_ __  __ _ \ \ \ \
( ( )\___ | '_ | '_| | '_ \/ _` | \ \ \ \
 \\/  ___)| |_)| | | | | || (_| |  ) ) ) )
  '  |____| .__|_| |_|_| |_\__, | / / / /
 =========|_|==============|___/=/_/_/_/

 :: Spring Boot ::                (v4.0.3)

2026-03-28T13:38:11.497-05:00  INFO 29071 --- [wallet-service] [           main] .p.w.p.c.WalletControllerIntegrationTest : Starting WalletControllerIntegrationTest using Java 21 with PID 29071 (started by davukx in /home/davukx/Documents/Projects/PersonalFinance/wallet-service)
2026-03-28T13:38:11.497-05:00  INFO 29071 --- [wallet-service] [           main] .p.w.p.c.WalletControllerIntegrationTest : No active profile set, falling back to 1 default profile: "default"
2026-03-28T13:38:11.552-05:00  INFO 29071 --- [wallet-service] [           main] .s.d.r.c.RepositoryConfigurationDelegate : Bootstrapping Spring Data JPA repositories in DEFAULT mode.
2026-03-28T13:38:11.555-05:00  INFO 29071 --- [wallet-service] [           main] .s.d.r.c.RepositoryConfigurationDelegate : Finished Spring Data repository scanning in 3 ms. Found 1 JPA repository interface.
2026-03-28T13:38:11.582-05:00  INFO 29071 --- [wallet-service] [           main] org.hibernate.orm.jpa                    : HHH008540: Processing PersistenceUnitInfo [name: default]
2026-03-28T13:38:11.590-05:00  INFO 29071 --- [wallet-service] [           main] o.s.o.j.p.SpringPersistenceUnitInfo      : No LoadTimeWeaver setup: ignoring JPA class transformer
2026-03-28T13:38:11.590-05:00  INFO 29071 --- [wallet-service] [           main] com.zaxxer.hikari.HikariDataSource       : HikariPool-7 - Starting...
2026-03-28T13:38:11.591-05:00  INFO 29071 --- [wallet-service] [           main] com.zaxxer.hikari.pool.HikariPool        : HikariPool-7 - Added connection conn30: url=jdbc:h2:mem:testdb user=SA
2026-03-28T13:38:11.591-05:00  INFO 29071 --- [wallet-service] [           main] com.zaxxer.hikari.HikariDataSource       : HikariPool-7 - Start completed.
2026-03-28T13:38:11.591-05:00  INFO 29071 --- [wallet-service] [           main] org.hibernate.orm.connections.pooling    : HHH10001005: Database info:
	Database JDBC URL [jdbc:h2:mem:testdb]
	Database driver: H2 JDBC Driver
	Database dialect: H2Dialect
	Database version: 2.4.240
	Default catalog/schema: TESTDB/PUBLIC
	Autocommit mode: undefined/unknown
	Isolation level: READ_COMMITTED [default READ_COMMITTED]
	JDBC fetch size: 100
	Pool: DataSourceConnectionProvider
	Minimum pool size: undefined/unknown
	Maximum pool size: undefined/unknown
2026-03-28T13:38:11.602-05:00  INFO 29071 --- [wallet-service] [           main] org.hibernate.orm.core                   : HHH000489: No JTA platform available (set 'hibernate.transaction.jta.platform' to enable JTA platform integration)
2026-03-28T13:38:11.604-05:00  INFO 29071 --- [wallet-service] [           main] j.LocalContainerEntityManagerFactoryBean : Initialized JPA EntityManagerFactory for persistence unit 'default'
2026-03-28T13:38:11.619-05:00  WARN 29071 --- [wallet-service] [           main] JpaBaseConfiguration$JpaWebConfiguration : spring.jpa.open-in-view is enabled by default. Therefore, database queries may be performed during view rendering. Explicitly configure spring.jpa.open-in-view to disable this warning
2026-03-28T13:38:11.660-05:00  INFO 29071 --- [wallet-service] [           main] o.s.b.t.m.w.SpringBootMockServletContext : Initializing Spring TestDispatcherServlet ''
2026-03-28T13:38:11.661-05:00  INFO 29071 --- [wallet-service] [           main] o.s.t.web.servlet.TestDispatcherServlet  : Initializing Servlet ''
2026-03-28T13:38:11.661-05:00  INFO 29071 --- [wallet-service] [           main] o.s.b.a.e.web.EndpointLinksResolver      : Exposing 1 endpoint beneath base path '/actuator'
2026-03-28T13:38:11.663-05:00  INFO 29071 --- [wallet-service] [           main] o.s.t.web.servlet.TestDispatcherServlet  : Completed initialization in 2 ms
2026-03-28T13:38:11.669-05:00  INFO 29071 --- [wallet-service] [           main] .p.w.p.c.WalletControllerIntegrationTest : Started WalletControllerIntegrationTest in 0.178 seconds (process running for 4.773)
2026-03-28T13:38:11.702-05:00  INFO 29071 --- [wallet-service] [           main] j.LocalContainerEntityManagerFactoryBean : Closing JPA EntityManagerFactory for persistence unit 'default'
2026-03-28T13:38:11.703-05:00  INFO 29071 --- [wallet-service] [           main] com.zaxxer.hikari.HikariDataSource       : HikariPool-7 - Shutdown initiated...
2026-03-28T13:38:11.722-05:00  INFO 29071 --- [wallet-service] [           main] com.zaxxer.hikari.HikariDataSource       : HikariPool-7 - Shutdown completed.
]]></system-out>
  </testcase>
  <testcase name="getWallet_shouldReturnWallet" classname="com.personalfinance.walletservice.presentation.controller.WalletControllerIntegrationTest" time="0.018">
    <system-out><![CDATA[
  .   ____          _            __ _ _
 /\\ / ___'_ __ _ _(_)_ __  __ _ \ \ \ \
( ( )\___ | '_ | '_| | '_ \/ _` | \ \ \ \
 \\/  ___)| |_)| | | | | || (_| |  ) ) ) )
  '  |____| .__|_| |_|_| |_\__, | / / / /
 =========|_|==============|___/=/_/_/_/

 :: Spring Boot ::                (v4.0.3)

2026-03-28T13:38:11.730-05:00  INFO 29071 --- [wallet-service] [           main] .p.w.p.c.WalletControllerIntegrationTest : Starting WalletControllerIntegrationTest using Java 21 with PID 29071 (started by davukx in /home/davukx/Documents/Projects/PersonalFinance/wallet-service)
2026-03-28T13:38:11.730-05:00  INFO 29071 --- [wallet-service] [           main] .p.w.p.c.WalletControllerIntegrationTest : No active profile set, falling back to 1 default profile: "default"
2026-03-28T13:38:11.774-05:00  INFO 29071 --- [wallet-service] [           main] .s.d.r.c.RepositoryConfigurationDelegate : Bootstrapping Spring Data JPA repositories in DEFAULT mode.
2026-03-28T13:38:11.777-05:00  INFO 29071 --- [wallet-service] [           main] .s.d.r.c.RepositoryConfigurationDelegate : Finished Spring Data repository scanning in 2 ms. Found 1 JPA repository interface.
2026-03-28T13:38:11.802-05:00  INFO 29071 --- [wallet-service] [           main] org.hibernate.orm.jpa                    : HHH008540: Processing PersistenceUnitInfo [name: default]
2026-03-28T13:38:11.809-05:00  INFO 29071 --- [wallet-service] [           main] o.s.o.j.p.SpringPersistenceUnitInfo      : No LoadTimeWeaver setup: ignoring JPA class transformer
2026-03-28T13:38:11.809-05:00  INFO 29071 --- [wallet-service] [           main] com.zaxxer.hikari.HikariDataSource       : HikariPool-8 - Starting...
2026-03-28T13:38:11.810-05:00  INFO 29071 --- [wallet-service] [           main] com.zaxxer.hikari.pool.HikariPool        : HikariPool-8 - Added connection conn32: url=jdbc:h2:mem:testdb user=SA
2026-03-28T13:38:11.810-05:00  INFO 29071 --- [wallet-service] [           main] com.zaxxer.hikari.HikariDataSource       : HikariPool-8 - Start completed.
2026-03-28T13:38:11.810-05:00  INFO 29071 --- [wallet-service] [           main] org.hibernate.orm.connections.pooling    : HHH10001005: Database info:
	Database JDBC URL [jdbc:h2:mem:testdb]
	Database driver: H2 JDBC Driver
	Database dialect: H2Dialect
	Database version: 2.4.240
	Default catalog/schema: TESTDB/PUBLIC
	Autocommit mode: undefined/unknown
	Isolation level: READ_COMMITTED [default READ_COMMITTED]
	JDBC fetch size: 100
	Pool: DataSourceConnectionProvider
	Minimum pool size: undefined/unknown
	Maximum pool size: undefined/unknown
2026-03-28T13:38:11.821-05:00  INFO 29071 --- [wallet-service] [           main] org.hibernate.orm.core                   : HHH000489: No JTA platform available (set 'hibernate.transaction.jta.platform' to enable JTA platform integration)
2026-03-28T13:38:11.823-05:00  INFO 29071 --- [wallet-service] [           main] j.LocalContainerEntityManagerFactoryBean : Initialized JPA EntityManagerFactory for persistence unit 'default'
2026-03-28T13:38:11.837-05:00  WARN 29071 --- [wallet-service] [           main] JpaBaseConfiguration$JpaWebConfiguration : spring.jpa.open-in-view is enabled by default. Therefore, database queries may be performed during view rendering. Explicitly configure spring.jpa.open-in-view to disable this warning
2026-03-28T13:38:11.877-05:00  INFO 29071 --- [wallet-service] [           main] o.s.b.t.m.w.SpringBootMockServletContext : Initializing Spring TestDispatcherServlet ''
2026-03-28T13:38:11.877-05:00  INFO 29071 --- [wallet-service] [           main] o.s.t.web.servlet.TestDispatcherServlet  : Initializing Servlet ''
2026-03-28T13:38:11.878-05:00  INFO 29071 --- [wallet-service] [           main] o.s.b.a.e.web.EndpointLinksResolver      : Exposing 1 endpoint beneath base path '/actuator'
2026-03-28T13:38:11.880-05:00  INFO 29071 --- [wallet-service] [           main] o.s.t.web.servlet.TestDispatcherServlet  : Completed initialization in 3 ms
2026-03-28T13:38:11.884-05:00  INFO 29071 --- [wallet-service] [           main] .p.w.p.c.WalletControllerIntegrationTest : Started WalletControllerIntegrationTest in 0.16 seconds (process running for 4.988)
2026-03-28T13:38:11.900-05:00  INFO 29071 --- [wallet-service] [           main] j.LocalContainerEntityManagerFactoryBean : Closing JPA EntityManagerFactory for persistence unit 'default'
2026-03-28T13:38:11.901-05:00  INFO 29071 --- [wallet-service] [           main] com.zaxxer.hikari.HikariDataSource       : HikariPool-8 - Shutdown initiated...
2026-03-28T13:38:11.902-05:00  INFO 29071 --- [wallet-service] [           main] com.zaxxer.hikari.HikariDataSource       : HikariPool-8 - Shutdown completed.
]]></system-out>
  </testcase>
  <testcase name="getWallet_shouldReturn404_whenNotFound" classname="com.personalfinance.walletservice.presentation.controller.WalletControllerIntegrationTest" time="0.009">
    <system-out><![CDATA[
  .   ____          _            __ _ _
 /\\ / ___'_ __ _ _(_)_ __  __ _ \ \ \ \
( ( )\___ | '_ | '_| | '_ \/ _` | \ \ \ \
 \\/  ___)| |_)| | | | | || (_| |  ) ) ) )
  '  |____| .__|_| |_|_| |_\__, | / / / /
 =========|_|==============|___/=/_/_/_/

 :: Spring Boot ::                (v4.0.3)

2026-03-28T13:38:11.911-05:00  INFO 29071 --- [wallet-service] [           main] .p.w.p.c.WalletControllerIntegrationTest : Starting WalletControllerIntegrationTest using Java 21 with PID 29071 (started by davukx in /home/davukx/Documents/Projects/PersonalFinance/wallet-service)
2026-03-28T13:38:11.911-05:00  INFO 29071 --- [wallet-service] [           main] .p.w.p.c.WalletControllerIntegrationTest : No active profile set, falling back to 1 default profile: "default"
2026-03-28T13:38:11.953-05:00  INFO 29071 --- [wallet-service] [           main] .s.d.r.c.RepositoryConfigurationDelegate : Bootstrapping Spring Data JPA repositories in DEFAULT mode.
2026-03-28T13:38:11.957-05:00  INFO 29071 --- [wallet-service] [           main] .s.d.r.c.RepositoryConfigurationDelegate : Finished Spring Data repository scanning in 2 ms. Found 1 JPA repository interface.
2026-03-28T13:38:11.980-05:00  INFO 29071 --- [wallet-service] [           main] org.hibernate.orm.jpa                    : HHH008540: Processing PersistenceUnitInfo [name: default]
2026-03-28T13:38:11.987-05:00  INFO 29071 --- [wallet-service] [           main] o.s.o.j.p.SpringPersistenceUnitInfo      : No LoadTimeWeaver setup: ignoring JPA class transformer
2026-03-28T13:38:11.988-05:00  INFO 29071 --- [wallet-service] [           main] com.zaxxer.hikari.HikariDataSource       : HikariPool-9 - Starting...
2026-03-28T13:38:11.988-05:00  INFO 29071 --- [wallet-service] [           main] com.zaxxer.hikari.pool.HikariPool        : HikariPool-9 - Added connection conn33: url=jdbc:h2:mem:testdb user=SA
2026-03-28T13:38:11.988-05:00  INFO 29071 --- [wallet-service] [           main] com.zaxxer.hikari.HikariDataSource       : HikariPool-9 - Start completed.
2026-03-28T13:38:11.989-05:00  INFO 29071 --- [wallet-service] [           main] org.hibernate.orm.connections.pooling    : HHH10001005: Database info:
	Database JDBC URL [jdbc:h2:mem:testdb]
	Database driver: H2 JDBC Driver
	Database dialect: H2Dialect
	Database version: 2.4.240
	Default catalog/schema: TESTDB/PUBLIC
	Autocommit mode: undefined/unknown
	Isolation level: READ_COMMITTED [default READ_COMMITTED]
	JDBC fetch size: 100
	Pool: DataSourceConnectionProvider
	Minimum pool size: undefined/unknown
	Maximum pool size: undefined/unknown
2026-03-28T13:38:12.001-05:00  INFO 29071 --- [wallet-service] [           main] org.hibernate.orm.core                   : HHH000489: No JTA platform available (set 'hibernate.transaction.jta.platform' to enable JTA platform integration)
2026-03-28T13:38:12.003-05:00  INFO 29071 --- [wallet-service] [           main] j.LocalContainerEntityManagerFactoryBean : Initialized JPA EntityManagerFactory for persistence unit 'default'
2026-03-28T13:38:12.017-05:00  WARN 29071 --- [wallet-service] [           main] JpaBaseConfiguration$JpaWebConfiguration : spring.jpa.open-in-view is enabled by default. Therefore, database queries may be performed during view rendering. Explicitly configure spring.jpa.open-in-view to disable this warning
2026-03-28T13:38:12.059-05:00  INFO 29071 --- [wallet-service] [           main] o.s.b.t.m.w.SpringBootMockServletContext : Initializing Spring TestDispatcherServlet ''
2026-03-28T13:38:12.059-05:00  INFO 29071 --- [wallet-service] [           main] o.s.t.web.servlet.TestDispatcherServlet  : Initializing Servlet ''
2026-03-28T13:38:12.060-05:00  INFO 29071 --- [wallet-service] [           main] o.s.b.a.e.web.EndpointLinksResolver      : Exposing 1 endpoint beneath base path '/actuator'
2026-03-28T13:38:12.061-05:00  INFO 29071 --- [wallet-service] [           main] o.s.t.web.servlet.TestDispatcherServlet  : Completed initialization in 2 ms
2026-03-28T13:38:12.071-05:00  INFO 29071 --- [wallet-service] [           main] .p.w.p.c.WalletControllerIntegrationTest : Started WalletControllerIntegrationTest in 0.168 seconds (process running for 5.176)
2026-03-28T13:38:12.080-05:00  INFO 29071 --- [wallet-service] [           main] j.LocalContainerEntityManagerFactoryBean : Closing JPA EntityManagerFactory for persistence unit 'default'
2026-03-28T13:38:12.080-05:00  INFO 29071 --- [wallet-service] [           main] com.zaxxer.hikari.HikariDataSource       : HikariPool-9 - Shutdown initiated...
2026-03-28T13:38:12.081-05:00  INFO 29071 --- [wallet-service] [           main] com.zaxxer.hikari.HikariDataSource       : HikariPool-9 - Shutdown completed.
]]></system-out>
  </testcase>
  <testcase name="createWallet_shouldReturn400_whenNameIsBlank" classname="com.personalfinance.walletservice.presentation.controller.WalletControllerIntegrationTest" time="0.013">
    <system-out><![CDATA[
  .   ____          _            __ _ _
 /\\ / ___'_ __ _ _(_)_ __  __ _ \ \ \ \
( ( )\___ | '_ | '_| | '_ \/ _` | \ \ \ \
 \\/  ___)| |_)| | | | | || (_| |  ) ) ) )
  '  |____| .__|_| |_|_| |_\__, | / / / /
 =========|_|==============|___/=/_/_/_/

 :: Spring Boot ::                (v4.0.3)

2026-03-28T13:38:12.089-05:00  INFO 29071 --- [wallet-service] [           main] .p.w.p.c.WalletControllerIntegrationTest : Starting WalletControllerIntegrationTest using Java 21 with PID 29071 (started by davukx in /home/davukx/Documents/Projects/PersonalFinance/wallet-service)
2026-03-28T13:38:12.089-05:00  INFO 29071 --- [wallet-service] [           main] .p.w.p.c.WalletControllerIntegrationTest : No active profile set, falling back to 1 default profile: "default"
2026-03-28T13:38:12.130-05:00  INFO 29071 --- [wallet-service] [           main] .s.d.r.c.RepositoryConfigurationDelegate : Bootstrapping Spring Data JPA repositories in DEFAULT mode.
2026-03-28T13:38:12.134-05:00  INFO 29071 --- [wallet-service] [           main] .s.d.r.c.RepositoryConfigurationDelegate : Finished Spring Data repository scanning in 3 ms. Found 1 JPA repository interface.
2026-03-28T13:38:12.156-05:00  INFO 29071 --- [wallet-service] [           main] org.hibernate.orm.jpa                    : HHH008540: Processing PersistenceUnitInfo [name: default]
2026-03-28T13:38:12.162-05:00  INFO 29071 --- [wallet-service] [           main] o.s.o.j.p.SpringPersistenceUnitInfo      : No LoadTimeWeaver setup: ignoring JPA class transformer
2026-03-28T13:38:12.162-05:00  INFO 29071 --- [wallet-service] [           main] com.zaxxer.hikari.HikariDataSource       : HikariPool-10 - Starting...
2026-03-28T13:38:12.163-05:00  INFO 29071 --- [wallet-service] [           main] com.zaxxer.hikari.pool.HikariPool        : HikariPool-10 - Added connection conn34: url=jdbc:h2:mem:testdb user=SA
2026-03-28T13:38:12.163-05:00  INFO 29071 --- [wallet-service] [           main] com.zaxxer.hikari.HikariDataSource       : HikariPool-10 - Start completed.
2026-03-28T13:38:12.163-05:00  INFO 29071 --- [wallet-service] [           main] org.hibernate.orm.connections.pooling    : HHH10001005: Database info:
	Database JDBC URL [jdbc:h2:mem:testdb]
	Database driver: H2 JDBC Driver
	Database dialect: H2Dialect
	Database version: 2.4.240
	Default catalog/schema: TESTDB/PUBLIC
	Autocommit mode: undefined/unknown
	Isolation level: READ_COMMITTED [default READ_COMMITTED]
	JDBC fetch size: 100
	Pool: DataSourceConnectionProvider
	Minimum pool size: undefined/unknown
	Maximum pool size: undefined/unknown
2026-03-28T13:38:12.173-05:00  INFO 29071 --- [wallet-service] [           main] org.hibernate.orm.core                   : HHH000489: No JTA platform available (set 'hibernate.transaction.jta.platform' to enable JTA platform integration)
2026-03-28T13:38:12.174-05:00  INFO 29071 --- [wallet-service] [           main] j.LocalContainerEntityManagerFactoryBean : Initialized JPA EntityManagerFactory for persistence unit 'default'
2026-03-28T13:38:12.187-05:00  WARN 29071 --- [wallet-service] [           main] JpaBaseConfiguration$JpaWebConfiguration : spring.jpa.open-in-view is enabled by default. Therefore, database queries may be performed during view rendering. Explicitly configure spring.jpa.open-in-view to disable this warning
2026-03-28T13:38:12.224-05:00  INFO 29071 --- [wallet-service] [           main] o.s.b.t.m.w.SpringBootMockServletContext : Initializing Spring TestDispatcherServlet ''
2026-03-28T13:38:12.225-05:00  INFO 29071 --- [wallet-service] [           main] o.s.t.web.servlet.TestDispatcherServlet  : Initializing Servlet ''
2026-03-28T13:38:12.225-05:00  INFO 29071 --- [wallet-service] [           main] o.s.b.a.e.web.EndpointLinksResolver      : Exposing 1 endpoint beneath base path '/actuator'
2026-03-28T13:38:12.227-05:00  INFO 29071 --- [wallet-service] [           main] o.s.t.web.servlet.TestDispatcherServlet  : Completed initialization in 2 ms
2026-03-28T13:38:12.230-05:00  INFO 29071 --- [wallet-service] [           main] .p.w.p.c.WalletControllerIntegrationTest : Started WalletControllerIntegrationTest in 0.148 seconds (process running for 5.335)
2026-03-28T13:38:12.243-05:00  INFO 29071 --- [wallet-service] [           main] j.LocalContainerEntityManagerFactoryBean : Closing JPA EntityManagerFactory for persistence unit 'default'
2026-03-28T13:38:12.244-05:00  INFO 29071 --- [wallet-service] [           main] com.zaxxer.hikari.HikariDataSource       : HikariPool-10 - Shutdown initiated...
2026-03-28T13:38:12.244-05:00  INFO 29071 --- [wallet-service] [           main] com.zaxxer.hikari.HikariDataSource       : HikariPool-10 - Shutdown completed.
]]></system-out>
  </testcase>
  <testcase name="updateWallet_shouldReturn409_whenWalletIsArchived" classname="com.personalfinance.walletservice.presentation.controller.WalletControllerIntegrationTest" time="0.018">
    <system-out><![CDATA[
  .   ____          _            __ _ _
 /\\ / ___'_ __ _ _(_)_ __  __ _ \ \ \ \
( ( )\___ | '_ | '_| | '_ \/ _` | \ \ \ \
 \\/  ___)| |_)| | | | | || (_| |  ) ) ) )
  '  |____| .__|_| |_|_| |_\__, | / / / /
 =========|_|==============|___/=/_/_/_/

 :: Spring Boot ::                (v4.0.3)

2026-03-28T13:38:12.251-05:00  INFO 29071 --- [wallet-service] [           main] .p.w.p.c.WalletControllerIntegrationTest : Starting WalletControllerIntegrationTest using Java 21 with PID 29071 (started by davukx in /home/davukx/Documents/Projects/PersonalFinance/wallet-service)
2026-03-28T13:38:12.251-05:00  INFO 29071 --- [wallet-service] [           main] .p.w.p.c.WalletControllerIntegrationTest : No active profile set, falling back to 1 default profile: "default"
2026-03-28T13:38:12.292-05:00  INFO 29071 --- [wallet-service] [           main] .s.d.r.c.RepositoryConfigurationDelegate : Bootstrapping Spring Data JPA repositories in DEFAULT mode.
2026-03-28T13:38:12.296-05:00  INFO 29071 --- [wallet-service] [           main] .s.d.r.c.RepositoryConfigurationDelegate : Finished Spring Data repository scanning in 2 ms. Found 1 JPA repository interface.
2026-03-28T13:38:12.317-05:00  INFO 29071 --- [wallet-service] [           main] org.hibernate.orm.jpa                    : HHH008540: Processing PersistenceUnitInfo [name: default]
2026-03-28T13:38:12.325-05:00  INFO 29071 --- [wallet-service] [           main] o.s.o.j.p.SpringPersistenceUnitInfo      : No LoadTimeWeaver setup: ignoring JPA class transformer
2026-03-28T13:38:12.325-05:00  INFO 29071 --- [wallet-service] [           main] com.zaxxer.hikari.HikariDataSource       : HikariPool-11 - Starting...
2026-03-28T13:38:12.326-05:00  INFO 29071 --- [wallet-service] [           main] com.zaxxer.hikari.pool.HikariPool        : HikariPool-11 - Added connection conn35: url=jdbc:h2:mem:testdb user=SA
2026-03-28T13:38:12.326-05:00  INFO 29071 --- [wallet-service] [           main] com.zaxxer.hikari.HikariDataSource       : HikariPool-11 - Start completed.
2026-03-28T13:38:12.326-05:00  INFO 29071 --- [wallet-service] [           main] org.hibernate.orm.connections.pooling    : HHH10001005: Database info:
	Database JDBC URL [jdbc:h2:mem:testdb]
	Database driver: H2 JDBC Driver
	Database dialect: H2Dialect
	Database version: 2.4.240
	Default catalog/schema: TESTDB/PUBLIC
	Autocommit mode: undefined/unknown
	Isolation level: READ_COMMITTED [default READ_COMMITTED]
	JDBC fetch size: 100
	Pool: DataSourceConnectionProvider
	Minimum pool size: undefined/unknown
	Maximum pool size: undefined/unknown
2026-03-28T13:38:12.337-05:00  INFO 29071 --- [wallet-service] [           main] org.hibernate.orm.core                   : HHH000489: No JTA platform available (set 'hibernate.transaction.jta.platform' to enable JTA platform integration)
2026-03-28T13:38:12.339-05:00  INFO 29071 --- [wallet-service] [           main] j.LocalContainerEntityManagerFactoryBean : Initialized JPA EntityManagerFactory for persistence unit 'default'
2026-03-28T13:38:12.353-05:00  WARN 29071 --- [wallet-service] [           main] JpaBaseConfiguration$JpaWebConfiguration : spring.jpa.open-in-view is enabled by default. Therefore, database queries may be performed during view rendering. Explicitly configure spring.jpa.open-in-view to disable this warning
2026-03-28T13:38:12.394-05:00  INFO 29071 --- [wallet-service] [           main] o.s.b.t.m.w.SpringBootMockServletContext : Initializing Spring TestDispatcherServlet ''
2026-03-28T13:38:12.394-05:00  INFO 29071 --- [wallet-service] [           main] o.s.t.web.servlet.TestDispatcherServlet  : Initializing Servlet ''
2026-03-28T13:38:12.395-05:00  INFO 29071 --- [wallet-service] [           main] o.s.b.a.e.web.EndpointLinksResolver      : Exposing 1 endpoint beneath base path '/actuator'
2026-03-28T13:38:12.396-05:00  INFO 29071 --- [wallet-service] [           main] o.s.t.web.servlet.TestDispatcherServlet  : Completed initialization in 2 ms
2026-03-28T13:38:12.400-05:00  INFO 29071 --- [wallet-service] [           main] .p.w.p.c.WalletControllerIntegrationTest : Started WalletControllerIntegrationTest in 0.155 seconds (process running for 5.505)
2026-03-28T13:38:12.418-05:00  INFO 29071 --- [wallet-service] [           main] j.LocalContainerEntityManagerFactoryBean : Closing JPA EntityManagerFactory for persistence unit 'default'
2026-03-28T13:38:12.418-05:00  INFO 29071 --- [wallet-service] [           main] com.zaxxer.hikari.HikariDataSource       : HikariPool-11 - Shutdown initiated...
2026-03-28T13:38:12.419-05:00  INFO 29071 --- [wallet-service] [           main] com.zaxxer.hikari.HikariDataSource       : HikariPool-11 - Shutdown completed.
]]></system-out>
  </testcase>
  <testcase name="removeSpendingLimit_shouldReturn200_withNullLimit" classname="com.personalfinance.walletservice.presentation.controller.WalletControllerIntegrationTest" time="0.021">
    <system-out><![CDATA[
  .   ____          _            __ _ _
 /\\ / ___'_ __ _ _(_)_ __  __ _ \ \ \ \
( ( )\___ | '_ | '_| | '_ \/ _` | \ \ \ \
 \\/  ___)| |_)| | | | | || (_| |  ) ) ) )
  '  |____| .__|_| |_|_| |_\__, | / / / /
 =========|_|==============|___/=/_/_/_/

 :: Spring Boot ::                (v4.0.3)

2026-03-28T13:38:12.425-05:00  INFO 29071 --- [wallet-service] [           main] .p.w.p.c.WalletControllerIntegrationTest : Starting WalletControllerIntegrationTest using Java 21 with PID 29071 (started by davukx in /home/davukx/Documents/Projects/PersonalFinance/wallet-service)
2026-03-28T13:38:12.425-05:00  INFO 29071 --- [wallet-service] [           main] .p.w.p.c.WalletControllerIntegrationTest : No active profile set, falling back to 1 default profile: "default"
2026-03-28T13:38:12.461-05:00  INFO 29071 --- [wallet-service] [           main] .s.d.r.c.RepositoryConfigurationDelegate : Bootstrapping Spring Data JPA repositories in DEFAULT mode.
2026-03-28T13:38:12.464-05:00  INFO 29071 --- [wallet-service] [           main] .s.d.r.c.RepositoryConfigurationDelegate : Finished Spring Data repository scanning in 2 ms. Found 1 JPA repository interface.
2026-03-28T13:38:12.491-05:00  INFO 29071 --- [wallet-service] [           main] org.hibernate.orm.jpa                    : HHH008540: Processing PersistenceUnitInfo [name: default]
2026-03-28T13:38:12.498-05:00  INFO 29071 --- [wallet-service] [           main] o.s.o.j.p.SpringPersistenceUnitInfo      : No LoadTimeWeaver setup: ignoring JPA class transformer
2026-03-28T13:38:12.498-05:00  INFO 29071 --- [wallet-service] [           main] com.zaxxer.hikari.HikariDataSource       : HikariPool-12 - Starting...
2026-03-28T13:38:12.499-05:00  INFO 29071 --- [wallet-service] [           main] com.zaxxer.hikari.pool.HikariPool        : HikariPool-12 - Added connection conn36: url=jdbc:h2:mem:testdb user=SA
2026-03-28T13:38:12.499-05:00  INFO 29071 --- [wallet-service] [           main] com.zaxxer.hikari.HikariDataSource       : HikariPool-12 - Start completed.
2026-03-28T13:38:12.499-05:00  INFO 29071 --- [wallet-service] [           main] org.hibernate.orm.connections.pooling    : HHH10001005: Database info:
	Database JDBC URL [jdbc:h2:mem:testdb]
	Database driver: H2 JDBC Driver
	Database dialect: H2Dialect
	Database version: 2.4.240
	Default catalog/schema: TESTDB/PUBLIC
	Autocommit mode: undefined/unknown
	Isolation level: READ_COMMITTED [default READ_COMMITTED]
	JDBC fetch size: 100
	Pool: DataSourceConnectionProvider
	Minimum pool size: undefined/unknown
	Maximum pool size: undefined/unknown
2026-03-28T13:38:12.510-05:00  INFO 29071 --- [wallet-service] [           main] org.hibernate.orm.core                   : HHH000489: No JTA platform available (set 'hibernate.transaction.jta.platform' to enable JTA platform integration)
2026-03-28T13:38:12.511-05:00  INFO 29071 --- [wallet-service] [           main] j.LocalContainerEntityManagerFactoryBean : Initialized JPA EntityManagerFactory for persistence unit 'default'
2026-03-28T13:38:12.524-05:00  WARN 29071 --- [wallet-service] [           main] JpaBaseConfiguration$JpaWebConfiguration : spring.jpa.open-in-view is enabled by default. Therefore, database queries may be performed during view rendering. Explicitly configure spring.jpa.open-in-view to disable this warning
2026-03-28T13:38:12.562-05:00  INFO 29071 --- [wallet-service] [           main] o.s.b.t.m.w.SpringBootMockServletContext : Initializing Spring TestDispatcherServlet ''
2026-03-28T13:38:12.562-05:00  INFO 29071 --- [wallet-service] [           main] o.s.t.web.servlet.TestDispatcherServlet  : Initializing Servlet ''
2026-03-28T13:38:12.562-05:00  INFO 29071 --- [wallet-service] [           main] o.s.b.a.e.web.EndpointLinksResolver      : Exposing 1 endpoint beneath base path '/actuator'
2026-03-28T13:38:12.564-05:00  INFO 29071 --- [wallet-service] [           main] o.s.t.web.servlet.TestDispatcherServlet  : Completed initialization in 2 ms
2026-03-28T13:38:12.567-05:00  INFO 29071 --- [wallet-service] [           main] .p.w.p.c.WalletControllerIntegrationTest : Started WalletControllerIntegrationTest in 0.147 seconds (process running for 5.672)
2026-03-28T13:38:12.587-05:00  INFO 29071 --- [wallet-service] [           main] j.LocalContainerEntityManagerFactoryBean : Closing JPA EntityManagerFactory for persistence unit 'default'
2026-03-28T13:38:12.588-05:00  INFO 29071 --- [wallet-service] [           main] com.zaxxer.hikari.HikariDataSource       : HikariPool-12 - Shutdown initiated...
2026-03-28T13:38:12.588-05:00  INFO 29071 --- [wallet-service] [           main] com.zaxxer.hikari.HikariDataSource       : HikariPool-12 - Shutdown completed.
]]></system-out>
  </testcase>
  <testcase name="getTotals_shouldReturnTotalsByActiveCurrencies" classname="com.personalfinance.walletservice.presentation.controller.WalletControllerIntegrationTest" time="0.028">
    <system-out><![CDATA[
  .   ____          _            __ _ _
 /\\ / ___'_ __ _ _(_)_ __  __ _ \ \ \ \
( ( )\___ | '_ | '_| | '_ \/ _` | \ \ \ \
 \\/  ___)| |_)| | | | | || (_| |  ) ) ) )
  '  |____| .__|_| |_|_| |_\__, | / / / /
 =========|_|==============|___/=/_/_/_/

 :: Spring Boot ::                (v4.0.3)

2026-03-28T13:38:12.595-05:00  INFO 29071 --- [wallet-service] [           main] .p.w.p.c.WalletControllerIntegrationTest : Starting WalletControllerIntegrationTest using Java 21 with PID 29071 (started by davukx in /home/davukx/Documents/Projects/PersonalFinance/wallet-service)
2026-03-28T13:38:12.595-05:00  INFO 29071 --- [wallet-service] [           main] .p.w.p.c.WalletControllerIntegrationTest : No active profile set, falling back to 1 default profile: "default"
2026-03-28T13:38:12.633-05:00  INFO 29071 --- [wallet-service] [           main] .s.d.r.c.RepositoryConfigurationDelegate : Bootstrapping Spring Data JPA repositories in DEFAULT mode.
2026-03-28T13:38:12.636-05:00  INFO 29071 --- [wallet-service] [           main] .s.d.r.c.RepositoryConfigurationDelegate : Finished Spring Data repository scanning in 2 ms. Found 1 JPA repository interface.
2026-03-28T13:38:12.658-05:00  INFO 29071 --- [wallet-service] [           main] org.hibernate.orm.jpa                    : HHH008540: Processing PersistenceUnitInfo [name: default]
2026-03-28T13:38:12.665-05:00  INFO 29071 --- [wallet-service] [           main] o.s.o.j.p.SpringPersistenceUnitInfo      : No LoadTimeWeaver setup: ignoring JPA class transformer
2026-03-28T13:38:12.665-05:00  INFO 29071 --- [wallet-service] [           main] com.zaxxer.hikari.HikariDataSource       : HikariPool-13 - Starting...
2026-03-28T13:38:12.666-05:00  INFO 29071 --- [wallet-service] [           main] com.zaxxer.hikari.pool.HikariPool        : HikariPool-13 - Added connection conn37: url=jdbc:h2:mem:testdb user=SA
2026-03-28T13:38:12.666-05:00  INFO 29071 --- [wallet-service] [           main] com.zaxxer.hikari.HikariDataSource       : HikariPool-13 - Start completed.
2026-03-28T13:38:12.666-05:00  INFO 29071 --- [wallet-service] [           main] org.hibernate.orm.connections.pooling    : HHH10001005: Database info:
	Database JDBC URL [jdbc:h2:mem:testdb]
	Database driver: H2 JDBC Driver
	Database dialect: H2Dialect
	Database version: 2.4.240
	Default catalog/schema: TESTDB/PUBLIC
	Autocommit mode: undefined/unknown
	Isolation level: READ_COMMITTED [default READ_COMMITTED]
	JDBC fetch size: 100
	Pool: DataSourceConnectionProvider
	Minimum pool size: undefined/unknown
	Maximum pool size: undefined/unknown
2026-03-28T13:38:12.677-05:00  INFO 29071 --- [wallet-service] [           main] org.hibernate.orm.core                   : HHH000489: No JTA platform available (set 'hibernate.transaction.jta.platform' to enable JTA platform integration)
2026-03-28T13:38:12.679-05:00  INFO 29071 --- [wallet-service] [           main] j.LocalContainerEntityManagerFactoryBean : Initialized JPA EntityManagerFactory for persistence unit 'default'
2026-03-28T13:38:12.691-05:00  WARN 29071 --- [wallet-service] [           main] JpaBaseConfiguration$JpaWebConfiguration : spring.jpa.open-in-view is enabled by default. Therefore, database queries may be performed during view rendering. Explicitly configure spring.jpa.open-in-view to disable this warning
2026-03-28T13:38:12.727-05:00  INFO 29071 --- [wallet-service] [           main] o.s.b.t.m.w.SpringBootMockServletContext : Initializing Spring TestDispatcherServlet ''
2026-03-28T13:38:12.728-05:00  INFO 29071 --- [wallet-service] [           main] o.s.t.web.servlet.TestDispatcherServlet  : Initializing Servlet ''
2026-03-28T13:38:12.728-05:00  INFO 29071 --- [wallet-service] [           main] o.s.b.a.e.web.EndpointLinksResolver      : Exposing 1 endpoint beneath base path '/actuator'
2026-03-28T13:38:12.730-05:00  INFO 29071 --- [wallet-service] [           main] o.s.t.web.servlet.TestDispatcherServlet  : Completed initialization in 2 ms
2026-03-28T13:38:12.735-05:00  INFO 29071 --- [wallet-service] [           main] .p.w.p.c.WalletControllerIntegrationTest : Started WalletControllerIntegrationTest in 0.145 seconds (process running for 5.839)
2026-03-28T13:38:12.763-05:00  INFO 29071 --- [wallet-service] [           main] j.LocalContainerEntityManagerFactoryBean : Closing JPA EntityManagerFactory for persistence unit 'default'
2026-03-28T13:38:12.763-05:00  INFO 29071 --- [wallet-service] [           main] com.zaxxer.hikari.HikariDataSource       : HikariPool-13 - Shutdown initiated...
2026-03-28T13:38:12.764-05:00  INFO 29071 --- [wallet-service] [           main] com.zaxxer.hikari.HikariDataSource       : HikariPool-13 - Shutdown completed.
]]></system-out>
  </testcase>
  <testcase name="archive_shouldReturn200_withArchivedTrue" classname="com.personalfinance.walletservice.presentation.controller.WalletControllerIntegrationTest" time="0.015">
    <system-out><![CDATA[
  .   ____          _            __ _ _
 /\\ / ___'_ __ _ _(_)_ __  __ _ \ \ \ \
( ( )\___ | '_ | '_| | '_ \/ _` | \ \ \ \
 \\/  ___)| |_)| | | | | || (_| |  ) ) ) )
  '  |____| .__|_| |_|_| |_\__, | / / / /
 =========|_|==============|___/=/_/_/_/

 :: Spring Boot ::                (v4.0.3)

2026-03-28T13:38:12.770-05:00  INFO 29071 --- [wallet-service] [           main] .p.w.p.c.WalletControllerIntegrationTest : Starting WalletControllerIntegrationTest using Java 21 with PID 29071 (started by davukx in /home/davukx/Documents/Projects/PersonalFinance/wallet-service)
2026-03-28T13:38:12.770-05:00  INFO 29071 --- [wallet-service] [           main] .p.w.p.c.WalletControllerIntegrationTest : No active profile set, falling back to 1 default profile: "default"
2026-03-28T13:38:12.810-05:00  INFO 29071 --- [wallet-service] [           main] .s.d.r.c.RepositoryConfigurationDelegate : Bootstrapping Spring Data JPA repositories in DEFAULT mode.
2026-03-28T13:38:12.814-05:00  INFO 29071 --- [wallet-service] [           main] .s.d.r.c.RepositoryConfigurationDelegate : Finished Spring Data repository scanning in 2 ms. Found 1 JPA repository interface.
2026-03-28T13:38:12.834-05:00  INFO 29071 --- [wallet-service] [           main] org.hibernate.orm.jpa                    : HHH008540: Processing PersistenceUnitInfo [name: default]
2026-03-28T13:38:12.841-05:00  INFO 29071 --- [wallet-service] [           main] o.s.o.j.p.SpringPersistenceUnitInfo      : No LoadTimeWeaver setup: ignoring JPA class transformer
2026-03-28T13:38:12.841-05:00  INFO 29071 --- [wallet-service] [           main] com.zaxxer.hikari.HikariDataSource       : HikariPool-14 - Starting...
2026-03-28T13:38:12.841-05:00  INFO 29071 --- [wallet-service] [           main] com.zaxxer.hikari.pool.HikariPool        : HikariPool-14 - Added connection conn38: url=jdbc:h2:mem:testdb user=SA
2026-03-28T13:38:12.842-05:00  INFO 29071 --- [wallet-service] [           main] com.zaxxer.hikari.HikariDataSource       : HikariPool-14 - Start completed.
2026-03-28T13:38:12.842-05:00  INFO 29071 --- [wallet-service] [           main] org.hibernate.orm.connections.pooling    : HHH10001005: Database info:
	Database JDBC URL [jdbc:h2:mem:testdb]
	Database driver: H2 JDBC Driver
	Database dialect: H2Dialect
	Database version: 2.4.240
	Default catalog/schema: TESTDB/PUBLIC
	Autocommit mode: undefined/unknown
	Isolation level: READ_COMMITTED [default READ_COMMITTED]
	JDBC fetch size: 100
	Pool: DataSourceConnectionProvider
	Minimum pool size: undefined/unknown
	Maximum pool size: undefined/unknown
2026-03-28T13:38:12.852-05:00  INFO 29071 --- [wallet-service] [           main] org.hibernate.orm.core                   : HHH000489: No JTA platform available (set 'hibernate.transaction.jta.platform' to enable JTA platform integration)
2026-03-28T13:38:12.853-05:00  INFO 29071 --- [wallet-service] [           main] j.LocalContainerEntityManagerFactoryBean : Initialized JPA EntityManagerFactory for persistence unit 'default'
2026-03-28T13:38:12.866-05:00  WARN 29071 --- [wallet-service] [           main] JpaBaseConfiguration$JpaWebConfiguration : spring.jpa.open-in-view is enabled by default. Therefore, database queries may be performed during view rendering. Explicitly configure spring.jpa.open-in-view to disable this warning
2026-03-28T13:38:12.905-05:00  INFO 29071 --- [wallet-service] [           main] o.s.b.t.m.w.SpringBootMockServletContext : Initializing Spring TestDispatcherServlet ''
2026-03-28T13:38:12.905-05:00  INFO 29071 --- [wallet-service] [           main] o.s.t.web.servlet.TestDispatcherServlet  : Initializing Servlet ''
2026-03-28T13:38:12.906-05:00  INFO 29071 --- [wallet-service] [           main] o.s.b.a.e.web.EndpointLinksResolver      : Exposing 1 endpoint beneath base path '/actuator'
2026-03-28T13:38:12.907-05:00  INFO 29071 --- [wallet-service] [           main] o.s.t.web.servlet.TestDispatcherServlet  : Completed initialization in 2 ms
2026-03-28T13:38:12.911-05:00  INFO 29071 --- [wallet-service] [           main] .p.w.p.c.WalletControllerIntegrationTest : Started WalletControllerIntegrationTest in 0.146 seconds (process running for 6.016)
2026-03-28T13:38:12.926-05:00  INFO 29071 --- [wallet-service] [           main] j.LocalContainerEntityManagerFactoryBean : Closing JPA EntityManagerFactory for persistence unit 'default'
2026-03-28T13:38:12.926-05:00  INFO 29071 --- [wallet-service] [           main] com.zaxxer.hikari.HikariDataSource       : HikariPool-14 - Shutdown initiated...
2026-03-28T13:38:12.927-05:00  INFO 29071 --- [wallet-service] [           main] com.zaxxer.hikari.HikariDataSource       : HikariPool-14 - Shutdown completed.
]]></system-out>
  </testcase>
  <testcase name="health_shouldReturn200" classname="com.personalfinance.walletservice.presentation.controller.WalletControllerIntegrationTest" time="0.006">
    <system-out><![CDATA[
  .   ____          _            __ _ _
 /\\ / ___'_ __ _ _(_)_ __  __ _ \ \ \ \
( ( )\___ | '_ | '_| | '_ \/ _` | \ \ \ \
 \\/  ___)| |_)| | | | | || (_| |  ) ) ) )
  '  |____| .__|_| |_|_| |_\__, | / / / /
 =========|_|==============|___/=/_/_/_/

 :: Spring Boot ::                (v4.0.3)

2026-03-28T13:38:12.932-05:00  INFO 29071 --- [wallet-service] [           main] .p.w.p.c.WalletControllerIntegrationTest : Starting WalletControllerIntegrationTest using Java 21 with PID 29071 (started by davukx in /home/davukx/Documents/Projects/PersonalFinance/wallet-service)
2026-03-28T13:38:12.933-05:00  INFO 29071 --- [wallet-service] [           main] .p.w.p.c.WalletControllerIntegrationTest : No active profile set, falling back to 1 default profile: "default"
2026-03-28T13:38:12.972-05:00  INFO 29071 --- [wallet-service] [           main] .s.d.r.c.RepositoryConfigurationDelegate : Bootstrapping Spring Data JPA repositories in DEFAULT mode.
2026-03-28T13:38:12.975-05:00  INFO 29071 --- [wallet-service] [           main] .s.d.r.c.RepositoryConfigurationDelegate : Finished Spring Data repository scanning in 2 ms. Found 1 JPA repository interface.
2026-03-28T13:38:12.997-05:00  INFO 29071 --- [wallet-service] [           main] org.hibernate.orm.jpa                    : HHH008540: Processing PersistenceUnitInfo [name: default]
2026-03-28T13:38:13.004-05:00  INFO 29071 --- [wallet-service] [           main] o.s.o.j.p.SpringPersistenceUnitInfo      : No LoadTimeWeaver setup: ignoring JPA class transformer
2026-03-28T13:38:13.005-05:00  INFO 29071 --- [wallet-service] [           main] com.zaxxer.hikari.HikariDataSource       : HikariPool-15 - Starting...
2026-03-28T13:38:13.005-05:00  INFO 29071 --- [wallet-service] [           main] com.zaxxer.hikari.pool.HikariPool        : HikariPool-15 - Added connection conn39: url=jdbc:h2:mem:testdb user=SA
2026-03-28T13:38:13.006-05:00  INFO 29071 --- [wallet-service] [           main] com.zaxxer.hikari.HikariDataSource       : HikariPool-15 - Start completed.
2026-03-28T13:38:13.006-05:00  INFO 29071 --- [wallet-service] [           main] org.hibernate.orm.connections.pooling    : HHH10001005: Database info:
	Database JDBC URL [jdbc:h2:mem:testdb]
	Database driver: H2 JDBC Driver
	Database dialect: H2Dialect
	Database version: 2.4.240
	Default catalog/schema: TESTDB/PUBLIC
	Autocommit mode: undefined/unknown
	Isolation level: READ_COMMITTED [default READ_COMMITTED]
	JDBC fetch size: 100
	Pool: DataSourceConnectionProvider
	Minimum pool size: undefined/unknown
	Maximum pool size: undefined/unknown
2026-03-28T13:38:13.016-05:00  INFO 29071 --- [wallet-service] [           main] org.hibernate.orm.core                   : HHH000489: No JTA platform available (set 'hibernate.transaction.jta.platform' to enable JTA platform integration)
2026-03-28T13:38:13.017-05:00  INFO 29071 --- [wallet-service] [           main] j.LocalContainerEntityManagerFactoryBean : Initialized JPA EntityManagerFactory for persistence unit 'default'
2026-03-28T13:38:13.029-05:00  WARN 29071 --- [wallet-service] [           main] JpaBaseConfiguration$JpaWebConfiguration : spring.jpa.open-in-view is enabled by default. Therefore, database queries may be performed during view rendering. Explicitly configure spring.jpa.open-in-view to disable this warning
2026-03-28T13:38:13.063-05:00  INFO 29071 --- [wallet-service] [           main] o.s.b.t.m.w.SpringBootMockServletContext : Initializing Spring TestDispatcherServlet ''
2026-03-28T13:38:13.063-05:00  INFO 29071 --- [wallet-service] [           main] o.s.t.web.servlet.TestDispatcherServlet  : Initializing Servlet ''
2026-03-28T13:38:13.064-05:00  INFO 29071 --- [wallet-service] [           main] o.s.b.a.e.web.EndpointLinksResolver      : Exposing 1 endpoint beneath base path '/actuator'
2026-03-28T13:38:13.066-05:00  INFO 29071 --- [wallet-service] [           main] o.s.t.web.servlet.TestDispatcherServlet  : Completed initialization in 3 ms
2026-03-28T13:38:13.069-05:00  INFO 29071 --- [wallet-service] [           main] .p.w.p.c.WalletControllerIntegrationTest : Started WalletControllerIntegrationTest in 0.141 seconds (process running for 6.174)
2026-03-28T13:38:13.074-05:00  INFO 29071 --- [wallet-service] [           main] j.LocalContainerEntityManagerFactoryBean : Closing JPA EntityManagerFactory for persistence unit 'default'
2026-03-28T13:38:13.075-05:00  INFO 29071 --- [wallet-service] [           main] com.zaxxer.hikari.HikariDataSource       : HikariPool-15 - Shutdown initiated...
2026-03-28T13:38:13.075-05:00  INFO 29071 --- [wallet-service] [           main] com.zaxxer.hikari.HikariDataSource       : HikariPool-15 - Shutdown completed.
]]></system-out>
  </testcase>
  <testcase name="createWallet_shouldReturn201" classname="com.personalfinance.walletservice.presentation.controller.WalletControllerIntegrationTest" time="0.014">
    <system-out><![CDATA[
  .   ____          _            __ _ _
 /\\ / ___'_ __ _ _(_)_ __  __ _ \ \ \ \
( ( )\___ | '_ | '_| | '_ \/ _` | \ \ \ \
 \\/  ___)| |_)| | | | | || (_| |  ) ) ) )
  '  |____| .__|_| |_|_| |_\__, | / / / /
 =========|_|==============|___/=/_/_/_/

 :: Spring Boot ::                (v4.0.3)

2026-03-28T13:38:13.081-05:00  INFO 29071 --- [wallet-service] [           main] .p.w.p.c.WalletControllerIntegrationTest : Starting WalletControllerIntegrationTest using Java 21 with PID 29071 (started by davukx in /home/davukx/Documents/Projects/PersonalFinance/wallet-service)
2026-03-28T13:38:13.081-05:00  INFO 29071 --- [wallet-service] [           main] .p.w.p.c.WalletControllerIntegrationTest : No active profile set, falling back to 1 default profile: "default"
2026-03-28T13:38:13.115-05:00  INFO 29071 --- [wallet-service] [           main] .s.d.r.c.RepositoryConfigurationDelegate : Bootstrapping Spring Data JPA repositories in DEFAULT mode.
2026-03-28T13:38:13.118-05:00  INFO 29071 --- [wallet-service] [           main] .s.d.r.c.RepositoryConfigurationDelegate : Finished Spring Data repository scanning in 2 ms. Found 1 JPA repository interface.
2026-03-28T13:38:13.138-05:00  INFO 29071 --- [wallet-service] [           main] org.hibernate.orm.jpa                    : HHH008540: Processing PersistenceUnitInfo [name: default]
2026-03-28T13:38:13.144-05:00  INFO 29071 --- [wallet-service] [           main] o.s.o.j.p.SpringPersistenceUnitInfo      : No LoadTimeWeaver setup: ignoring JPA class transformer
2026-03-28T13:38:13.145-05:00  INFO 29071 --- [wallet-service] [           main] com.zaxxer.hikari.HikariDataSource       : HikariPool-16 - Starting...
2026-03-28T13:38:13.145-05:00  INFO 29071 --- [wallet-service] [           main] com.zaxxer.hikari.pool.HikariPool        : HikariPool-16 - Added connection conn40: url=jdbc:h2:mem:testdb user=SA
2026-03-28T13:38:13.145-05:00  INFO 29071 --- [wallet-service] [           main] com.zaxxer.hikari.HikariDataSource       : HikariPool-16 - Start completed.
2026-03-28T13:38:13.146-05:00  INFO 29071 --- [wallet-service] [           main] org.hibernate.orm.connections.pooling    : HHH10001005: Database info:
	Database JDBC URL [jdbc:h2:mem:testdb]
	Database driver: H2 JDBC Driver
	Database dialect: H2Dialect
	Database version: 2.4.240
	Default catalog/schema: TESTDB/PUBLIC
	Autocommit mode: undefined/unknown
	Isolation level: READ_COMMITTED [default READ_COMMITTED]
	JDBC fetch size: 100
	Pool: DataSourceConnectionProvider
	Minimum pool size: undefined/unknown
	Maximum pool size: undefined/unknown
2026-03-28T13:38:13.158-05:00  INFO 29071 --- [wallet-service] [           main] org.hibernate.orm.core                   : HHH000489: No JTA platform available (set 'hibernate.transaction.jta.platform' to enable JTA platform integration)
2026-03-28T13:38:13.160-05:00  INFO 29071 --- [wallet-service] [           main] j.LocalContainerEntityManagerFactoryBean : Initialized JPA EntityManagerFactory for persistence unit 'default'
2026-03-28T13:38:13.177-05:00  WARN 29071 --- [wallet-service] [           main] JpaBaseConfiguration$JpaWebConfiguration : spring.jpa.open-in-view is enabled by default. Therefore, database queries may be performed during view rendering. Explicitly configure spring.jpa.open-in-view to disable this warning
2026-03-28T13:38:13.213-05:00  INFO 29071 --- [wallet-service] [           main] o.s.b.t.m.w.SpringBootMockServletContext : Initializing Spring TestDispatcherServlet ''
2026-03-28T13:38:13.213-05:00  INFO 29071 --- [wallet-service] [           main] o.s.t.web.servlet.TestDispatcherServlet  : Initializing Servlet ''
2026-03-28T13:38:13.214-05:00  INFO 29071 --- [wallet-service] [           main] o.s.b.a.e.web.EndpointLinksResolver      : Exposing 1 endpoint beneath base path '/actuator'
2026-03-28T13:38:13.216-05:00  INFO 29071 --- [wallet-service] [           main] o.s.t.web.servlet.TestDispatcherServlet  : Completed initialization in 3 ms
2026-03-28T13:38:13.219-05:00  INFO 29071 --- [wallet-service] [           main] .p.w.p.c.WalletControllerIntegrationTest : Started WalletControllerIntegrationTest in 0.143 seconds (process running for 6.324)
2026-03-28T13:38:13.232-05:00  INFO 29071 --- [wallet-service] [           main] j.LocalContainerEntityManagerFactoryBean : Closing JPA EntityManagerFactory for persistence unit 'default'
2026-03-28T13:38:13.233-05:00  INFO 29071 --- [wallet-service] [           main] com.zaxxer.hikari.HikariDataSource       : HikariPool-16 - Shutdown initiated...
2026-03-28T13:38:13.233-05:00  INFO 29071 --- [wallet-service] [           main] com.zaxxer.hikari.HikariDataSource       : HikariPool-16 - Shutdown completed.
]]></system-out>
  </testcase>
  <testcase name="restore_shouldReturn409_whenNotArchived" classname="com.personalfinance.walletservice.presentation.controller.WalletControllerIntegrationTest" time="0.013">
    <system-out><![CDATA[
  .   ____          _            __ _ _
 /\\ / ___'_ __ _ _(_)_ __  __ _ \ \ \ \
( ( )\___ | '_ | '_| | '_ \/ _` | \ \ \ \
 \\/  ___)| |_)| | | | | || (_| |  ) ) ) )
  '  |____| .__|_| |_|_| |_\__, | / / / /
 =========|_|==============|___/=/_/_/_/

 :: Spring Boot ::                (v4.0.3)

2026-03-28T13:38:13.239-05:00  INFO 29071 --- [wallet-service] [           main] .p.w.p.c.WalletControllerIntegrationTest : Starting WalletControllerIntegrationTest using Java 21 with PID 29071 (started by davukx in /home/davukx/Documents/Projects/PersonalFinance/wallet-service)
2026-03-28T13:38:13.239-05:00  INFO 29071 --- [wallet-service] [           main] .p.w.p.c.WalletControllerIntegrationTest : No active profile set, falling back to 1 default profile: "default"
2026-03-28T13:38:13.272-05:00  INFO 29071 --- [wallet-service] [           main] .s.d.r.c.RepositoryConfigurationDelegate : Bootstrapping Spring Data JPA repositories in DEFAULT mode.
2026-03-28T13:38:13.275-05:00  INFO 29071 --- [wallet-service] [           main] .s.d.r.c.RepositoryConfigurationDelegate : Finished Spring Data repository scanning in 2 ms. Found 1 JPA repository interface.
2026-03-28T13:38:13.294-05:00  INFO 29071 --- [wallet-service] [           main] org.hibernate.orm.jpa                    : HHH008540: Processing PersistenceUnitInfo [name: default]
2026-03-28T13:38:13.300-05:00  INFO 29071 --- [wallet-service] [           main] o.s.o.j.p.SpringPersistenceUnitInfo      : No LoadTimeWeaver setup: ignoring JPA class transformer
2026-03-28T13:38:13.300-05:00  INFO 29071 --- [wallet-service] [           main] com.zaxxer.hikari.HikariDataSource       : HikariPool-17 - Starting...
2026-03-28T13:38:13.301-05:00  INFO 29071 --- [wallet-service] [           main] com.zaxxer.hikari.pool.HikariPool        : HikariPool-17 - Added connection conn41: url=jdbc:h2:mem:testdb user=SA
2026-03-28T13:38:13.301-05:00  INFO 29071 --- [wallet-service] [           main] com.zaxxer.hikari.HikariDataSource       : HikariPool-17 - Start completed.
2026-03-28T13:38:13.301-05:00  INFO 29071 --- [wallet-service] [           main] org.hibernate.orm.connections.pooling    : HHH10001005: Database info:
	Database JDBC URL [jdbc:h2:mem:testdb]
	Database driver: H2 JDBC Driver
	Database dialect: H2Dialect
	Database version: 2.4.240
	Default catalog/schema: TESTDB/PUBLIC
	Autocommit mode: undefined/unknown
	Isolation level: READ_COMMITTED [default READ_COMMITTED]
	JDBC fetch size: 100
	Pool: DataSourceConnectionProvider
	Minimum pool size: undefined/unknown
	Maximum pool size: undefined/unknown
2026-03-28T13:38:13.311-05:00  INFO 29071 --- [wallet-service] [           main] org.hibernate.orm.core                   : HHH000489: No JTA platform available (set 'hibernate.transaction.jta.platform' to enable JTA platform integration)
2026-03-28T13:38:13.312-05:00  INFO 29071 --- [wallet-service] [           main] j.LocalContainerEntityManagerFactoryBean : Initialized JPA EntityManagerFactory for persistence unit 'default'
2026-03-28T13:38:13.324-05:00  WARN 29071 --- [wallet-service] [           main] JpaBaseConfiguration$JpaWebConfiguration : spring.jpa.open-in-view is enabled by default. Therefore, database queries may be performed during view rendering. Explicitly configure spring.jpa.open-in-view to disable this warning
2026-03-28T13:38:13.360-05:00  INFO 29071 --- [wallet-service] [           main] o.s.b.t.m.w.SpringBootMockServletContext : Initializing Spring TestDispatcherServlet ''
2026-03-28T13:38:13.360-05:00  INFO 29071 --- [wallet-service] [           main] o.s.t.web.servlet.TestDispatcherServlet  : Initializing Servlet ''
2026-03-28T13:38:13.361-05:00  INFO 29071 --- [wallet-service] [           main] o.s.b.a.e.web.EndpointLinksResolver      : Exposing 1 endpoint beneath base path '/actuator'
2026-03-28T13:38:13.362-05:00  INFO 29071 --- [wallet-service] [           main] o.s.t.web.servlet.TestDispatcherServlet  : Completed initialization in 2 ms
2026-03-28T13:38:13.365-05:00  INFO 29071 --- [wallet-service] [           main] .p.w.p.c.WalletControllerIntegrationTest : Started WalletControllerIntegrationTest in 0.131 seconds (process running for 6.47)
2026-03-28T13:38:13.378-05:00  INFO 29071 --- [wallet-service] [           main] j.LocalContainerEntityManagerFactoryBean : Closing JPA EntityManagerFactory for persistence unit 'default'
2026-03-28T13:38:13.379-05:00  INFO 29071 --- [wallet-service] [           main] com.zaxxer.hikari.HikariDataSource       : HikariPool-17 - Shutdown initiated...
2026-03-28T13:38:13.379-05:00  INFO 29071 --- [wallet-service] [           main] com.zaxxer.hikari.HikariDataSource       : HikariPool-17 - Shutdown completed.
]]></system-out>
  </testcase>
  <testcase name="getWallets_shouldReturnList" classname="com.personalfinance.walletservice.presentation.controller.WalletControllerIntegrationTest" time="0.017">
    <system-out><![CDATA[
  .   ____          _            __ _ _
 /\\ / ___'_ __ _ _(_)_ __  __ _ \ \ \ \
[...]
2026-03-28T13:38:13.665-05:00  INFO 29071 --- [wallet-service] [           main] com.zaxxer.hikari.HikariDataSource       : HikariPool-19 - Shutdown completed.
]]></system-out>
  </testcase>
  <testcase name="deleteWallet_shouldReturn204" classname="com.personalfinance.walletservice.presentation.controller.WalletControllerIntegrationTest" time="0.021">
    <system-out><![CDATA[
  .   ____          _            __ _ _
 /\\ / ___'_ __ _ _(_)_ __  __ _ \ \ \ \
( ( )\___ | '_ | '_| | '_ \/ _` | \ \ \ \
 \\/  ___)| |_)| | | | | || (_| |  ) ) ) )
  '  |____| .__|_| |_|_| |_\__, | / / / /
 =========|_|==============|___/=/_/_/_/

 :: Spring Boot ::                (v4.0.3)

2026-03-28T13:38:13.671-05:00  INFO 29071 --- [wallet-service] [           main] .p.w.p.c.WalletControllerIntegrationTest : Starting WalletControllerIntegrationTest using Java 21 with PID 29071 (started by davukx in /home/davukx/Documents/Projects/PersonalFinance/wallet-service)
2026-03-28T13:38:13.671-05:00  INFO 29071 --- [wallet-service] [           main] .p.w.p.c.WalletControllerIntegrationTest : No active profile set, falling back to 1 default profile: "default"
2026-03-28T13:38:13.706-05:00  INFO 29071 --- [wallet-service] [           main] .s.d.r.c.RepositoryConfigurationDelegate : Bootstrapping Spring Data JPA repositories in DEFAULT mode.
2026-03-28T13:38:13.709-05:00  INFO 29071 --- [wallet-service] [           main] .s.d.r.c.RepositoryConfigurationDelegate : Finished Spring Data repository scanning in 2 ms. Found 1 JPA repository interface.
2026-03-28T13:38:13.730-05:00  INFO 29071 --- [wallet-service] [           main] org.hibernate.orm.jpa                    : HHH008540: Processing PersistenceUnitInfo [name: default]
2026-03-28T13:38:13.737-05:00  INFO 29071 --- [wallet-service] [           main] o.s.o.j.p.SpringPersistenceUnitInfo      : No LoadTimeWeaver setup: ignoring JPA class transformer
2026-03-28T13:38:13.737-05:00  INFO 29071 --- [wallet-service] [           main] com.zaxxer.hikari.HikariDataSource       : HikariPool-20 - Starting...
2026-03-28T13:38:13.738-05:00  INFO 29071 --- [wallet-service] [           main] com.zaxxer.hikari.pool.HikariPool        : HikariPool-20 - Added connection conn44: url=jdbc:h2:mem:testdb user=SA
2026-03-28T13:38:13.738-05:00  INFO 29071 --- [wallet-service] [           main] com.zaxxer.hikari.HikariDataSource       : HikariPool-20 - Start completed.
2026-03-28T13:38:13.738-05:00  INFO 29071 --- [wallet-service] [           main] org.hibernate.orm.connections.pooling    : HHH10001005: Database info:
	Database JDBC URL [jdbc:h2:mem:testdb]
	Database driver: H2 JDBC Driver
	Database dialect: H2Dialect
	Database version: 2.4.240
	Default catalog/schema: TESTDB/PUBLIC
	Autocommit mode: undefined/unknown
	Isolation level: READ_COMMITTED [default READ_COMMITTED]
	JDBC fetch size: 100
	Pool: DataSourceConnectionProvider
	Minimum pool size: undefined/unknown
	Maximum pool size: undefined/unknown
2026-03-28T13:38:13.748-05:00  INFO 29071 --- [wallet-service] [           main] org.hibernate.orm.core                   : HHH000489: No JTA platform available (set 'hibernate.transaction.jta.platform' to enable JTA platform integration)
2026-03-28T13:38:13.749-05:00  INFO 29071 --- [wallet-service] [           main] j.LocalContainerEntityManagerFactoryBean : Initialized JPA EntityManagerFactory for persistence unit 'default'
2026-03-28T13:38:13.764-05:00  WARN 29071 --- [wallet-service] [           main] JpaBaseConfiguration$JpaWebConfiguration : spring.jpa.open-in-view is enabled by default. Therefore, database queries may be performed during view rendering. Explicitly configure spring.jpa.open-in-view to disable this warning
2026-03-28T13:38:13.801-05:00  INFO 29071 --- [wallet-service] [           main] o.s.b.t.m.w.SpringBootMockServletContext : Initializing Spring TestDispatcherServlet ''
2026-03-28T13:38:13.801-05:00  INFO 29071 --- [wallet-service] [           main] o.s.t.web.servlet.TestDispatcherServlet  : Initializing Servlet ''
2026-03-28T13:38:13.802-05:00  INFO 29071 --- [wallet-service] [           main] o.s.b.a.e.web.EndpointLinksResolver      : Exposing 1 endpoint beneath base path '/actuator'
2026-03-28T13:38:13.803-05:00  INFO 29071 --- [wallet-service] [           main] o.s.t.web.servlet.TestDispatcherServlet  : Completed initialization in 2 ms
2026-03-28T13:38:13.807-05:00  INFO 29071 --- [wallet-service] [           main] .p.w.p.c.WalletControllerIntegrationTest : Started WalletControllerIntegrationTest in 0.141 seconds (process running for 6.912)
2026-03-28T13:38:13.828-05:00  INFO 29071 --- [wallet-service] [           main] j.LocalContainerEntityManagerFactoryBean : Closing JPA EntityManagerFactory for persistence unit 'default'
2026-03-28T13:38:13.828-05:00  INFO 29071 --- [wallet-service] [           main] com.zaxxer.hikari.HikariDataSource       : HikariPool-20 - Shutdown initiated...
2026-03-28T13:38:13.828-05:00  INFO 29071 --- [wallet-service] [           main] com.zaxxer.hikari.HikariDataSource       : HikariPool-20 - Shutdown completed.
]]></system-out>
  </testcase>
  <testcase name="archive_shouldReturn409_whenAlreadyArchived" classname="com.personalfinance.walletservice.presentation.controller.WalletControllerIntegrationTest" time="0.016">
    <system-out><![CDATA[
  .   ____          _            __ _ _
 /\\ / ___'_ __ _ _(_)_ __  __ _ \ \ \ \
( ( )\___ | '_ | '_| | '_ \/ _` | \ \ \ \
 \\/  ___)| |_)| | | | | || (_| |  ) ) ) )
  '  |____| .__|_| |_|_| |_\__, | / / / /
 =========|_|==============|___/=/_/_/_/

 :: Spring Boot ::                (v4.0.3)

2026-03-28T13:38:13.835-05:00  INFO 29071 --- [wallet-service] [           main] .p.w.p.c.WalletControllerIntegrationTest : Starting WalletControllerIntegrationTest using Java 21 with PID 29071 (started by davukx in /home/davukx/Documents/Projects/PersonalFinance/wallet-service)
2026-03-28T13:38:13.835-05:00  INFO 29071 --- [wallet-service] [           main] .p.w.p.c.WalletControllerIntegrationTest : No active profile set, falling back to 1 default profile: "default"
2026-03-28T13:38:13.876-05:00  INFO 29071 --- [wallet-service] [           main] .s.d.r.c.RepositoryConfigurationDelegate : Bootstrapping Spring Data JPA repositories in DEFAULT mode.
2026-03-28T13:38:13.879-05:00  INFO 29071 --- [wallet-service] [           main] .s.d.r.c.RepositoryConfigurationDelegate : Finished Spring Data repository scanning in 2 ms. Found 1 JPA repository interface.
2026-03-28T13:38:13.902-05:00  INFO 29071 --- [wallet-service] [           main] org.hibernate.orm.jpa                    : HHH008540: Processing PersistenceUnitInfo [name: default]
2026-03-28T13:38:13.908-05:00  INFO 29071 --- [wallet-service] [           main] o.s.o.j.p.SpringPersistenceUnitInfo      : No LoadTimeWeaver setup: ignoring JPA class transformer
2026-03-28T13:38:13.909-05:00  INFO 29071 --- [wallet-service] [           main] com.zaxxer.hikari.HikariDataSource       : HikariPool-21 - Starting...
2026-03-28T13:38:13.909-05:00  INFO 29071 --- [wallet-service] [           main] com.zaxxer.hikari.pool.HikariPool        : HikariPool-21 - Added connection conn45: url=jdbc:h2:mem:testdb user=SA
2026-03-28T13:38:13.910-05:00  INFO 29071 --- [wallet-service] [           main] com.zaxxer.hikari.HikariDataSource       : HikariPool-21 - Start completed.
2026-03-28T13:38:13.910-05:00  INFO 29071 --- [wallet-service] [           main] org.hibernate.orm.connections.pooling    : HHH10001005: Database info:
	Database JDBC URL [jdbc:h2:mem:testdb]
	Database driver: H2 JDBC Driver
	Database dialect: H2Dialect
	Database version: 2.4.240
	Default catalog/schema: TESTDB/PUBLIC
	Autocommit mode: undefined/unknown
	Isolation level: READ_COMMITTED [default READ_COMMITTED]
	JDBC fetch size: 100
	Pool: DataSourceConnectionProvider
	Minimum pool size: undefined/unknown
	Maximum pool size: undefined/unknown
2026-03-28T13:38:13.922-05:00  INFO 29071 --- [wallet-service] [           main] org.hibernate.orm.core                   : HHH000489: No JTA platform available (set 'hibernate.transaction.jta.platform' to enable JTA platform integration)
2026-03-28T13:38:13.923-05:00  INFO 29071 --- [wallet-service] [           main] j.LocalContainerEntityManagerFactoryBean : Initialized JPA EntityManagerFactory for persistence unit 'default'
2026-03-28T13:38:13.935-05:00  WARN 29071 --- [wallet-service] [           main] JpaBaseConfiguration$JpaWebConfiguration : spring.jpa.open-in-view is enabled by default. Therefore, database queries may be performed during view rendering. Explicitly configure spring.jpa.open-in-view to disable this warning
2026-03-28T13:38:13.969-05:00  INFO 29071 --- [wallet-service] [           main] o.s.b.t.m.w.SpringBootMockServletContext : Initializing Spring TestDispatcherServlet ''
2026-03-28T13:38:13.969-05:00  INFO 29071 --- [wallet-service] [           main] o.s.t.web.servlet.TestDispatcherServlet  : Initializing Servlet ''
2026-03-28T13:38:13.970-05:00  INFO 29071 --- [wallet-service] [           main] o.s.b.a.e.web.EndpointLinksResolver      : Exposing 1 endpoint beneath base path '/actuator'
2026-03-28T13:38:13.972-05:00  INFO 29071 --- [wallet-service] [           main] o.s.t.web.servlet.TestDispatcherServlet  : Completed initialization in 3 ms
2026-03-28T13:38:13.976-05:00  INFO 29071 --- [wallet-service] [           main] .p.w.p.c.WalletControllerIntegrationTest : Started WalletControllerIntegrationTest in 0.146 seconds (process running for 7.081)
2026-03-28T13:38:13.992-05:00  INFO 29071 --- [wallet-service] [           main] j.LocalContainerEntityManagerFactoryBean : Closing JPA EntityManagerFactory for persistence unit 'default'
2026-03-28T13:38:13.993-05:00  INFO 29071 --- [wallet-service] [           main] com.zaxxer.hikari.HikariDataSource       : HikariPool-21 - Shutdown initiated...
2026-03-28T13:38:13.993-05:00  INFO 29071 --- [wallet-service] [           main] com.zaxxer.hikari.HikariDataSource       : HikariPool-21 - Shutdown completed.
]]></system-out>
  </testcase>
  <testcase name="setSpendingLimit_shouldReturn400_whenAmountIsZero" classname="com.personalfinance.walletservice.presentation.controller.WalletControllerIntegrationTest" time="0.015">
    <system-out><![CDATA[
  .   ____          _            __ _ _
 /\\ / ___'_ __ _ _(_)_ __  __ _ \ \ \ \
( ( )\___ | '_ | '_| | '_ \/ _` | \ \ \ \
 \\/  ___)| |_)| | | | | || (_| |  ) ) ) )
  '  |____| .__|_| |_|_| |_\__, | / / / /
 =========|_|==============|___/=/_/_/_/

 :: Spring Boot ::                (v4.0.3)

2026-03-28T13:38:13.999-05:00  INFO 29071 --- [wallet-service] [           main] .p.w.p.c.WalletControllerIntegrationTest : Starting WalletControllerIntegrationTest using Java 21 with PID 29071 (started by davukx in /home/davukx/Documents/Projects/PersonalFinance/wallet-service)
2026-03-28T13:38:13.999-05:00  INFO 29071 --- [wallet-service] [           main] .p.w.p.c.WalletControllerIntegrationTest : No active profile set, falling back to 1 default profile: "default"
2026-03-28T13:38:14.043-05:00  INFO 29071 --- [wallet-service] [           main] .s.d.r.c.RepositoryConfigurationDelegate : Bootstrapping Spring Data JPA repositories in DEFAULT mode.
2026-03-28T13:38:14.058-05:00  INFO 29071 --- [wallet-service] [           main] .s.d.r.c.RepositoryConfigurationDelegate : Finished Spring Data repository scanning in 4 ms. Found 1 JPA repository interface.
2026-03-28T13:38:14.079-05:00  INFO 29071 --- [wallet-service] [           main] org.hibernate.orm.jpa                    : HHH008540: Processing PersistenceUnitInfo [name: default]
2026-03-28T13:38:14.086-05:00  INFO 29071 --- [wallet-service] [           main] o.s.o.j.p.SpringPersistenceUnitInfo      : No LoadTimeWeaver setup: ignoring JPA class transformer
2026-03-28T13:38:14.086-05:00  INFO 29071 --- [wallet-service] [           main] com.zaxxer.hikari.HikariDataSource       : HikariPool-22 - Starting...
2026-03-28T13:38:14.087-05:00  INFO 29071 --- [wallet-service] [           main] com.zaxxer.hikari.pool.HikariPool        : HikariPool-22 - Added connection conn46: url=jdbc:h2:mem:testdb user=SA
2026-03-28T13:38:14.087-05:00  INFO 29071 --- [wallet-service] [           main] com.zaxxer.hikari.HikariDataSource       : HikariPool-22 - Start completed.
2026-03-28T13:38:14.087-05:00  INFO 29071 --- [wallet-service] [           main] org.hibernate.orm.connections.pooling    : HHH10001005: Database info:
	Database JDBC URL [jdbc:h2:mem:testdb]
	Database driver: H2 JDBC Driver
	Database dialect: H2Dialect
	Database version: 2.4.240
	Default catalog/schema: TESTDB/PUBLIC
	Autocommit mode: undefined/unknown
	Isolation level: READ_COMMITTED [default READ_COMMITTED]
	JDBC fetch size: 100
	Pool: DataSourceConnectionProvider
	Minimum pool size: undefined/unknown
	Maximum pool size: undefined/unknown
2026-03-28T13:38:14.097-05:00  INFO 29071 --- [wallet-service] [           main] org.hibernate.orm.core                   : HHH000489: No JTA platform available (set 'hibernate.transaction.jta.platform' to enable JTA platform integration)
2026-03-28T13:38:14.099-05:00  INFO 29071 --- [wallet-service] [           main] j.LocalContainerEntityManagerFactoryBean : Initialized JPA EntityManagerFactory for persistence unit 'default'
2026-03-28T13:38:14.113-05:00  WARN 29071 --- [wallet-service] [           main] JpaBaseConfiguration$JpaWebConfiguration : spring.jpa.open-in-view is enabled by default. Therefore, database queries may be performed during view rendering. Explicitly configure spring.jpa.open-in-view to disable this warning
2026-03-28T13:38:14.147-05:00  INFO 29071 --- [wallet-service] [           main] o.s.b.t.m.w.SpringBootMockServletContext : Initializing Spring TestDispatcherServlet ''
2026-03-28T13:38:14.147-05:00  INFO 29071 --- [wallet-service] [           main] o.s.t.web.servlet.TestDispatcherServlet  : Initializing Servlet ''
2026-03-28T13:38:14.148-05:00  INFO 29071 --- [wallet-service] [           main] o.s.b.a.e.web.EndpointLinksResolver      : Exposing 1 endpoint beneath base path '/actuator'
2026-03-28T13:38:14.149-05:00  INFO 29071 --- [wallet-service] [           main] o.s.t.web.servlet.TestDispatcherServlet  : Completed initialization in 2 ms
2026-03-28T13:38:14.153-05:00  INFO 29071 --- [wallet-service] [           main] .p.w.p.c.WalletControllerIntegrationTest : Started WalletControllerIntegrationTest in 0.159 seconds (process running for 7.257)
2026-03-28T13:38:14.167-05:00  INFO 29071 --- [wallet-service] [           main] j.LocalContainerEntityManagerFactoryBean : Closing JPA EntityManagerFactory for persistence unit 'default'
2026-03-28T13:38:14.167-05:00  INFO 29071 --- [wallet-service] [           main] com.zaxxer.hikari.HikariDataSource       : HikariPool-22 - Shutdown initiated...
2026-03-28T13:38:14.168-05:00  INFO 29071 --- [wallet-service] [           main] com.zaxxer.hikari.HikariDataSource       : HikariPool-22 - Shutdown completed.
]]></system-out>
  </testcase>
  <testcase name="updateWallet_shouldReturnUpdatedWallet" classname="com.personalfinance.walletservice.presentation.controller.WalletControllerIntegrationTest" time="0.014">
    <system-out><![CDATA[
  .   ____          _            __ _ _
 /\\ / ___'_ __ _ _(_)_ __  __ _ \ \ \ \
( ( )\___ | '_ | '_| | '_ \/ _` | \ \ \ \
 \\/  ___)| |_)| | | | | || (_| |  ) ) ) )
  '  |____| .__|_| |_|_| |_\__, | / / / /
 =========|_|==============|___/=/_/_/_/

 :: Spring Boot ::                (v4.0.3)

2026-03-28T13:38:14.173-05:00  INFO 29071 --- [wallet-service] [           main] .p.w.p.c.WalletControllerIntegrationTest : Starting WalletControllerIntegrationTest using Java 21 with PID 29071 (started by davukx in /home/davukx/Documents/Projects/PersonalFinance/wallet-service)
2026-03-28T13:38:14.174-05:00  INFO 29071 --- [wallet-service] [           main] .p.w.p.c.WalletControllerIntegrationTest : No active profile set, falling back to 1 default profile: "default"
2026-03-28T13:38:14.207-05:00  INFO 29071 --- [wallet-service] [           main] .s.d.r.c.RepositoryConfigurationDelegate : Bootstrapping Spring Data JPA repositories in DEFAULT mode.
2026-03-28T13:38:14.209-05:00  INFO 29071 --- [wallet-service] [           main] .s.d.r.c.RepositoryConfigurationDelegate : Finished Spring Data repository scanning in 2 ms. Found 1 JPA repository interface.
2026-03-28T13:38:14.229-05:00  INFO 29071 --- [wallet-service] [           main] org.hibernate.orm.jpa                    : HHH008540: Processing PersistenceUnitInfo [name: default]
2026-03-28T13:38:14.235-05:00  INFO 29071 --- [wallet-service] [           main] o.s.o.j.p.SpringPersistenceUnitInfo      : No LoadTimeWeaver setup: ignoring JPA class transformer
2026-03-28T13:38:14.235-05:00  INFO 29071 --- [wallet-service] [           main] com.zaxxer.hikari.HikariDataSource       : HikariPool-23 - Starting...
2026-03-28T13:38:14.236-05:00  INFO 29071 --- [wallet-service] [           main] com.zaxxer.hikari.pool.HikariPool        : HikariPool-23 - Added connection conn47: url=jdbc:h2:mem:testdb user=SA
2026-03-28T13:38:14.236-05:00  INFO 29071 --- [wallet-service] [           main] com.zaxxer.hikari.HikariDataSource       : HikariPool-23 - Start completed.
2026-03-28T13:38:14.236-05:00  INFO 29071 --- [wallet-service] [           main] org.hibernate.orm.connections.pooling    : HHH10001005: Database info:
	Database JDBC URL [jdbc:h2:mem:testdb]
	Database driver: H2 JDBC Driver
	Database dialect: H2Dialect
	Database version: 2.4.240
	Default catalog/schema: TESTDB/PUBLIC
	Autocommit mode: undefined/unknown
	Isolation level: READ_COMMITTED [default READ_COMMITTED]
	JDBC fetch size: 100
	Pool: DataSourceConnectionProvider
	Minimum pool size: undefined/unknown
	Maximum pool size: undefined/unknown
2026-03-28T13:38:14.245-05:00  INFO 29071 --- [wallet-service] [           main] org.hibernate.orm.core                   : HHH000489: No JTA platform available (set 'hibernate.transaction.jta.platform' to enable JTA platform integration)
2026-03-28T13:38:14.247-05:00  INFO 29071 --- [wallet-service] [           main] j.LocalContainerEntityManagerFactoryBean : Initialized JPA EntityManagerFactory for persistence unit 'default'
2026-03-28T13:38:14.257-05:00  WARN 29071 --- [wallet-service] [           main] JpaBaseConfiguration$JpaWebConfiguration : spring.jpa.open-in-view is enabled by default. Therefore, database queries may be performed during view rendering. Explicitly configure spring.jpa.open-in-view to disable this warning
2026-03-28T13:38:14.289-05:00  INFO 29071 --- [wallet-service] [           main] o.s.b.t.m.w.SpringBootMockServletContext : Initializing Spring TestDispatcherServlet ''
2026-03-28T13:38:14.289-05:00  INFO 29071 --- [wallet-service] [           main] o.s.t.web.servlet.TestDispatcherServlet  : Initializing Servlet ''
2026-03-28T13:38:14.289-05:00  INFO 29071 --- [wallet-service] [           main] o.s.b.a.e.web.EndpointLinksResolver      : Exposing 1 endpoint beneath base path '/actuator'
2026-03-28T13:38:14.291-05:00  INFO 29071 --- [wallet-service] [           main] o.s.t.web.servlet.TestDispatcherServlet  : Completed initialization in 2 ms
2026-03-28T13:38:14.294-05:00  INFO 29071 --- [wallet-service] [           main] .p.w.p.c.WalletControllerIntegrationTest : Started WalletControllerIntegrationTest in 0.125 seconds (process running for 7.399)
2026-03-28T13:38:14.308-05:00  INFO 29071 --- [wallet-service] [           main] j.LocalContainerEntityManagerFactoryBean : Closing JPA EntityManagerFactory for persistence unit 'default'
2026-03-28T13:38:14.309-05:00  INFO 29071 --- [wallet-service] [           main] com.zaxxer.hikari.HikariDataSource       : HikariPool-23 - Shutdown initiated...
2026-03-28T13:38:14.309-05:00  INFO 29071 --- [wallet-service] [           main] com.zaxxer.hikari.HikariDataSource       : HikariPool-23 - Shutdown completed.
]]></system-out>
  </testcase>
</testsuite>